[2022-06-03T08:33:27.357Z] Validating found git in: git
[2022-06-03T08:33:27.555Z] Using git 2.17.1 from git
[2022-06-03T08:33:27.647Z] > git rev-parse --show-toplevel [70ms]
[2022-06-03T08:33:27.768Z] > git rev-parse --git-dir --git-common-dir [66ms]
[2022-06-03T08:33:27.790Z] Open repository: /var/www/html/ryan/sample
[2022-06-03T08:33:27.959Z] > git status -z -uall [114ms]
[2022-06-03T08:33:28.104Z] > git symbolic-ref --short HEAD [55ms]
[2022-06-03T08:33:28.331Z] > git for-each-ref --format=%(refname)%00%(upstream:short)%00%(objectname)%00%(upstream:track)%00%(upstream:remotename)%00%(upstream:remoteref) refs/heads/master refs/remotes/master [162ms]
[2022-06-03T08:33:28.443Z] > git for-each-ref --sort -committerdate --format %(refname) %(objectname) %(*objectname) [81ms]
[2022-06-03T08:33:28.467Z] > git remote --verbose [51ms]
[2022-06-03T08:33:28.711Z] > git config --get commit.template [121ms]
[2022-06-03T08:33:29.091Z] > git fetch [1280ms]
[2022-06-03T08:33:29.131Z] > git status -z -uall [25ms]
[2022-06-03T08:33:29.169Z] > git symbolic-ref --short HEAD [28ms]
[2022-06-03T08:33:29.188Z] > git for-each-ref --format=%(refname)%00%(upstream:short)%00%(objectname)%00%(upstream:track)%00%(upstream:remotename)%00%(upstream:remoteref) refs/heads/master refs/remotes/master [12ms]
[2022-06-03T08:33:29.215Z] > git for-each-ref --sort -committerdate --format %(refname) %(objectname) %(*objectname) [19ms]
[2022-06-03T08:33:29.220Z] > git remote --verbose [13ms]
[2022-06-03T08:33:29.248Z] > git config --get commit.template [14ms]
[2022-06-03T08:33:29.421Z] > git show --textconv :.env [51ms]
[2022-06-03T08:33:29.421Z] > git ls-files --stage -- /var/www/html/ryan/sample/.env [41ms]
[2022-06-03T08:33:29.682Z] > git check-ignore -v -z --stdin [7ms]
[2022-06-03T08:33:30.236Z] > git check-ignore -v -z --stdin [4ms]
[2022-06-03T08:33:30.331Z] > git status -z -uall [9ms]
[2022-06-03T08:33:30.346Z] > git symbolic-ref --short HEAD [8ms]
[2022-06-03T08:33:30.359Z] > git for-each-ref --format=%(refname)%00%(upstream:short)%00%(objectname)%00%(upstream:track)%00%(upstream:remotename)%00%(upstream:remoteref) refs/heads/master refs/remotes/master [5ms]
[2022-06-03T08:33:30.378Z] > git for-each-ref --sort -committerdate --format %(refname) %(objectname) %(*objectname) [10ms]
[2022-06-03T08:33:30.384Z] > git remote --verbose [7ms]
[2022-06-03T08:33:30.399Z] > git config --get commit.template [5ms]
[2022-06-03T08:33:30.468Z] > git ls-files --stage -- /var/www/html/ryan/sample/.env [7ms]
[2022-06-03T08:33:30.537Z] > git show --textconv :.env [16ms]
[2022-06-03T08:33:33.854Z] > git check-ignore -v -z --stdin [2ms]
[2022-06-03T08:33:36.110Z] > git check-ignore -v -z --stdin [2ms]
[2022-06-03T08:33:36.787Z] > git show --textconv :resources/views/layouts/app.blade.php [51ms]
[2022-06-03T08:33:36.805Z] > git ls-files --stage -- /var/www/html/ryan/sample/resources/views/layouts/app.blade.php [19ms]
[2022-06-03T08:33:36.845Z] > git cat-file -s 8a2077dace1217262b88e2e840569389e11f6e07 [23ms]
[2022-06-03T08:36:39.928Z] > git fetch [490ms]
[2022-06-03T08:36:39.962Z] > git status -z -uall [22ms]
[2022-06-03T08:36:39.979Z] > git symbolic-ref --short HEAD [2ms]
[2022-06-03T08:36:39.998Z] > git for-each-ref --format=%(refname)%00%(upstream:short)%00%(objectname)%00%(upstream:track)%00%(upstream:remotename)%00%(upstream:remoteref) refs/heads/master refs/remotes/master [7ms]
[2022-06-03T08:36:40.022Z] > git for-each-ref --sort -committerdate --format %(refname) %(objectname) %(*objectname) [14ms]
[2022-06-03T08:36:40.029Z] > git remote --verbose [9ms]
[2022-06-03T08:36:40.050Z] > git config --get commit.template [8ms]
[2022-06-03T08:36:41.188Z] > git ls-files --stage -- /var/www/html/ryan/sample/resources/views/layouts/app.blade.php [4ms]
[2022-06-03T08:36:41.200Z] > git cat-file -s 8a2077dace1217262b88e2e840569389e11f6e07 [3ms]
[2022-06-03T08:36:41.255Z] > git show --textconv :resources/views/layouts/app.blade.php [3ms]
[2022-06-03T08:36:43.118Z] > git check-ignore -v -z --stdin [2ms]
[2022-06-03T08:36:58.744Z] > git check-ignore -v -z --stdin [4ms]
[2022-06-03T08:36:59.196Z] > git status -z -uall [8ms]
[2022-06-03T08:36:59.213Z] > git symbolic-ref --short HEAD [6ms]
[2022-06-03T08:36:59.227Z] > git for-each-ref --format=%(refname)%00%(upstream:short)%00%(objectname)%00%(upstream:track)%00%(upstream:remotename)%00%(upstream:remoteref) refs/heads/master refs/remotes/master [5ms]
[2022-06-03T08:36:59.249Z] > git for-each-ref --sort -committerdate --format %(refname) %(objectname) %(*objectname) [15ms]
[2022-06-03T08:36:59.252Z] > git remote --verbose [4ms]
[2022-06-03T08:36:59.278Z] > git config --get commit.template [10ms]
[2022-06-03T08:39:40.487Z] > git fetch [426ms]
[2022-06-03T08:39:40.504Z] > git status -z -uall [8ms]
[2022-06-03T08:39:40.521Z] > git symbolic-ref --short HEAD [7ms]
[2022-06-03T08:39:40.538Z] > git for-each-ref --format=%(refname)%00%(upstream:short)%00%(objectname)%00%(upstream:track)%00%(upstream:remotename)%00%(upstream:remoteref) refs/heads/master refs/remotes/master [7ms]
[2022-06-03T08:39:40.557Z] > git for-each-ref --sort -committerdate --format %(refname) %(objectname) %(*objectname) [11ms]
[2022-06-03T08:39:40.565Z] > git remote --verbose [12ms]
[2022-06-03T08:39:40.581Z] > git config --get commit.template [6ms]
[2022-06-03T08:39:41.716Z] > git ls-files --stage -- /var/www/html/ryan/sample/resources/views/layouts/app.blade.php [6ms]
[2022-06-03T08:39:41.727Z] > git cat-file -s 8a2077dace1217262b88e2e840569389e11f6e07 [2ms]
[2022-06-03T08:39:41.784Z] > git show --textconv :resources/views/layouts/app.blade.php [7ms]
[2022-06-03T08:39:48.113Z] > git status -z -uall [9ms]
[2022-06-03T08:39:48.128Z] > git symbolic-ref --short HEAD [8ms]
[2022-06-03T08:39:48.144Z] > git for-each-ref --format=%(refname)%00%(upstream:short)%00%(objectname)%00%(upstream:track)%00%(upstream:remotename)%00%(upstream:remoteref) refs/heads/master refs/remotes/master [6ms]
[2022-06-03T08:39:48.168Z] > git for-each-ref --sort -committerdate --format %(refname) %(objectname) %(*objectname) [15ms]
[2022-06-03T08:39:48.170Z] > git remote --verbose [6ms]
[2022-06-03T08:39:48.192Z] > git config --get commit.template [6ms]
[2022-06-03T08:41:31.254Z] > git status -z -uall [8ms]
[2022-06-03T08:41:31.270Z] > git symbolic-ref --short HEAD [7ms]
[2022-06-03T08:41:31.286Z] > git for-each-ref --format=%(refname)%00%(upstream:short)%00%(objectname)%00%(upstream:track)%00%(upstream:remotename)%00%(upstream:remoteref) refs/heads/master refs/remotes/master [6ms]
[2022-06-03T08:41:31.309Z] > git for-each-ref --sort -committerdate --format %(refname) %(objectname) %(*objectname) [14ms]
[2022-06-03T08:41:31.311Z] > git remote --verbose [7ms]
[2022-06-03T08:41:31.331Z] > git config --get commit.template [1ms]
[2022-06-03T08:41:36.349Z] > git status -z -uall [7ms]
[2022-06-03T08:41:36.359Z] > git symbolic-ref --short HEAD [2ms]
[2022-06-03T08:41:36.370Z] > git for-each-ref --format=%(refname)%00%(upstream:short)%00%(objectname)%00%(upstream:track)%00%(upstream:remotename)%00%(upstream:remoteref) refs/heads/master refs/remotes/master [2ms]
[2022-06-03T08:41:36.388Z] > git for-each-ref --sort -committerdate --format %(refname) %(objectname) %(*objectname) [10ms]
[2022-06-03T08:41:36.391Z] > git remote --verbose [4ms]
[2022-06-03T08:41:36.412Z] > git config --get commit.template [6ms]
[2022-06-03T08:41:40.451Z] > git check-ignore -v -z --stdin [2ms]
[2022-06-03T08:41:41.738Z] > git show --textconv :resources/views/branch/newbranch.blade.php [14ms]
[2022-06-03T08:41:41.746Z] > git ls-files --stage -- /var/www/html/ryan/sample/resources/views/branch/newbranch.blade.php [12ms]
[2022-06-03T08:41:41.760Z] > git cat-file -s 1c36cd5cfab6341aef8a8d6b7683803074a0043d [6ms]
[2022-06-03T08:42:25.984Z] > git status -z -uall [7ms]
[2022-06-03T08:42:26.000Z] > git symbolic-ref --short HEAD [6ms]
[2022-06-03T08:42:26.011Z] > git for-each-ref --format=%(refname)%00%(upstream:short)%00%(objectname)%00%(upstream:track)%00%(upstream:remotename)%00%(upstream:remoteref) refs/heads/master refs/remotes/master [2ms]
[2022-06-03T08:42:26.032Z] > git for-each-ref --sort -committerdate --format %(refname) %(objectname) %(*objectname) [13ms]
[2022-06-03T08:42:26.035Z] > git remote --verbose [5ms]
[2022-06-03T08:42:26.056Z] > git config --get commit.template [6ms]
[2022-06-03T08:42:55.220Z] > git status -z -uall [38ms]
[2022-06-03T08:42:55.260Z] > git symbolic-ref --short HEAD [24ms]
[2022-06-03T08:42:55.292Z] > git for-each-ref --format=%(refname)%00%(upstream:short)%00%(objectname)%00%(upstream:track)%00%(upstream:remotename)%00%(upstream:remoteref) refs/heads/master refs/remotes/master [16ms]
[2022-06-03T08:42:55.338Z] > git for-each-ref --sort -committerdate --format %(refname) %(objectname) %(*objectname) [17ms]
[2022-06-03T08:42:55.354Z] > git remote --verbose [17ms]
[2022-06-03T08:42:55.386Z] > git config --get commit.template [10ms]
[2022-06-03T08:42:55.715Z] > git fetch [553ms]
[2022-06-03T08:42:55.740Z] > git status -z -uall [14ms]
[2022-06-03T08:42:55.751Z] > git symbolic-ref --short HEAD [2ms]
[2022-06-03T08:42:55.769Z] > git for-each-ref --format=%(refname)%00%(upstream:short)%00%(objectname)%00%(upstream:track)%00%(upstream:remotename)%00%(upstream:remoteref) refs/heads/master refs/remotes/master [6ms]
[2022-06-03T08:42:55.797Z] > git for-each-ref --sort -committerdate --format %(refname) %(objectname) %(*objectname) [18ms]
[2022-06-03T08:42:55.804Z] > git remote --verbose [13ms]
[2022-06-03T08:42:55.819Z] > git config --get commit.template [4ms]
[2022-06-03T08:42:56.952Z] > git ls-files --stage -- /var/www/html/ryan/sample/resources/views/branch/newbranch.blade.php [7ms]
[2022-06-03T08:42:56.963Z] > git cat-file -s 1c36cd5cfab6341aef8a8d6b7683803074a0043d [2ms]
[2022-06-03T08:42:57.019Z] > git show --textconv :resources/views/branch/newbranch.blade.php [3ms]
[2022-06-03T08:43:00.407Z] > git status -z -uall [10ms]
[2022-06-03T08:43:00.428Z] > git symbolic-ref --short HEAD [8ms]
[2022-06-03T08:43:00.442Z] > git for-each-ref --format=%(refname)%00%(upstream:short)%00%(objectname)%00%(upstream:track)%00%(upstream:remotename)%00%(upstream:remoteref) refs/heads/master refs/remotes/master [2ms]
[2022-06-03T08:43:00.467Z] > git for-each-ref --sort -committerdate --format %(refname) %(objectname) %(*objectname) [14ms]
[2022-06-03T08:43:00.478Z] > git remote --verbose [12ms]
[2022-06-03T08:43:00.520Z] > git config --get commit.template [7ms]
[2022-06-03T08:43:32.468Z] > git status -z -uall [5ms]
[2022-06-03T08:43:32.484Z] > git symbolic-ref --short HEAD [6ms]
[2022-06-03T08:43:32.501Z] > git for-each-ref --format=%(refname)%00%(upstream:short)%00%(objectname)%00%(upstream:track)%00%(upstream:remotename)%00%(upstream:remoteref) refs/heads/master refs/remotes/master [7ms]
[2022-06-03T08:43:32.524Z] > git for-each-ref --sort -committerdate --format %(refname) %(objectname) %(*objectname) [16ms]
[2022-06-03T08:43:32.526Z] > git remote --verbose [7ms]
[2022-06-03T08:43:32.542Z] > git config --get commit.template [2ms]
[2022-06-03T08:43:32.945Z] > git show --textconv :resources/views/layouts/app.blade.php [16ms]
[2022-06-03T08:43:32.952Z] > git ls-files --stage -- /var/www/html/ryan/sample/resources/views/layouts/app.blade.php [8ms]
[2022-06-03T08:43:32.962Z] > git cat-file -s 8a2077dace1217262b88e2e840569389e11f6e07 [2ms]
[2022-06-03T08:43:37.561Z] > git status -z -uall [9ms]
[2022-06-03T08:43:37.576Z] > git symbolic-ref --short HEAD [6ms]
[2022-06-03T08:43:37.586Z] > git for-each-ref --format=%(refname)%00%(upstream:short)%00%(objectname)%00%(upstream:track)%00%(upstream:remotename)%00%(upstream:remoteref) refs/heads/master refs/remotes/master [2ms]
[2022-06-03T08:43:37.641Z] > git for-each-ref --sort -committerdate --format %(refname) %(objectname) %(*objectname) [26ms]
[2022-06-03T08:43:37.645Z] > git remote --verbose [7ms]
[2022-06-03T08:43:37.670Z] > git config --get commit.template [2ms]
[2022-06-03T08:44:09.333Z] > git status -z -uall [10ms]
[2022-06-03T08:44:09.349Z] > git symbolic-ref --short HEAD [6ms]
[2022-06-03T08:44:09.365Z] > git for-each-ref --format=%(refname)%00%(upstream:short)%00%(objectname)%00%(upstream:track)%00%(upstream:remotename)%00%(upstream:remoteref) refs/heads/master refs/remotes/master [6ms]
[2022-06-03T08:44:09.390Z] > git for-each-ref --sort -committerdate --format %(refname) %(objectname) %(*objectname) [15ms]
[2022-06-03T08:44:09.398Z] > git remote --verbose [9ms]
[2022-06-03T08:44:09.420Z] > git config --get commit.template [6ms]
[2022-06-03T08:44:49.192Z] > git status -z -uall [10ms]
[2022-06-03T08:44:49.212Z] > git symbolic-ref --short HEAD [6ms]
[2022-06-03T08:44:49.223Z] > git for-each-ref --format=%(refname)%00%(upstream:short)%00%(objectname)%00%(upstream:track)%00%(upstream:remotename)%00%(upstream:remoteref) refs/heads/master refs/remotes/master [2ms]
[2022-06-03T08:44:49.247Z] > git for-each-ref --sort -committerdate --format %(refname) %(objectname) %(*objectname) [11ms]
[2022-06-03T08:44:49.253Z] > git remote --verbose [7ms]
[2022-06-03T08:44:49.271Z] > git config --get commit.template [8ms]
[2022-06-03T08:44:49.421Z] > git show --textconv :resources/views/branch/newbranch.blade.php [23ms]
[2022-06-03T08:44:49.423Z] > git ls-files --stage -- /var/www/html/ryan/sample/resources/views/branch/newbranch.blade.php [9ms]
[2022-06-03T08:44:49.448Z] > git cat-file -s 1c36cd5cfab6341aef8a8d6b7683803074a0043d [11ms]
[2022-06-03T08:44:54.289Z] > git status -z -uall [7ms]
[2022-06-03T08:44:54.306Z] > git symbolic-ref --short HEAD [7ms]
[2022-06-03T08:44:54.321Z] > git for-each-ref --format=%(refname)%00%(upstream:short)%00%(objectname)%00%(upstream:track)%00%(upstream:remotename)%00%(upstream:remoteref) refs/heads/master refs/remotes/master [7ms]
[2022-06-03T08:44:54.342Z] > git for-each-ref --sort -committerdate --format %(refname) %(objectname) %(*objectname) [13ms]
[2022-06-03T08:44:54.349Z] > git remote --verbose [10ms]
[2022-06-03T08:44:54.366Z] > git config --get commit.template [6ms]
[2022-06-03T08:47:31.675Z] > git status -z -uall [9ms]
[2022-06-03T08:47:31.691Z] > git symbolic-ref --short HEAD [3ms]
[2022-06-03T08:47:31.716Z] > git for-each-ref --format=%(refname)%00%(upstream:short)%00%(objectname)%00%(upstream:track)%00%(upstream:remotename)%00%(upstream:remoteref) refs/heads/master refs/remotes/master [14ms]
[2022-06-03T08:47:31.761Z] > git for-each-ref --sort -committerdate --format %(refname) %(objectname) %(*objectname) [30ms]
[2022-06-03T08:47:31.959Z] > git remote --verbose [199ms]
[2022-06-03T08:47:32.018Z] > git config --get commit.template [16ms]
[2022-06-03T08:47:33.282Z] > git fetch [1628ms]
[2022-06-03T08:47:33.458Z] > git status -z -uall [129ms]
[2022-06-03T08:47:33.497Z] > git show --textconv :public/js/employee.js [108ms]
[2022-06-03T08:47:33.497Z] > git ls-files --stage -- /var/www/html/ryan/sample/public/js/employee.js [67ms]
[2022-06-03T08:47:33.531Z] > git cat-file -s 97ef9555baa41c99ef243cf233cfae44d8dd74b5 [17ms]
[2022-06-03T08:47:33.534Z] > git symbolic-ref --short HEAD [38ms]
[2022-06-03T08:47:33.628Z] > git for-each-ref --format=%(refname)%00%(upstream:short)%00%(objectname)%00%(upstream:track)%00%(upstream:remotename)%00%(upstream:remoteref) refs/heads/master refs/remotes/master [70ms]
[2022-06-03T08:47:33.690Z] > git for-each-ref --sort -committerdate --format %(refname) %(objectname) %(*objectname) [34ms]
[2022-06-03T08:47:33.710Z] > git remote --verbose [43ms]
[2022-06-03T08:47:33.922Z] > git config --get commit.template [86ms]
[2022-06-03T08:47:34.124Z] > git check-ignore -v -z --stdin [7ms]
[2022-06-03T08:47:34.756Z] > git ls-files --stage -- /var/www/html/ryan/sample/public/js/employee.js [22ms]
[2022-06-03T08:47:34.866Z] > git cat-file -s 97ef9555baa41c99ef243cf233cfae44d8dd74b5 [92ms]
[2022-06-03T08:47:35.024Z] > git show --textconv :public/js/employee.js [52ms]
[2022-06-03T08:47:35.097Z] > git show --textconv :resources/views/layouts/app.blade.php [51ms]
[2022-06-03T08:47:35.112Z] > git ls-files --stage -- /var/www/html/ryan/sample/resources/views/layouts/app.blade.php [30ms]
[2022-06-03T08:47:35.184Z] > git cat-file -s 8a2077dace1217262b88e2e840569389e11f6e07 [31ms]
[2022-06-03T08:47:37.238Z] > git status -z -uall [161ms]
[2022-06-03T08:47:37.364Z] > git symbolic-ref --short HEAD [83ms]
[2022-06-03T08:47:37.460Z] > git for-each-ref --format=%(refname)%00%(upstream:short)%00%(objectname)%00%(upstream:track)%00%(upstream:remotename)%00%(upstream:remoteref) refs/heads/master refs/remotes/master [50ms]
[2022-06-03T08:47:37.529Z] > git for-each-ref --sort -committerdate --format %(refname) %(objectname) %(*objectname) [49ms]
[2022-06-03T08:47:37.532Z] > git remote --verbose [15ms]
[2022-06-03T08:47:37.625Z] > git config --get commit.template [24ms]
[2022-06-03T08:49:20.980Z] > git status -z -uall [38ms]
[2022-06-03T08:49:21.005Z] > git symbolic-ref --short HEAD [7ms]
[2022-06-03T08:49:21.026Z] > git for-each-ref --format=%(refname)%00%(upstream:short)%00%(objectname)%00%(upstream:track)%00%(upstream:remotename)%00%(upstream:remoteref) refs/heads/master refs/remotes/master [10ms]
[2022-06-03T08:49:21.064Z] > git remote --verbose [13ms]
[2022-06-03T08:49:21.068Z] > git for-each-ref --sort -committerdate --format %(refname) %(objectname) %(*objectname) [32ms]
[2022-06-03T08:49:21.099Z] > git config --get commit.template [2ms]
[2022-06-03T08:49:26.120Z] > git status -z -uall [8ms]
[2022-06-03T08:49:26.131Z] > git symbolic-ref --short HEAD [2ms]
[2022-06-03T08:49:26.146Z] > git for-each-ref --format=%(refname)%00%(upstream:short)%00%(objectname)%00%(upstream:track)%00%(upstream:remotename)%00%(upstream:remoteref) refs/heads/master refs/remotes/master [2ms]
[2022-06-03T08:49:26.169Z] > git for-each-ref --sort -committerdate --format %(refname) %(objectname) %(*objectname) [14ms]
[2022-06-03T08:49:26.171Z] > git remote --verbose [3ms]
[2022-06-03T08:49:26.187Z] > git config --get commit.template [2ms]
[2022-06-03T08:50:34.528Z] > git fetch [576ms]
[2022-06-03T08:50:34.563Z] > git status -z -uall [21ms]
[2022-06-03T08:50:34.577Z] > git symbolic-ref --short HEAD [7ms]
[2022-06-03T08:50:34.593Z] > git for-each-ref --format=%(refname)%00%(upstream:short)%00%(objectname)%00%(upstream:track)%00%(upstream:remotename)%00%(upstream:remoteref) refs/heads/master refs/remotes/master [8ms]
[2022-06-03T08:50:34.611Z] > git for-each-ref --sort -committerdate --format %(refname) %(objectname) %(*objectname) [11ms]
[2022-06-03T08:50:34.622Z] > git remote --verbose [13ms]
[2022-06-03T08:50:34.642Z] > git config --get commit.template [2ms]
[2022-06-03T08:50:35.740Z] > git ls-files --stage -- /var/www/html/ryan/sample/resources/views/layouts/app.blade.php [4ms]
[2022-06-03T08:50:35.754Z] > git cat-file -s 8a2077dace1217262b88e2e840569389e11f6e07 [2ms]
[2022-06-03T08:50:35.804Z] > git show --textconv :resources/views/layouts/app.blade.php [3ms]
[2022-06-03T08:53:35.190Z] > git fetch [523ms]
[2022-06-03T08:53:35.221Z] > git status -z -uall [22ms]
[2022-06-03T08:53:35.234Z] > git symbolic-ref --short HEAD [7ms]
[2022-06-03T08:53:35.246Z] > git for-each-ref --format=%(refname)%00%(upstream:short)%00%(objectname)%00%(upstream:track)%00%(upstream:remotename)%00%(upstream:remoteref) refs/heads/master refs/remotes/master [2ms]
[2022-06-03T08:53:35.273Z] > git remote --verbose [10ms]
[2022-06-03T08:53:35.273Z] > git for-each-ref --sort -committerdate --format %(refname) %(objectname) %(*objectname) [19ms]
[2022-06-03T08:53:35.294Z] > git config --get commit.template [6ms]
[2022-06-03T08:53:36.439Z] > git ls-files --stage -- /var/www/html/ryan/sample/resources/views/layouts/app.blade.php [3ms]
[2022-06-03T08:53:36.451Z] > git cat-file -s 8a2077dace1217262b88e2e840569389e11f6e07 [3ms]
[2022-06-03T08:53:36.501Z] > git show --textconv :resources/views/layouts/app.blade.php [6ms]
[2022-06-03T08:56:35.740Z] > git fetch [436ms]
[2022-06-03T08:56:35.754Z] > git status -z -uall [7ms]
[2022-06-03T08:56:35.768Z] > git symbolic-ref --short HEAD [5ms]
[2022-06-03T08:56:35.783Z] > git for-each-ref --format=%(refname)%00%(upstream:short)%00%(objectname)%00%(upstream:track)%00%(upstream:remotename)%00%(upstream:remoteref) refs/heads/master refs/remotes/master [2ms]
[2022-06-03T08:56:35.805Z] > git for-each-ref --sort -committerdate --format %(refname) %(objectname) %(*objectname) [14ms]
[2022-06-03T08:56:35.807Z] > git remote --verbose [3ms]
[2022-06-03T08:56:35.829Z] > git config --get commit.template [7ms]
[2022-06-03T08:56:36.972Z] > git ls-files --stage -- /var/www/html/ryan/sample/resources/views/layouts/app.blade.php [4ms]
[2022-06-03T08:56:36.982Z] > git cat-file -s 8a2077dace1217262b88e2e840569389e11f6e07 [2ms]
[2022-06-03T08:56:37.035Z] > git show --textconv :resources/views/layouts/app.blade.php [2ms]
[2022-06-03T09:05:39.095Z] > git status -z -uall [30ms]
[2022-06-03T09:05:39.144Z] > git symbolic-ref --short HEAD [16ms]
[2022-06-03T09:05:39.174Z] > git for-each-ref --format=%(refname)%00%(upstream:short)%00%(objectname)%00%(upstream:track)%00%(upstream:remotename)%00%(upstream:remoteref) refs/heads/master refs/remotes/master [16ms]
[2022-06-03T09:05:39.217Z] > git for-each-ref --sort -committerdate --format %(refname) %(objectname) %(*objectname) [29ms]
[2022-06-03T09:05:39.232Z] > git remote --verbose [16ms]
[2022-06-03T09:05:39.276Z] > git config --get commit.template [11ms]
[2022-06-03T09:05:39.613Z] > git fetch [570ms]
[2022-06-03T09:05:39.633Z] > git status -z -uall [10ms]
[2022-06-03T09:05:39.648Z] > git symbolic-ref --short HEAD [6ms]
[2022-06-03T09:05:39.663Z] > git for-each-ref --format=%(refname)%00%(upstream:short)%00%(objectname)%00%(upstream:track)%00%(upstream:remotename)%00%(upstream:remoteref) refs/heads/master refs/remotes/master [4ms]
[2022-06-03T09:05:39.688Z] > git for-each-ref --sort -committerdate --format %(refname) %(objectname) %(*objectname) [16ms]
[2022-06-03T09:05:39.692Z] > git remote --verbose [9ms]
[2022-06-03T09:05:39.710Z] > git config --get commit.template [2ms]
[2022-06-03T09:05:40.846Z] > git ls-files --stage -- /var/www/html/ryan/sample/resources/views/layouts/app.blade.php [2ms]
[2022-06-03T09:05:40.861Z] > git cat-file -s 8a2077dace1217262b88e2e840569389e11f6e07 [6ms]
[2022-06-03T09:05:40.917Z] > git show --textconv :resources/views/layouts/app.blade.php [5ms]
[2022-06-03T09:05:44.301Z] > git status -z -uall [9ms]
[2022-06-03T09:05:44.313Z] > git symbolic-ref --short HEAD [5ms]
[2022-06-03T09:05:44.327Z] > git for-each-ref --format=%(refname)%00%(upstream:short)%00%(objectname)%00%(upstream:track)%00%(upstream:remotename)%00%(upstream:remoteref) refs/heads/master refs/remotes/master [4ms]
[2022-06-03T09:05:44.347Z] > git for-each-ref --sort -committerdate --format %(refname) %(objectname) %(*objectname) [11ms]
[2022-06-03T09:05:44.354Z] > git remote --verbose [8ms]
[2022-06-03T09:05:44.372Z] > git config --get commit.template [7ms]
[2022-06-03T09:05:50.756Z] > git check-ignore -v -z --stdin [5ms]
[2022-06-03T09:06:36.831Z] > git add -A -- . [24ms]
[2022-06-03T09:06:36.875Z] > git -c user.useConfigOnly=true commit --quiet --allow-empty-message --file - [30ms]
[2022-06-03T09:06:36.892Z] > git status -z -uall [4ms]
[2022-06-03T09:06:36.907Z] > git symbolic-ref --short HEAD [3ms]
[2022-06-03T09:06:36.922Z] > git for-each-ref --format=%(refname)%00%(upstream:short)%00%(objectname)%00%(upstream:track)%00%(upstream:remotename)%00%(upstream:remoteref) refs/heads/master refs/remotes/master [5ms]
[2022-06-03T09:06:36.946Z] > git for-each-ref --sort -committerdate --format %(refname) %(objectname) %(*objectname) [15ms]
[2022-06-03T09:06:36.951Z] > git remote --verbose [6ms]
[2022-06-03T09:06:36.981Z] > git config --get commit.template [9ms]
[2022-06-03T09:06:38.123Z] > git ls-files --stage -- /var/www/html/ryan/sample/resources/views/layouts/app.blade.php [2ms]
[2022-06-03T09:06:38.138Z] > git cat-file -s 09f7fb66e9dfd074c44aab1b5c723b7ba6dc1391 [1ms]
[2022-06-03T09:06:38.187Z] > git show --textconv :resources/views/layouts/app.blade.php [3ms]
[2022-06-03T09:06:42.877Z] > git log --oneline --cherry master...master@{upstream} -- [9ms]
[2022-06-03T09:06:43.328Z] > git pull --tags origin master [439ms]
[2022-06-03T09:06:43.328Z] From https://github.com/diazryan19/TMS
 * branch            master     -> FETCH_HEAD
[2022-06-03T09:06:44.569Z] > git ls-files --stage -- /var/www/html/ryan/sample/resources/views/layouts/app.blade.php [5ms]
[2022-06-03T09:06:44.580Z] > git cat-file -s 09f7fb66e9dfd074c44aab1b5c723b7ba6dc1391 [3ms]
[2022-06-03T09:06:44.631Z] > git show --textconv :resources/views/layouts/app.blade.php [3ms]
[2022-06-03T09:06:45.260Z] > git push origin master:master [1922ms]
[2022-06-03T09:06:45.260Z] To https://github.com/diazryan19/TMS.git
   c9e864f..427c699  master -> master
[2022-06-03T09:06:45.286Z] > git status -z -uall [17ms]
[2022-06-03T09:06:45.309Z] > git symbolic-ref --short HEAD [11ms]
[2022-06-03T09:06:45.332Z] > git for-each-ref --format=%(refname)%00%(upstream:short)%00%(objectname)%00%(upstream:track)%00%(upstream:remotename)%00%(upstream:remoteref) refs/heads/master refs/remotes/master [7ms]
[2022-06-03T09:06:45.365Z] > git for-each-ref --sort -committerdate --format %(refname) %(objectname) %(*objectname) [17ms]
[2022-06-03T09:06:45.370Z] > git remote --verbose [10ms]
[2022-06-03T09:06:45.404Z] > git config --get commit.template [20ms]
[2022-06-03T09:06:46.472Z] > git status -z -uall [8ms]
[2022-06-03T09:06:46.483Z] > git symbolic-ref --short HEAD [2ms]
[2022-06-03T09:06:46.497Z] > git for-each-ref --format=%(refname)%00%(upstream:short)%00%(objectname)%00%(upstream:track)%00%(upstream:remotename)%00%(upstream:remoteref) refs/heads/master refs/remotes/master [6ms]
[2022-06-03T09:06:46.521Z] > git for-each-ref --sort -committerdate --format %(refname) %(objectname) %(*objectname) [16ms]
[2022-06-03T09:06:46.523Z] > git remote --verbose [3ms]
[2022-06-03T09:06:46.542Z] > git config --get commit.template [2ms]
[2022-06-03T09:06:46.620Z] > git ls-files --stage -- /var/www/html/ryan/sample/resources/views/layouts/app.blade.php [19ms]
[2022-06-03T09:06:46.641Z] > git cat-file -s 09f7fb66e9dfd074c44aab1b5c723b7ba6dc1391 [5ms]
[2022-06-03T09:06:46.691Z] > git show --textconv :resources/views/layouts/app.blade.php [3ms]
[2022-06-03T09:11:16.747Z] > git fetch [505ms]
[2022-06-03T09:11:16.780Z] > git status -z -uall [19ms]
[2022-06-03T09:11:16.791Z] > git symbolic-ref --short HEAD [3ms]
[2022-06-03T09:11:16.804Z] > git for-each-ref --format=%(refname)%00%(upstream:short)%00%(objectname)%00%(upstream:track)%00%(upstream:remotename)%00%(upstream:remoteref) refs/heads/master refs/remotes/master [2ms]
[2022-06-03T09:11:16.825Z] > git for-each-ref --sort -committerdate --format %(refname) %(objectname) %(*objectname) [13ms]
[2022-06-03T09:11:16.831Z] > git remote --verbose [7ms]
[2022-06-03T09:11:16.846Z] > git config --get commit.template [2ms]
[2022-06-03T09:11:17.985Z] > git ls-files --stage -- /var/www/html/ryan/sample/resources/views/layouts/app.blade.php [5ms]
[2022-06-03T09:11:18.001Z] > git cat-file -s 09f7fb66e9dfd074c44aab1b5c723b7ba6dc1391 [7ms]
[2022-06-03T09:11:18.057Z] > git show --textconv :resources/views/layouts/app.blade.php [8ms]
[2022-06-03T09:13:06.013Z] > git show --textconv :resources/views/branch/newbranch.blade.php [17ms]
[2022-06-03T09:13:06.020Z] > git ls-files --stage -- /var/www/html/ryan/sample/resources/views/branch/newbranch.blade.php [14ms]
[2022-06-03T09:13:06.031Z] > git cat-file -s e5d4ebc4cc91f5606a9769bb56412cd840a3e359 [1ms]
[2022-06-03T09:14:17.280Z] > git fetch [420ms]
[2022-06-03T09:14:17.296Z] > git status -z -uall [7ms]
[2022-06-03T09:14:17.309Z] > git symbolic-ref --short HEAD [2ms]
[2022-06-03T09:14:17.324Z] > git for-each-ref --format=%(refname)%00%(upstream:short)%00%(objectname)%00%(upstream:track)%00%(upstream:remotename)%00%(upstream:remoteref) refs/heads/master refs/remotes/master [4ms]
[2022-06-03T09:14:17.347Z] > git for-each-ref --sort -committerdate --format %(refname) %(objectname) %(*objectname) [16ms]
[2022-06-03T09:14:17.353Z] > git remote --verbose [7ms]
[2022-06-03T09:14:17.369Z] > git config --get commit.template [4ms]
[2022-06-03T09:14:18.523Z] > git ls-files --stage -- /var/www/html/ryan/sample/resources/views/branch/newbranch.blade.php [3ms]
[2022-06-03T09:14:18.536Z] > git cat-file -s e5d4ebc4cc91f5606a9769bb56412cd840a3e359 [6ms]
[2022-06-03T09:14:18.592Z] > git show --textconv :resources/views/branch/newbranch.blade.php [6ms]
[2022-06-03T09:17:13.017Z] > git status -z -uall [19ms]
[2022-06-03T09:17:13.035Z] > git symbolic-ref --short HEAD [2ms]
[2022-06-03T09:17:13.050Z] > git for-each-ref --format=%(refname)%00%(upstream:short)%00%(objectname)%00%(upstream:track)%00%(upstream:remotename)%00%(upstream:remoteref) refs/heads/master refs/remotes/master [6ms]
[2022-06-03T09:17:13.074Z] > git for-each-ref --sort -committerdate --format %(refname) %(objectname) %(*objectname) [15ms]
[2022-06-03T09:17:13.081Z] > git remote --verbose [7ms]
[2022-06-03T09:17:13.097Z] > git config --get commit.template [6ms]
[2022-06-03T09:17:13.211Z] > git show --textconv :resources/views/layouts/app.blade.php [15ms]
[2022-06-03T09:17:13.217Z] > git ls-files --stage -- /var/www/html/ryan/sample/resources/views/layouts/app.blade.php [14ms]
[2022-06-03T09:17:13.233Z] > git cat-file -s 09f7fb66e9dfd074c44aab1b5c723b7ba6dc1391 [7ms]
[2022-06-03T09:17:14.101Z] > git show --textconv :public/js/employee.js [35ms]
[2022-06-03T09:17:14.125Z] > git ls-files --stage -- /var/www/html/ryan/sample/public/js/employee.js [28ms]
[2022-06-03T09:17:14.156Z] > git cat-file -s 97ef9555baa41c99ef243cf233cfae44d8dd74b5 [12ms]
[2022-06-03T09:17:17.816Z] > git fetch [433ms]
[2022-06-03T09:17:17.836Z] > git status -z -uall [8ms]
[2022-06-03T09:17:17.851Z] > git symbolic-ref --short HEAD [8ms]
[2022-06-03T09:17:17.864Z] > git for-each-ref --format=%(refname)%00%(upstream:short)%00%(objectname)%00%(upstream:track)%00%(upstream:remotename)%00%(upstream:remoteref) refs/heads/master refs/remotes/master [4ms]
[2022-06-03T09:17:17.885Z] > git for-each-ref --sort -committerdate --format %(refname) %(objectname) %(*objectname) [12ms]
[2022-06-03T09:17:17.892Z] > git remote --verbose [8ms]
[2022-06-03T09:17:17.908Z] > git config --get commit.template [4ms]
[2022-06-03T09:17:18.119Z] > git status -z -uall [11ms]
[2022-06-03T09:17:18.136Z] > git symbolic-ref --short HEAD [6ms]
[2022-06-03T09:17:18.153Z] > git for-each-ref --format=%(refname)%00%(upstream:short)%00%(objectname)%00%(upstream:track)%00%(upstream:remotename)%00%(upstream:remoteref) refs/heads/master refs/remotes/master [9ms]
[2022-06-03T09:17:18.175Z] > git for-each-ref --sort -committerdate --format %(refname) %(objectname) %(*objectname) [13ms]
[2022-06-03T09:17:18.183Z] > git remote --verbose [9ms]
[2022-06-03T09:17:18.200Z] > git config --get commit.template [7ms]
[2022-06-03T09:17:19.044Z] > git ls-files --stage -- /var/www/html/ryan/sample/public/js/employee.js [7ms]
[2022-06-03T09:17:19.056Z] > git cat-file -s 97ef9555baa41c99ef243cf233cfae44d8dd74b5 [2ms]
[2022-06-03T09:17:19.117Z] > git show --textconv :public/js/employee.js [8ms]
[2022-06-03T09:20:55.694Z] > git fetch [419ms]
[2022-06-03T09:20:55.711Z] > git status -z -uall [6ms]
[2022-06-03T09:20:55.726Z] > git symbolic-ref --short HEAD [6ms]
[2022-06-03T09:20:55.741Z] > git for-each-ref --format=%(refname)%00%(upstream:short)%00%(objectname)%00%(upstream:track)%00%(upstream:remotename)%00%(upstream:remoteref) refs/heads/master refs/remotes/master [9ms]
[2022-06-03T09:20:55.764Z] > git for-each-ref --sort -committerdate --format %(refname) %(objectname) %(*objectname) [14ms]
[2022-06-03T09:20:55.767Z] > git remote --verbose [8ms]
[2022-06-03T09:20:55.788Z] > git config --get commit.template [8ms]
[2022-06-03T09:20:56.939Z] > git ls-files --stage -- /var/www/html/ryan/sample/public/js/employee.js [2ms]
[2022-06-03T09:20:56.954Z] > git cat-file -s 97ef9555baa41c99ef243cf233cfae44d8dd74b5 [7ms]
[2022-06-03T09:20:57.010Z] > git show --textconv :public/js/employee.js [8ms]
[2022-06-03T09:26:27.349Z] > git status -z -uall [22ms]
[2022-06-03T09:26:27.373Z] > git symbolic-ref --short HEAD [6ms]
[2022-06-03T09:26:27.389Z] > git for-each-ref --format=%(refname)%00%(upstream:short)%00%(objectname)%00%(upstream:track)%00%(upstream:remotename)%00%(upstream:remoteref) refs/heads/master refs/remotes/master [5ms]
[2022-06-03T09:26:27.443Z] > git for-each-ref --sort -committerdate --format %(refname) %(objectname) %(*objectname) [38ms]
[2022-06-03T09:26:27.455Z] > git remote --verbose [26ms]
[2022-06-03T09:26:27.526Z] > git config --get commit.template [34ms]
[2022-06-03T09:26:28.045Z] > git fetch [732ms]
[2022-06-03T09:26:28.059Z] > git status -z -uall [7ms]
[2022-06-03T09:26:28.077Z] > git symbolic-ref --short HEAD [9ms]
[2022-06-03T09:26:28.088Z] > git for-each-ref --format=%(refname)%00%(upstream:short)%00%(objectname)%00%(upstream:track)%00%(upstream:remotename)%00%(upstream:remoteref) refs/heads/master refs/remotes/master [3ms]
[2022-06-03T09:26:28.116Z] > git for-each-ref --sort -committerdate --format %(refname) %(objectname) %(*objectname) [16ms]
[2022-06-03T09:26:28.119Z] > git remote --verbose [8ms]
[2022-06-03T09:26:28.136Z] > git config --get commit.template [4ms]
[2022-06-03T09:26:29.269Z] > git ls-files --stage -- /var/www/html/ryan/sample/public/js/employee.js [9ms]
[2022-06-03T09:26:29.281Z] > git cat-file -s 97ef9555baa41c99ef243cf233cfae44d8dd74b5 [5ms]
[2022-06-03T09:26:29.337Z] > git show --textconv :public/js/employee.js [9ms]
[2022-06-03T09:26:32.550Z] > git status -z -uall [8ms]
[2022-06-03T09:26:32.562Z] > git symbolic-ref --short HEAD [4ms]
[2022-06-03T09:26:32.576Z] > git for-each-ref --format=%(refname)%00%(upstream:short)%00%(objectname)%00%(upstream:track)%00%(upstream:remotename)%00%(upstream:remoteref) refs/heads/master refs/remotes/master [6ms]
[2022-06-03T09:26:32.602Z] > git for-each-ref --sort -committerdate --format %(refname) %(objectname) %(*objectname) [20ms]
[2022-06-03T09:26:32.603Z] > git remote --verbose [8ms]
[2022-06-03T09:26:32.624Z] > git config --get commit.template [6ms]
[2022-06-03T09:29:28.602Z] > git fetch [447ms]
[2022-06-03T09:29:28.634Z] > git status -z -uall [22ms]
[2022-06-03T09:29:28.652Z] > git symbolic-ref --short HEAD [9ms]
[2022-06-03T09:29:28.668Z] > git for-each-ref --format=%(refname)%00%(upstream:short)%00%(objectname)%00%(upstream:track)%00%(upstream:remotename)%00%(upstream:remoteref) refs/heads/master refs/remotes/master [6ms]
[2022-06-03T09:29:28.687Z] > git for-each-ref --sort -committerdate --format %(refname) %(objectname) %(*objectname) [11ms]
[2022-06-03T09:29:28.696Z] > git remote --verbose [10ms]
[2022-06-03T09:29:28.712Z] > git config --get commit.template [4ms]
[2022-06-03T09:29:29.853Z] > git ls-files --stage -- /var/www/html/ryan/sample/public/js/employee.js [9ms]
[2022-06-03T09:29:29.873Z] > git cat-file -s 97ef9555baa41c99ef243cf233cfae44d8dd74b5 [5ms]
[2022-06-03T09:29:29.929Z] > git show --textconv :public/js/employee.js [5ms]
[2022-06-03T09:32:29.138Z] > git fetch [414ms]
[2022-06-03T09:32:29.161Z] > git status -z -uall [13ms]
[2022-06-03T09:32:29.176Z] > git symbolic-ref --short HEAD [7ms]
[2022-06-03T09:32:29.188Z] > git for-each-ref --format=%(refname)%00%(upstream:short)%00%(objectname)%00%(upstream:track)%00%(upstream:remotename)%00%(upstream:remoteref) refs/heads/master refs/remotes/master [7ms]
[2022-06-03T09:32:29.213Z] > git for-each-ref --sort -committerdate --format %(refname) %(objectname) %(*objectname) [17ms]
[2022-06-03T09:32:29.221Z] > git remote --verbose [15ms]
[2022-06-03T09:32:29.236Z] > git config --get commit.template [6ms]
[2022-06-03T09:32:30.363Z] > git ls-files --stage -- /var/www/html/ryan/sample/public/js/employee.js [3ms]
[2022-06-03T09:32:30.377Z] > git cat-file -s 97ef9555baa41c99ef243cf233cfae44d8dd74b5 [6ms]
[2022-06-03T09:32:30.428Z] > git show --textconv :public/js/employee.js [7ms]
[2022-06-03T09:35:29.678Z] > git fetch [430ms]
[2022-06-03T09:35:29.695Z] > git status -z -uall [7ms]
[2022-06-03T09:35:29.722Z] > git symbolic-ref --short HEAD [20ms]
[2022-06-03T09:35:29.738Z] > git for-each-ref --format=%(refname)%00%(upstream:short)%00%(objectname)%00%(upstream:track)%00%(upstream:remotename)%00%(upstream:remoteref) refs/heads/master refs/remotes/master [8ms]
[2022-06-03T09:35:29.758Z] > git for-each-ref --sort -committerdate --format %(refname) %(objectname) %(*objectname) [13ms]
[2022-06-03T09:35:29.765Z] > git remote --verbose [8ms]
[2022-06-03T09:35:29.784Z] > git config --get commit.template [6ms]
[2022-06-03T09:35:30.917Z] > git ls-files --stage -- /var/www/html/ryan/sample/public/js/employee.js [7ms]
[2022-06-03T09:35:30.934Z] > git cat-file -s 97ef9555baa41c99ef243cf233cfae44d8dd74b5 [2ms]
[2022-06-03T09:35:30.989Z] > git show --textconv :public/js/employee.js [9ms]
[2022-06-03T09:38:30.196Z] > git fetch [400ms]
[2022-06-03T09:38:30.213Z] > git status -z -uall [7ms]
[2022-06-03T09:38:30.225Z] > git symbolic-ref --short HEAD [4ms]
[2022-06-03T09:38:30.250Z] > git for-each-ref --format=%(refname)%00%(upstream:short)%00%(objectname)%00%(upstream:track)%00%(upstream:remotename)%00%(upstream:remoteref) refs/heads/master refs/remotes/master [2ms]
[2022-06-03T09:38:30.273Z] > git for-each-ref --sort -committerdate --format %(refname) %(objectname) %(*objectname) [13ms]
[2022-06-03T09:38:30.281Z] > git remote --verbose [9ms]
[2022-06-03T09:38:30.292Z] > git config --get commit.template [4ms]
[2022-06-03T09:38:31.423Z] > git ls-files --stage -- /var/www/html/ryan/sample/public/js/employee.js [3ms]
[2022-06-03T09:38:31.436Z] > git cat-file -s 97ef9555baa41c99ef243cf233cfae44d8dd74b5 [6ms]
[2022-06-03T09:38:31.489Z] > git show --textconv :public/js/employee.js [9ms]
[2022-06-03T09:41:30.715Z] > git fetch [415ms]
[2022-06-03T09:41:30.731Z] > git status -z -uall [8ms]
[2022-06-03T09:41:30.742Z] > git symbolic-ref --short HEAD [4ms]
[2022-06-03T09:41:30.757Z] > git for-each-ref --format=%(refname)%00%(upstream:short)%00%(objectname)%00%(upstream:track)%00%(upstream:remotename)%00%(upstream:remoteref) refs/heads/master refs/remotes/master [8ms]
[2022-06-03T09:41:30.778Z] > git for-each-ref --sort -committerdate --format %(refname) %(objectname) %(*objectname) [12ms]
[2022-06-03T09:41:30.785Z] > git remote --verbose [8ms]
[2022-06-03T09:41:30.807Z] > git config --get commit.template [7ms]
[2022-06-03T09:41:31.960Z] > git ls-files --stage -- /var/www/html/ryan/sample/public/js/employee.js [6ms]
[2022-06-03T09:41:31.970Z] > git cat-file -s 97ef9555baa41c99ef243cf233cfae44d8dd74b5 [2ms]
[2022-06-03T09:41:32.049Z] > git show --textconv :public/js/employee.js [14ms]
[2022-06-03T09:44:31.226Z] > git fetch [410ms]
[2022-06-03T09:44:31.243Z] > git status -z -uall [8ms]
[2022-06-03T09:44:31.256Z] > git symbolic-ref --short HEAD [5ms]
[2022-06-03T09:44:31.275Z] > git for-each-ref --format=%(refname)%00%(upstream:short)%00%(objectname)%00%(upstream:track)%00%(upstream:remotename)%00%(upstream:remoteref) refs/heads/master refs/remotes/master [8ms]
[2022-06-03T09:44:31.297Z] > git for-each-ref --sort -committerdate --format %(refname) %(objectname) %(*objectname) [13ms]
[2022-06-03T09:44:31.305Z] > git remote --verbose [9ms]
[2022-06-03T09:44:31.320Z] > git config --get commit.template [6ms]
[2022-06-03T09:44:32.452Z] > git ls-files --stage -- /var/www/html/ryan/sample/public/js/employee.js [4ms]
[2022-06-03T09:44:32.463Z] > git cat-file -s 97ef9555baa41c99ef243cf233cfae44d8dd74b5 [1ms]
[2022-06-03T09:44:32.516Z] > git show --textconv :public/js/employee.js [5ms]
[2022-06-03T09:47:31.728Z] > git fetch [400ms]
[2022-06-03T09:47:31.744Z] > git status -z -uall [6ms]
[2022-06-03T09:47:31.756Z] > git symbolic-ref --short HEAD [6ms]
[2022-06-03T09:47:31.773Z] > git for-each-ref --format=%(refname)%00%(upstream:short)%00%(objectname)%00%(upstream:track)%00%(upstream:remotename)%00%(upstream:remoteref) refs/heads/master refs/remotes/master [9ms]
[2022-06-03T09:47:31.792Z] > git for-each-ref --sort -committerdate --format %(refname) %(objectname) %(*objectname) [11ms]
[2022-06-03T09:47:31.797Z] > git remote --verbose [8ms]
[2022-06-03T09:47:31.814Z] > git config --get commit.template [7ms]
[2022-06-03T09:47:32.965Z] > git ls-files --stage -- /var/www/html/ryan/sample/public/js/employee.js [8ms]
[2022-06-03T09:47:32.975Z] > git cat-file -s 97ef9555baa41c99ef243cf233cfae44d8dd74b5 [2ms]
[2022-06-03T09:47:33.029Z] > git show --textconv :public/js/employee.js [7ms]
[2022-06-03T09:50:32.224Z] > git fetch [400ms]
[2022-06-03T09:50:32.240Z] > git status -z -uall [8ms]
[2022-06-03T09:50:32.252Z] > git symbolic-ref --short HEAD [4ms]
[2022-06-03T09:50:32.265Z] > git for-each-ref --format=%(refname)%00%(upstream:short)%00%(objectname)%00%(upstream:track)%00%(upstream:remotename)%00%(upstream:remoteref) refs/heads/master refs/remotes/master [5ms]
[2022-06-03T09:50:32.285Z] > git for-each-ref --sort -committerdate --format %(refname) %(objectname) %(*objectname) [11ms]
[2022-06-03T09:50:32.292Z] > git remote --verbose [8ms]
[2022-06-03T09:50:32.309Z] > git config --get commit.template [7ms]
[2022-06-03T09:50:33.457Z] > git ls-files --stage -- /var/www/html/ryan/sample/public/js/employee.js [2ms]
[2022-06-03T09:50:33.470Z] > git cat-file -s 97ef9555baa41c99ef243cf233cfae44d8dd74b5 [5ms]
[2022-06-03T09:50:33.519Z] > git show --textconv :public/js/employee.js [3ms]
[2022-06-03T09:53:32.708Z] > git fetch [388ms]
[2022-06-03T09:53:32.725Z] > git status -z -uall [7ms]
[2022-06-03T09:53:32.740Z] > git symbolic-ref --short HEAD [6ms]
[2022-06-03T09:53:32.754Z] > git for-each-ref --format=%(refname)%00%(upstream:short)%00%(objectname)%00%(upstream:track)%00%(upstream:remotename)%00%(upstream:remoteref) refs/heads/master refs/remotes/master [5ms]
[2022-06-03T09:53:32.776Z] > git for-each-ref --sort -committerdate --format %(refname) %(objectname) %(*objectname) [14ms]
[2022-06-03T09:53:32.783Z] > git remote --verbose [8ms]
[2022-06-03T09:53:32.800Z] > git config --get commit.template [4ms]
[2022-06-03T09:53:33.936Z] > git ls-files --stage -- /var/www/html/ryan/sample/public/js/employee.js [2ms]
[2022-06-03T09:53:33.946Z] > git cat-file -s 97ef9555baa41c99ef243cf233cfae44d8dd74b5 [2ms]
[2022-06-03T09:53:34.006Z] > git show --textconv :public/js/employee.js [8ms]
[2022-06-03T09:56:33.236Z] > git fetch [428ms]
[2022-06-03T09:56:33.257Z] > git status -z -uall [12ms]
[2022-06-03T09:56:33.272Z] > git symbolic-ref --short HEAD [8ms]
[2022-06-03T09:56:33.289Z] > git for-each-ref --format=%(refname)%00%(upstream:short)%00%(objectname)%00%(upstream:track)%00%(upstream:remotename)%00%(upstream:remoteref) refs/heads/master refs/remotes/master [9ms]
[2022-06-03T09:56:33.309Z] > git for-each-ref --sort -committerdate --format %(refname) %(objectname) %(*objectname) [15ms]
[2022-06-03T09:56:33.317Z] > git remote --verbose [9ms]
[2022-06-03T09:56:33.333Z] > git config --get commit.template [7ms]
[2022-06-03T09:56:34.459Z] > git ls-files --stage -- /var/www/html/ryan/sample/public/js/employee.js [2ms]
[2022-06-03T09:56:34.470Z] > git cat-file -s 97ef9555baa41c99ef243cf233cfae44d8dd74b5 [2ms]
[2022-06-03T09:56:34.523Z] > git show --textconv :public/js/employee.js [3ms]
[2022-06-03T09:59:33.748Z] > git fetch [408ms]
[2022-06-03T09:59:33.764Z] > git status -z -uall [8ms]
[2022-06-03T09:59:33.775Z] > git symbolic-ref --short HEAD [2ms]
[2022-06-03T09:59:33.791Z] > git for-each-ref --format=%(refname)%00%(upstream:short)%00%(objectname)%00%(upstream:track)%00%(upstream:remotename)%00%(upstream:remoteref) refs/heads/master refs/remotes/master [7ms]
[2022-06-03T09:59:33.813Z] > git for-each-ref --sort -committerdate --format %(refname) %(objectname) %(*objectname) [14ms]
[2022-06-03T09:59:33.815Z] > git remote --verbose [3ms]
[2022-06-03T09:59:33.838Z] > git config --get commit.template [8ms]
[2022-06-03T09:59:34.980Z] > git ls-files --stage -- /var/www/html/ryan/sample/public/js/employee.js [4ms]
[2022-06-03T09:59:34.992Z] > git cat-file -s 97ef9555baa41c99ef243cf233cfae44d8dd74b5 [4ms]
[2022-06-03T09:59:35.040Z] > git show --textconv :public/js/employee.js [7ms]
[2022-06-03T10:02:34.256Z] > git fetch [408ms]
[2022-06-03T10:02:34.273Z] > git status -z -uall [8ms]
[2022-06-03T10:02:34.288Z] > git symbolic-ref --short HEAD [6ms]
[2022-06-03T10:02:34.302Z] > git for-each-ref --format=%(refname)%00%(upstream:short)%00%(objectname)%00%(upstream:track)%00%(upstream:remotename)%00%(upstream:remoteref) refs/heads/master refs/remotes/master [2ms]
[2022-06-03T10:02:34.322Z] > git for-each-ref --sort -committerdate --format %(refname) %(objectname) %(*objectname) [11ms]
[2022-06-03T10:02:34.332Z] > git remote --verbose [11ms]
[2022-06-03T10:02:34.348Z] > git config --get commit.template [2ms]
[2022-06-03T10:02:35.476Z] > git ls-files --stage -- /var/www/html/ryan/sample/public/js/employee.js [4ms]
[2022-06-03T10:02:35.487Z] > git cat-file -s 97ef9555baa41c99ef243cf233cfae44d8dd74b5 [2ms]
[2022-06-03T10:02:35.542Z] > git show --textconv :public/js/employee.js [8ms]
[2022-06-03T10:05:34.768Z] > git fetch [412ms]
[2022-06-03T10:05:34.785Z] > git status -z -uall [7ms]
[2022-06-03T10:05:34.798Z] > git symbolic-ref --short HEAD [4ms]
[2022-06-03T10:05:34.814Z] > git for-each-ref --format=%(refname)%00%(upstream:short)%00%(objectname)%00%(upstream:track)%00%(upstream:remotename)%00%(upstream:remoteref) refs/heads/master refs/remotes/master [7ms]
[2022-06-03T10:05:34.834Z] > git for-each-ref --sort -committerdate --format %(refname) %(objectname) %(*objectname) [12ms]
[2022-06-03T10:05:34.840Z] > git remote --verbose [8ms]
[2022-06-03T10:05:34.870Z] > git config --get commit.template [20ms]
[2022-06-03T10:05:36.021Z] > git ls-files --stage -- /var/www/html/ryan/sample/public/js/employee.js [9ms]
[2022-06-03T10:05:36.031Z] > git cat-file -s 97ef9555baa41c99ef243cf233cfae44d8dd74b5 [2ms]
[2022-06-03T10:05:36.092Z] > git show --textconv :public/js/employee.js [7ms]
[2022-06-03T10:08:35.280Z] > git fetch [400ms]
[2022-06-03T10:08:35.296Z] > git status -z -uall [7ms]
[2022-06-03T10:08:35.307Z] > git symbolic-ref --short HEAD [2ms]
[2022-06-03T10:08:35.323Z] > git for-each-ref --format=%(refname)%00%(upstream:short)%00%(objectname)%00%(upstream:track)%00%(upstream:remotename)%00%(upstream:remoteref) refs/heads/master refs/remotes/master [8ms]
[2022-06-03T10:08:35.345Z] > git for-each-ref --sort -committerdate --format %(refname) %(objectname) %(*objectname) [15ms]
[2022-06-03T10:08:35.347Z] > git remote --verbose [3ms]
[2022-06-03T10:08:35.368Z] > git config --get commit.template [7ms]
[2022-06-03T10:08:36.511Z] > git ls-files --stage -- /var/www/html/ryan/sample/public/js/employee.js [2ms]
[2022-06-03T10:08:36.530Z] > git cat-file -s 97ef9555baa41c99ef243cf233cfae44d8dd74b5 [5ms]
[2022-06-03T10:08:36.580Z] > git show --textconv :public/js/employee.js [7ms]
[2022-06-03T10:11:35.786Z] > git fetch [410ms]
[2022-06-03T10:11:35.803Z] > git status -z -uall [8ms]
[2022-06-03T10:11:35.817Z] > git symbolic-ref --short HEAD [6ms]
[2022-06-03T10:11:35.832Z] > git for-each-ref --format=%(refname)%00%(upstream:short)%00%(objectname)%00%(upstream:track)%00%(upstream:remotename)%00%(upstream:remoteref) refs/heads/master refs/remotes/master [6ms]
[2022-06-03T10:11:35.865Z] > git for-each-ref --sort -committerdate --format %(refname) %(objectname) %(*objectname) [24ms]
[2022-06-03T10:11:35.867Z] > git remote --verbose [18ms]
[2022-06-03T10:11:35.889Z] > git config --get commit.template [6ms]
[2022-06-03T10:11:37.024Z] > git ls-files --stage -- /var/www/html/ryan/sample/public/js/employee.js [4ms]
[2022-06-03T10:11:37.035Z] > git cat-file -s 97ef9555baa41c99ef243cf233cfae44d8dd74b5 [2ms]
[2022-06-03T10:11:37.092Z] > git show --textconv :public/js/employee.js [7ms]
[2022-06-03T10:14:36.288Z] > git fetch [388ms]
[2022-06-03T10:14:36.305Z] > git status -z -uall [7ms]
[2022-06-03T10:14:36.319Z] > git symbolic-ref --short HEAD [6ms]
[2022-06-03T10:14:36.332Z] > git for-each-ref --format=%(refname)%00%(upstream:short)%00%(objectname)%00%(upstream:track)%00%(upstream:remotename)%00%(upstream:remoteref) refs/heads/master refs/remotes/master [5ms]
[2022-06-03T10:14:36.352Z] > git for-each-ref --sort -committerdate --format %(refname) %(objectname) %(*objectname) [10ms]
[2022-06-03T10:14:36.356Z] > git remote --verbose [7ms]
[2022-06-03T10:14:36.379Z] > git config --get commit.template [9ms]
[2022-06-03T10:14:37.526Z] > git ls-files --stage -- /var/www/html/ryan/sample/public/js/employee.js [6ms]
[2022-06-03T10:14:37.541Z] > git cat-file -s 97ef9555baa41c99ef243cf233cfae44d8dd74b5 [5ms]
[2022-06-03T10:14:37.591Z] > git show --textconv :public/js/employee.js [3ms]
[2022-06-03T10:17:36.802Z] > git fetch [408ms]
[2022-06-03T10:17:36.819Z] > git status -z -uall [8ms]
[2022-06-03T10:17:36.833Z] > git symbolic-ref --short HEAD [5ms]
[2022-06-03T10:17:36.847Z] > git for-each-ref --format=%(refname)%00%(upstream:short)%00%(objectname)%00%(upstream:track)%00%(upstream:remotename)%00%(upstream:remoteref) refs/heads/master refs/remotes/master [2ms]
[2022-06-03T10:17:36.870Z] > git for-each-ref --sort -committerdate --format %(refname) %(objectname) %(*objectname) [12ms]
[2022-06-03T10:17:36.874Z] > git remote --verbose [4ms]
[2022-06-03T10:17:36.896Z] > git config --get commit.template [7ms]
[2022-06-03T10:17:38.045Z] > git ls-files --stage -- /var/www/html/ryan/sample/public/js/employee.js [9ms]
[2022-06-03T10:17:38.055Z] > git cat-file -s 97ef9555baa41c99ef243cf233cfae44d8dd74b5 [2ms]
[2022-06-03T10:17:38.111Z] > git show --textconv :public/js/employee.js [3ms]
[2022-06-03T10:20:37.304Z] > git fetch [400ms]
[2022-06-03T10:20:37.322Z] > git status -z -uall [7ms]
[2022-06-03T10:20:37.335Z] > git symbolic-ref --short HEAD [5ms]
[2022-06-03T10:20:37.349Z] > git for-each-ref --format=%(refname)%00%(upstream:short)%00%(objectname)%00%(upstream:track)%00%(upstream:remotename)%00%(upstream:remoteref) refs/heads/master refs/remotes/master [5ms]
[2022-06-03T10:20:37.373Z] > git for-each-ref --sort -committerdate --format %(refname) %(objectname) %(*objectname) [15ms]
[2022-06-03T10:20:37.380Z] > git remote --verbose [8ms]
[2022-06-03T10:20:37.396Z] > git config --get commit.template [6ms]
[2022-06-03T10:20:38.558Z] > git ls-files --stage -- /var/www/html/ryan/sample/public/js/employee.js [4ms]
[2022-06-03T10:20:38.567Z] > git cat-file -s 97ef9555baa41c99ef243cf233cfae44d8dd74b5 [1ms]
[2022-06-03T10:20:38.657Z] > git show --textconv :public/js/employee.js [15ms]
[2022-06-03T10:23:37.814Z] > git fetch [410ms]
[2022-06-03T10:23:37.829Z] > git status -z -uall [6ms]
[2022-06-03T10:23:37.844Z] > git symbolic-ref --short HEAD [6ms]
[2022-06-03T10:23:37.861Z] > git for-each-ref --format=%(refname)%00%(upstream:short)%00%(objectname)%00%(upstream:track)%00%(upstream:remotename)%00%(upstream:remoteref) refs/heads/master refs/remotes/master [10ms]
[2022-06-03T10:23:37.878Z] > git for-each-ref --sort -committerdate --format %(refname) %(objectname) %(*objectname) [8ms]
[2022-06-03T10:23:37.886Z] > git remote --verbose [9ms]
[2022-06-03T10:23:37.903Z] > git config --get commit.template [7ms]
[2022-06-03T10:23:39.053Z] > git ls-files --stage -- /var/www/html/ryan/sample/public/js/employee.js [3ms]
[2022-06-03T10:23:39.063Z] > git cat-file -s 97ef9555baa41c99ef243cf233cfae44d8dd74b5 [1ms]
[2022-06-03T10:23:39.119Z] > git show --textconv :public/js/employee.js [7ms]
[2022-06-03T10:26:38.310Z] > git fetch [397ms]
[2022-06-03T10:26:38.325Z] > git status -z -uall [7ms]
[2022-06-03T10:26:38.336Z] > git symbolic-ref --short HEAD [4ms]
[2022-06-03T10:26:38.348Z] > git for-each-ref --format=%(refname)%00%(upstream:short)%00%(objectname)%00%(upstream:track)%00%(upstream:remotename)%00%(upstream:remoteref) refs/heads/master refs/remotes/master [4ms]
[2022-06-03T10:26:38.368Z] > git for-each-ref --sort -committerdate --format %(refname) %(objectname) %(*objectname) [8ms]
[2022-06-03T10:26:38.372Z] > git remote --verbose [7ms]
[2022-06-03T10:26:38.385Z] > git config --get commit.template [2ms]
[2022-06-03T10:26:39.404Z] > git status -z -uall [8ms]
[2022-06-03T10:26:39.420Z] > git symbolic-ref --short HEAD [7ms]
[2022-06-03T10:26:39.430Z] > git for-each-ref --format=%(refname)%00%(upstream:short)%00%(objectname)%00%(upstream:track)%00%(upstream:remotename)%00%(upstream:remoteref) refs/heads/master refs/remotes/master [2ms]
[2022-06-03T10:26:39.453Z] > git for-each-ref --sort -committerdate --format %(refname) %(objectname) %(*objectname) [15ms]
[2022-06-03T10:26:39.457Z] > git remote --verbose [6ms]
[2022-06-03T10:26:39.488Z] > git config --get commit.template [16ms]
[2022-06-03T10:26:39.542Z] > git ls-files --stage -- /var/www/html/ryan/sample/public/js/employee.js [4ms]
[2022-06-03T10:26:39.551Z] > git cat-file -s 97ef9555baa41c99ef243cf233cfae44d8dd74b5 [1ms]
[2022-06-03T10:26:39.603Z] > git show --textconv :public/js/employee.js [3ms]
