[2022-05-25 12:28:44.339] [exthost] [info] Extension host with pid 4926 started
[2022-05-25 12:28:44.381] [exthost] [error] Error: EEXIST: file already exists, open '/var/www/html/.vscode-server/data/User/workspaceStorage/da22d6ceb0d1b4cb3a1e71ee169b749f/vscode.lock'
[2022-05-25 12:28:44.391] [exthost] [info] Lock '/var/www/html/.vscode-server/data/User/workspaceStorage/da22d6ceb0d1b4cb3a1e71ee169b749f/vscode.lock': Could not acquire lock, checking if the file is stale.
[2022-05-25 12:28:44.428] [exthost] [info] Lock '/var/www/html/.vscode-server/data/User/workspaceStorage/da22d6ceb0d1b4cb3a1e71ee169b749f/vscode.lock': The lock does not look stale, elapsed: 81 ms, giving up.
[2022-05-25 12:28:44.431] [exthost] [info] Lock '/var/www/html/.vscode-server/data/User/workspaceStorage/da22d6ceb0d1b4cb3a1e71ee169b749f-1/vscode.lock': Lock acquired.
[2022-05-25 12:28:44.560] [exthost] [info] ExtensionService#_doActivateExtension vscode.typescript-language-features, startup: false, activationEvent: 'onLanguage:javascript'
[2022-05-25 12:28:44.868] [exthost] [info] ExtensionService#_doActivateExtension vscode.debug-auto-launch, startup: true, activationEvent: '*'
[2022-05-25 12:28:44.893] [exthost] [info] ExtensionService#_doActivateExtension vscode.git-base, startup: true, activationEvent: '*', root cause: vscode.git
[2022-05-25 12:28:44.909] [exthost] [info] ExtensionService#_doActivateExtension vscode.ipynb, startup: true, activationEvent: '*'
[2022-05-25 12:28:45.003] [exthost] [info] ExtensionService#_doActivateExtension vscode.npm, startup: true, activationEvent: 'workspaceContains:package.json'
[2022-05-25 12:28:45.903] [exthost] [info] ExtensionService#_doActivateExtension vscode.git, startup: true, activationEvent: '*'
[2022-05-25 12:28:46.464] [exthost] [info] ExtensionService#_doActivateExtension vscode.github, startup: true, activationEvent: '*'
[2022-05-25 12:28:49.328] [exthost] [info] ExtensionService#_doActivateExtension vscode.emmet, startup: false, activationEvent: 'onStartupFinished'
[2022-05-25 12:28:49.672] [exthost] [info] ExtensionService#_doActivateExtension vscode.merge-conflict, startup: false, activationEvent: 'onStartupFinished'
[2022-05-25 12:28:49.745] [exthost] [info] Eager extensions activated
[2022-05-25 12:46:48.397] [exthost] [info] ExtensionService#_doActivateExtension onecentlin.laravel-blade, startup: false, activationEvent: 'onLanguage:blade'
[2022-05-25 13:01:21.344] [exthost] [info] ExtensionService#_doActivateExtension vscode.php-language-features, startup: false, activationEvent: 'onLanguage:php'
[2022-05-25 21:30:03.627] [exthost] [info] Extension host terminating: renderer disconnected for too long (1)
[2022-05-25 21:30:03.678] [exthost] [info] Lock '/var/www/html/.vscode-server/data/User/workspaceStorage/da22d6ceb0d1b4cb3a1e71ee169b749f-1/vscode.lock': Marking the lockfile as scheduled to be released in 6000 ms.
[2022-05-25 21:30:04.343] [exthost] [info] Extension host with pid 4926 exiting with code 0
