[2022-05-27 16:38:38.225] [exthost] [info] Extension host with pid 30426 started
[2022-05-27 16:38:38.227] [exthost] [error] Error: EEXIST: file already exists, open '/var/www/html/.vscode-server/data/User/workspaceStorage/da22d6ceb0d1b4cb3a1e71ee169b749f/vscode.lock'
[2022-05-27 16:38:38.239] [exthost] [info] Lock '/var/www/html/.vscode-server/data/User/workspaceStorage/da22d6ceb0d1b4cb3a1e71ee169b749f/vscode.lock': Could not acquire lock, checking if the file is stale.
[2022-05-27 16:38:38.268] [exthost] [info] Lock '/var/www/html/.vscode-server/data/User/workspaceStorage/da22d6ceb0d1b4cb3a1e71ee169b749f/vscode.lock': The lock does not look stale, elapsed: 568 ms, giving up.
[2022-05-27 16:38:38.277] [exthost] [info] Lock '/var/www/html/.vscode-server/data/User/workspaceStorage/da22d6ceb0d1b4cb3a1e71ee169b749f-1/vscode.lock': Lock acquired.
[2022-05-27 16:38:42.255] [exthost] [info] ExtensionService#_doActivateExtension vscode.php-language-features, startup: false, activationEvent: 'onLanguage:php'
[2022-05-27 16:38:42.318] [exthost] [info] ExtensionService#_doActivateExtension vscode.debug-auto-launch, startup: true, activationEvent: '*'
[2022-05-27 16:38:42.327] [exthost] [info] ExtensionService#_doActivateExtension vscode.git-base, startup: true, activationEvent: '*', root cause: vscode.git
[2022-05-27 16:38:42.353] [exthost] [info] ExtensionService#_doActivateExtension vscode.ipynb, startup: true, activationEvent: '*'
[2022-05-27 16:38:42.472] [exthost] [info] ExtensionService#_doActivateExtension vscode.npm, startup: true, activationEvent: 'workspaceContains:package.json'
[2022-05-27 16:38:43.071] [exthost] [info] ExtensionService#_doActivateExtension vscode.git, startup: true, activationEvent: '*'
[2022-05-27 16:38:43.203] [exthost] [info] ExtensionService#_doActivateExtension vscode.github, startup: true, activationEvent: '*'
[2022-05-27 16:38:48.766] [exthost] [info] ExtensionService#_doActivateExtension vscode.emmet, startup: false, activationEvent: 'onStartupFinished'
[2022-05-27 16:38:48.821] [exthost] [info] ExtensionService#_doActivateExtension vscode.merge-conflict, startup: false, activationEvent: 'onStartupFinished'
[2022-05-27 16:38:48.837] [exthost] [info] Eager extensions activated
[2022-05-27 17:24:22.529] [exthost] [info] ExtensionService#_doActivateExtension onecentlin.laravel-blade, startup: false, activationEvent: 'onLanguage:blade'
[2022-05-27 17:24:29.886] [exthost] [info] ExtensionService#_doActivateExtension vscode.typescript-language-features, startup: false, activationEvent: 'onLanguage:javascript'
[2022-05-27 21:29:06.214] [exthost] [info] Extension host terminating: renderer disconnected for too long (1)
[2022-05-27 21:29:06.246] [exthost] [info] Lock '/var/www/html/.vscode-server/data/User/workspaceStorage/da22d6ceb0d1b4cb3a1e71ee169b749f-1/vscode.lock': Marking the lockfile as scheduled to be released in 6000 ms.
[2022-05-27 21:29:06.626] [exthost] [info] Extension host with pid 30426 exiting with code 0
