[2022-06-02T04:58:58.648Z] Validating found git in: git
[2022-06-02T04:58:58.853Z] Using git 2.17.1 from git
[2022-06-02T04:58:59.053Z] > git rev-parse --show-toplevel [139ms]
[2022-06-02T04:58:59.114Z] > git rev-parse --git-dir --git-common-dir [16ms]
[2022-06-02T04:58:59.139Z] Open repository: /var/www/html/ryan/sample
[2022-06-02T04:58:59.318Z] > git status -z -uall [100ms]
[2022-06-02T04:58:59.457Z] > git symbolic-ref --short HEAD [56ms]
[2022-06-02T04:58:59.585Z] > git for-each-ref --format=%(refname)%00%(upstream:short)%00%(objectname)%00%(upstream:track)%00%(upstream:remotename)%00%(upstream:remoteref) refs/heads/master refs/remotes/master [57ms]
[2022-06-02T04:58:59.707Z] > git for-each-ref --sort -committerdate --format %(refname) %(objectname) %(*objectname) [57ms]
[2022-06-02T04:58:59.721Z] > git remote --verbose [48ms]
[2022-06-02T04:58:59.787Z] > git config --get commit.template [40ms]
[2022-06-02T04:59:00.287Z] > git fetch [1093ms]
[2022-06-02T04:59:00.372Z] > git status -z -uall [70ms]
[2022-06-02T04:59:00.396Z] > git show --textconv :app/Http/Controllers/HomeController.php [66ms]
[2022-06-02T04:59:00.397Z] > git check-ignore -v -z --stdin [26ms]
[2022-06-02T04:59:00.401Z] > git ls-files --stage -- /var/www/html/ryan/sample/app/Http/Controllers/HomeController.php [49ms]
[2022-06-02T04:59:00.435Z] > git cat-file -s 5b72f133040556ddfd9a0348a82d35a154b60497 [19ms]
[2022-06-02T04:59:00.444Z] > git symbolic-ref --short HEAD [48ms]
[2022-06-02T04:59:00.503Z] > git for-each-ref --format=%(refname)%00%(upstream:short)%00%(objectname)%00%(upstream:track)%00%(upstream:remotename)%00%(upstream:remoteref) refs/heads/master refs/remotes/master [49ms]
[2022-06-02T04:59:00.531Z] > git for-each-ref --sort -committerdate --format %(refname) %(objectname) %(*objectname) [15ms]
[2022-06-02T04:59:00.538Z] > git remote --verbose [12ms]
[2022-06-02T04:59:00.562Z] > git config --get commit.template [8ms]
[2022-06-02T04:59:01.618Z] > git ls-files --stage -- /var/www/html/ryan/sample/app/Http/Controllers/HomeController.php [7ms]
[2022-06-02T04:59:01.634Z] > git cat-file -s 5b72f133040556ddfd9a0348a82d35a154b60497 [5ms]
[2022-06-02T04:59:01.685Z] > git show --textconv :app/Http/Controllers/HomeController.php [7ms]
[2022-06-02T04:59:18.399Z] > git check-ignore -v -z --stdin [6ms]
[2022-06-02T04:59:25.214Z] > git check-ignore -v -z --stdin [5ms]
[2022-06-02T05:25:17.281Z] > git fetch [563ms]
[2022-06-02T05:25:17.309Z] > git status -z -uall [20ms]
[2022-06-02T05:25:17.332Z] > git symbolic-ref --short HEAD [7ms]
[2022-06-02T05:25:17.350Z] > git for-each-ref --format=%(refname)%00%(upstream:short)%00%(objectname)%00%(upstream:track)%00%(upstream:remotename)%00%(upstream:remoteref) refs/heads/master refs/remotes/master [7ms]
[2022-06-02T05:25:17.373Z] > git for-each-ref --sort -committerdate --format %(refname) %(objectname) %(*objectname) [13ms]
[2022-06-02T05:25:17.383Z] > git remote --verbose [14ms]
[2022-06-02T05:25:17.404Z] > git config --get commit.template [4ms]
[2022-06-02T05:25:18.531Z] > git ls-files --stage -- /var/www/html/ryan/sample/app/Http/Controllers/HomeController.php [6ms]
[2022-06-02T05:25:18.548Z] > git cat-file -s 5b72f133040556ddfd9a0348a82d35a154b60497 [4ms]
[2022-06-02T05:25:18.608Z] > git show --textconv :app/Http/Controllers/HomeController.php [7ms]
[2022-06-02T05:28:57.280Z] > git status -z -uall [14ms]
[2022-06-02T05:28:57.298Z] > git symbolic-ref --short HEAD [8ms]
[2022-06-02T05:28:57.332Z] > git for-each-ref --format=%(refname)%00%(upstream:short)%00%(objectname)%00%(upstream:track)%00%(upstream:remotename)%00%(upstream:remoteref) refs/heads/master refs/remotes/master [12ms]
[2022-06-02T05:28:57.362Z] > git for-each-ref --sort -committerdate --format %(refname) %(objectname) %(*objectname) [20ms]
[2022-06-02T05:28:57.379Z] > git remote --verbose [18ms]
[2022-06-02T05:28:57.412Z] > git config --get commit.template [14ms]
[2022-06-02T05:28:57.821Z] > git fetch [563ms]
[2022-06-02T05:28:57.838Z] > git status -z -uall [8ms]
[2022-06-02T05:28:57.853Z] > git symbolic-ref --short HEAD [5ms]
[2022-06-02T05:28:57.870Z] > git for-each-ref --format=%(refname)%00%(upstream:short)%00%(objectname)%00%(upstream:track)%00%(upstream:remotename)%00%(upstream:remoteref) refs/heads/master refs/remotes/master [2ms]
[2022-06-02T05:28:57.897Z] > git for-each-ref --sort -committerdate --format %(refname) %(objectname) %(*objectname) [18ms]
[2022-06-02T05:28:57.913Z] > git remote --verbose [21ms]
[2022-06-02T05:28:57.936Z] > git config --get commit.template [7ms]
[2022-06-02T05:28:59.084Z] > git ls-files --stage -- /var/www/html/ryan/sample/app/Http/Controllers/HomeController.php [7ms]
[2022-06-02T05:28:59.094Z] > git cat-file -s 5b72f133040556ddfd9a0348a82d35a154b60497 [2ms]
[2022-06-02T05:28:59.144Z] > git show --textconv :app/Http/Controllers/HomeController.php [4ms]
[2022-06-02T05:29:02.432Z] > git status -z -uall [8ms]
[2022-06-02T05:29:02.445Z] > git symbolic-ref --short HEAD [4ms]
[2022-06-02T05:29:02.460Z] > git for-each-ref --format=%(refname)%00%(upstream:short)%00%(objectname)%00%(upstream:track)%00%(upstream:remotename)%00%(upstream:remoteref) refs/heads/master refs/remotes/master [6ms]
[2022-06-02T05:29:02.481Z] > git for-each-ref --sort -committerdate --format %(refname) %(objectname) %(*objectname) [13ms]
[2022-06-02T05:29:02.488Z] > git remote --verbose [10ms]
[2022-06-02T05:29:02.512Z] > git config --get commit.template [10ms]
[2022-06-02T05:29:20.161Z] > git show --textconv :app/Http/Controllers/EmployeeController.php [14ms]
[2022-06-02T05:29:20.169Z] > git ls-files --stage -- /var/www/html/ryan/sample/app/Http/Controllers/EmployeeController.php [9ms]
[2022-06-02T05:29:20.184Z] > git cat-file -s 8b24beaaf98825021e6accaffeaeafd14981a8a7 [7ms]
[2022-06-02T05:29:21.078Z] > git show --textconv :routes/web.php [22ms]
[2022-06-02T05:29:21.080Z] > git ls-files --stage -- /var/www/html/ryan/sample/routes/web.php [11ms]
[2022-06-02T05:29:21.095Z] > git cat-file -s f1960dbb29f7112459ecfcd001a6fe4298b91ea2 [5ms]
[2022-06-02T05:30:37.671Z] > git check-ignore -v -z --stdin [213ms]
[2022-06-02T05:30:37.677Z] > git show --textconv :public/js/employee.js [98ms]
[2022-06-02T05:30:37.702Z] > git ls-files --stage -- /var/www/html/ryan/sample/public/js/employee.js [33ms]
[2022-06-02T05:30:37.798Z] > git cat-file -s 618ce903553570f085bca2dae80dd3641e2d5f55 [76ms]
[2022-06-02T05:30:37.939Z] > git show --textconv :app/Http/Controllers/HomeController.php [39ms]
[2022-06-02T05:30:37.948Z] > git ls-files --stage -- /var/www/html/ryan/sample/app/Http/Controllers/HomeController.php [14ms]
[2022-06-02T05:30:37.993Z] > git cat-file -s 5b72f133040556ddfd9a0348a82d35a154b60497 [13ms]
[2022-06-02T05:31:48.975Z] > git ls-files --stage -- /var/www/html/ryan/sample/app/Http/Controllers/EmployeeController.php [32ms]
[2022-06-02T05:31:48.989Z] > git show --textconv :app/Http/Controllers/EmployeeController.php [76ms]
[2022-06-02T05:31:49.002Z] > git cat-file -s 8b24beaaf98825021e6accaffeaeafd14981a8a7 [14ms]
[2022-06-02T05:31:58.528Z] > git fetch [580ms]
[2022-06-02T05:31:58.565Z] > git status -z -uall [26ms]
[2022-06-02T05:31:58.581Z] > git symbolic-ref --short HEAD [8ms]
[2022-06-02T05:31:58.602Z] > git for-each-ref --format=%(refname)%00%(upstream:short)%00%(objectname)%00%(upstream:track)%00%(upstream:remotename)%00%(upstream:remoteref) refs/heads/master refs/remotes/master [6ms]
[2022-06-02T05:31:58.637Z] > git for-each-ref --sort -committerdate --format %(refname) %(objectname) %(*objectname) [23ms]
[2022-06-02T05:31:58.642Z] > git remote --verbose [11ms]
[2022-06-02T05:31:58.669Z] > git config --get commit.template [7ms]
[2022-06-02T05:31:59.821Z] > git ls-files --stage -- /var/www/html/ryan/sample/app/Http/Controllers/EmployeeController.php [6ms]
[2022-06-02T05:31:59.835Z] > git cat-file -s 8b24beaaf98825021e6accaffeaeafd14981a8a7 [5ms]
[2022-06-02T05:31:59.889Z] > git show --textconv :app/Http/Controllers/EmployeeController.php [3ms]
[2022-06-02T05:34:59.227Z] > git fetch [533ms]
[2022-06-02T05:34:59.260Z] > git status -z -uall [24ms]
[2022-06-02T05:34:59.276Z] > git symbolic-ref --short HEAD [6ms]
[2022-06-02T05:34:59.300Z] > git for-each-ref --format=%(refname)%00%(upstream:short)%00%(objectname)%00%(upstream:track)%00%(upstream:remotename)%00%(upstream:remoteref) refs/heads/master refs/remotes/master [8ms]
[2022-06-02T05:34:59.342Z] > git for-each-ref --sort -committerdate --format %(refname) %(objectname) %(*objectname) [29ms]
[2022-06-02T05:34:59.348Z] > git remote --verbose [17ms]
[2022-06-02T05:34:59.369Z] > git config --get commit.template [2ms]
[2022-06-02T05:35:00.490Z] > git ls-files --stage -- /var/www/html/ryan/sample/app/Http/Controllers/EmployeeController.php [6ms]
[2022-06-02T05:35:00.505Z] > git cat-file -s 8b24beaaf98825021e6accaffeaeafd14981a8a7 [6ms]
[2022-06-02T05:35:00.555Z] > git show --textconv :app/Http/Controllers/EmployeeController.php [5ms]
[2022-06-02T05:37:59.839Z] > git fetch [455ms]
[2022-06-02T05:37:59.854Z] > git status -z -uall [8ms]
[2022-06-02T05:37:59.876Z] > git symbolic-ref --short HEAD [12ms]
[2022-06-02T05:37:59.890Z] > git for-each-ref --format=%(refname)%00%(upstream:short)%00%(objectname)%00%(upstream:track)%00%(upstream:remotename)%00%(upstream:remoteref) refs/heads/master refs/remotes/master [3ms]
[2022-06-02T05:37:59.915Z] > git for-each-ref --sort -committerdate --format %(refname) %(objectname) %(*objectname) [15ms]
[2022-06-02T05:37:59.920Z] > git remote --verbose [9ms]
[2022-06-02T05:37:59.940Z] > git config --get commit.template [5ms]
[2022-06-02T05:38:22.875Z] > git ls-files --stage -- /var/www/html/ryan/sample/app/Http/Controllers/EmployeeController.php [5ms]
[2022-06-02T05:38:22.885Z] > git cat-file -s 8b24beaaf98825021e6accaffeaeafd14981a8a7 [4ms]
[2022-06-02T05:38:22.935Z] > git show --textconv :app/Http/Controllers/EmployeeController.php [3ms]
[2022-06-02T05:44:45.472Z] > git fetch [574ms]
[2022-06-02T05:44:45.506Z] > git status -z -uall [23ms]
[2022-06-02T05:44:45.522Z] > git symbolic-ref --short HEAD [7ms]
[2022-06-02T05:44:45.535Z] > git for-each-ref --format=%(refname)%00%(upstream:short)%00%(objectname)%00%(upstream:track)%00%(upstream:remotename)%00%(upstream:remoteref) refs/heads/master refs/remotes/master [3ms]
[2022-06-02T05:44:45.567Z] > git remote --verbose [12ms]
[2022-06-02T05:44:45.567Z] > git for-each-ref --sort -committerdate --format %(refname) %(objectname) %(*objectname) [23ms]
[2022-06-02T05:44:45.590Z] > git config --get commit.template [8ms]
[2022-06-02T05:44:46.733Z] > git ls-files --stage -- /var/www/html/ryan/sample/app/Http/Controllers/EmployeeController.php [5ms]
[2022-06-02T05:44:46.745Z] > git cat-file -s 8b24beaaf98825021e6accaffeaeafd14981a8a7 [3ms]
[2022-06-02T05:44:46.799Z] > git show --textconv :app/Http/Controllers/EmployeeController.php [3ms]
[2022-06-02T05:45:52.082Z] > git show --textconv :public/js/employee.js [29ms]
[2022-06-02T05:45:52.090Z] > git ls-files --stage -- /var/www/html/ryan/sample/public/js/employee.js [9ms]
[2022-06-02T05:45:52.112Z] > git cat-file -s 618ce903553570f085bca2dae80dd3641e2d5f55 [8ms]
[2022-06-02T05:45:54.174Z] > git show --textconv :app/Http/Controllers/HomeController.php [18ms]
[2022-06-02T05:45:54.179Z] > git ls-files --stage -- /var/www/html/ryan/sample/app/Http/Controllers/HomeController.php [12ms]
[2022-06-02T05:45:54.193Z] > git cat-file -s 5b72f133040556ddfd9a0348a82d35a154b60497 [8ms]
[2022-06-02T05:45:55.295Z] > git show --textconv :public/js/employee.js [14ms]
[2022-06-02T05:45:55.301Z] > git ls-files --stage -- /var/www/html/ryan/sample/public/js/employee.js [7ms]
[2022-06-02T05:45:55.317Z] > git cat-file -s 618ce903553570f085bca2dae80dd3641e2d5f55 [7ms]
[2022-06-02T05:46:02.040Z] > git check-ignore -v -z --stdin [7ms]
[2022-06-02T05:48:33.871Z] > git fetch [547ms]
[2022-06-02T05:48:33.899Z] > git status -z -uall [16ms]
[2022-06-02T05:48:33.917Z] > git symbolic-ref --short HEAD [4ms]
[2022-06-02T05:48:33.931Z] > git for-each-ref --format=%(refname)%00%(upstream:short)%00%(objectname)%00%(upstream:track)%00%(upstream:remotename)%00%(upstream:remoteref) refs/heads/master refs/remotes/master [6ms]
[2022-06-02T05:48:33.948Z] > git for-each-ref --sort -committerdate --format %(refname) %(objectname) %(*objectname) [12ms]
[2022-06-02T05:48:33.955Z] > git remote --verbose [9ms]
[2022-06-02T05:48:33.975Z] > git config --get commit.template [6ms]
[2022-06-02T05:48:35.132Z] > git ls-files --stage -- /var/www/html/ryan/sample/public/js/employee.js [3ms]
[2022-06-02T05:48:35.146Z] > git cat-file -s 618ce903553570f085bca2dae80dd3641e2d5f55 [4ms]
[2022-06-02T05:48:35.199Z] > git show --textconv :public/js/employee.js [8ms]
[2022-06-02T05:51:34.409Z] > git fetch [423ms]
[2022-06-02T05:51:34.429Z] > git status -z -uall [9ms]
[2022-06-02T05:51:34.441Z] > git symbolic-ref --short HEAD [4ms]
[2022-06-02T05:51:34.459Z] > git for-each-ref --format=%(refname)%00%(upstream:short)%00%(objectname)%00%(upstream:track)%00%(upstream:remotename)%00%(upstream:remoteref) refs/heads/master refs/remotes/master [5ms]
[2022-06-02T05:51:34.476Z] > git for-each-ref --sort -committerdate --format %(refname) %(objectname) %(*objectname) [12ms]
[2022-06-02T05:51:34.478Z] > git remote --verbose [6ms]
[2022-06-02T05:51:34.531Z] > git config --get commit.template [9ms]
[2022-06-02T05:51:35.680Z] > git ls-files --stage -- /var/www/html/ryan/sample/public/js/employee.js [5ms]
[2022-06-02T05:51:35.693Z] > git cat-file -s 618ce903553570f085bca2dae80dd3641e2d5f55 [4ms]
[2022-06-02T05:51:35.751Z] > git show --textconv :public/js/employee.js [13ms]
[2022-06-02T05:54:34.979Z] > git fetch [436ms]
[2022-06-02T05:54:34.997Z] > git status -z -uall [9ms]
[2022-06-02T05:54:35.013Z] > git symbolic-ref --short HEAD [8ms]
[2022-06-02T05:54:35.031Z] > git for-each-ref --format=%(refname)%00%(upstream:short)%00%(objectname)%00%(upstream:track)%00%(upstream:remotename)%00%(upstream:remoteref) refs/heads/master refs/remotes/master [5ms]
[2022-06-02T05:54:35.052Z] > git for-each-ref --sort -committerdate --format %(refname) %(objectname) %(*objectname) [14ms]
[2022-06-02T05:54:35.060Z] > git remote --verbose [11ms]
[2022-06-02T05:54:35.078Z] > git config --get commit.template [4ms]
[2022-06-02T05:54:36.211Z] > git ls-files --stage -- /var/www/html/ryan/sample/public/js/employee.js [5ms]
[2022-06-02T05:54:36.225Z] > git cat-file -s 618ce903553570f085bca2dae80dd3641e2d5f55 [6ms]
[2022-06-02T05:54:36.281Z] > git show --textconv :public/js/employee.js [5ms]
[2022-06-02T06:01:35.601Z] > git fetch [866ms]
[2022-06-02T06:01:35.678Z] > git status -z -uall [66ms]
[2022-06-02T06:01:35.689Z] > git symbolic-ref --short HEAD [4ms]
[2022-06-02T06:01:35.702Z] > git for-each-ref --format=%(refname)%00%(upstream:short)%00%(objectname)%00%(upstream:track)%00%(upstream:remotename)%00%(upstream:remoteref) refs/heads/master refs/remotes/master [2ms]
[2022-06-02T06:01:35.724Z] > git for-each-ref --sort -committerdate --format %(refname) %(objectname) %(*objectname) [15ms]
[2022-06-02T06:01:35.751Z] > git remote --verbose [31ms]
[2022-06-02T06:01:35.773Z] > git config --get commit.template [4ms]
[2022-06-02T06:01:36.812Z] > git ls-files --stage -- /var/www/html/ryan/sample/public/js/employee.js [3ms]
[2022-06-02T06:01:36.829Z] > git cat-file -s 618ce903553570f085bca2dae80dd3641e2d5f55 [7ms]
[2022-06-02T06:01:36.881Z] > git show --textconv :public/js/employee.js [8ms]
[2022-06-02T06:06:10.932Z] > git fetch [437ms]
[2022-06-02T06:06:10.953Z] > git status -z -uall [11ms]
[2022-06-02T06:06:10.968Z] > git symbolic-ref --short HEAD [7ms]
[2022-06-02T06:06:10.985Z] > git for-each-ref --format=%(refname)%00%(upstream:short)%00%(objectname)%00%(upstream:track)%00%(upstream:remotename)%00%(upstream:remoteref) refs/heads/master refs/remotes/master [7ms]
[2022-06-02T06:06:11.009Z] > git for-each-ref --sort -committerdate --format %(refname) %(objectname) %(*objectname) [12ms]
[2022-06-02T06:06:11.018Z] > git remote --verbose [10ms]
[2022-06-02T06:06:11.036Z] > git config --get commit.template [3ms]
[2022-06-02T06:06:12.168Z] > git ls-files --stage -- /var/www/html/ryan/sample/public/js/employee.js [7ms]
[2022-06-02T06:06:12.180Z] > git cat-file -s 618ce903553570f085bca2dae80dd3641e2d5f55 [6ms]
[2022-06-02T06:06:12.231Z] > git show --textconv :public/js/employee.js [3ms]
[2022-06-02T06:06:41.096Z] git.stage 1
[2022-06-02T06:06:41.104Z] git.stage.scmResources 1
[2022-06-02T06:06:41.123Z] > git add -A -- /var/www/html/ryan/sample/public/js/employee.js [10ms]
[2022-06-02T06:06:41.146Z] > git status -z -uall [7ms]
[2022-06-02T06:06:41.162Z] > git symbolic-ref --short HEAD [3ms]
[2022-06-02T06:06:41.177Z] > git for-each-ref --format=%(refname)%00%(upstream:short)%00%(objectname)%00%(upstream:track)%00%(upstream:remotename)%00%(upstream:remoteref) refs/heads/master refs/remotes/master [5ms]
[2022-06-02T06:06:41.239Z] > git for-each-ref --sort -committerdate --format %(refname) %(objectname) %(*objectname) [48ms]
[2022-06-02T06:06:41.250Z] > git remote --verbose [12ms]
[2022-06-02T06:06:41.266Z] > git config --get commit.template [3ms]
[2022-06-02T06:06:42.395Z] > git ls-files --stage -- /var/www/html/ryan/sample/public/js/employee.js [5ms]
[2022-06-02T06:06:42.406Z] > git cat-file -s 97ef9555baa41c99ef243cf233cfae44d8dd74b5 [4ms]
[2022-06-02T06:06:42.461Z] > git show --textconv :public/js/employee.js [8ms]
[2022-06-02T06:06:53.825Z] > git -c user.useConfigOnly=true commit --quiet --allow-empty-message --file - [25ms]
[2022-06-02T06:06:53.845Z] > git status -z -uall [9ms]
[2022-06-02T06:06:53.860Z] > git symbolic-ref --short HEAD [4ms]
[2022-06-02T06:06:53.881Z] > git for-each-ref --format=%(refname)%00%(upstream:short)%00%(objectname)%00%(upstream:track)%00%(upstream:remotename)%00%(upstream:remoteref) refs/heads/master refs/remotes/master [12ms]
[2022-06-02T06:06:53.906Z] > git for-each-ref --sort -committerdate --format %(refname) %(objectname) %(*objectname) [15ms]
[2022-06-02T06:06:53.910Z] > git remote --verbose [5ms]
[2022-06-02T06:06:53.936Z] > git config --get commit.template [5ms]
[2022-06-02T06:06:55.083Z] > git ls-files --stage -- /var/www/html/ryan/sample/public/js/employee.js [6ms]
[2022-06-02T06:06:55.096Z] > git cat-file -s 97ef9555baa41c99ef243cf233cfae44d8dd74b5 [6ms]
[2022-06-02T06:06:55.147Z] > git show --textconv :public/js/employee.js [8ms]
[2022-06-02T06:07:10.056Z] > git log --oneline --cherry master...master@{upstream} -- [163ms]
[2022-06-02T06:07:11.050Z] > git pull --tags origin master [861ms]
[2022-06-02T06:07:11.050Z] From https://github.com/diazryan19/TMS
 * branch            master     -> FETCH_HEAD
[2022-06-02T06:07:12.292Z] > git ls-files --stage -- /var/www/html/ryan/sample/public/js/employee.js [6ms]
[2022-06-02T06:07:12.304Z] > git cat-file -s 97ef9555baa41c99ef243cf233cfae44d8dd74b5 [5ms]
[2022-06-02T06:07:12.360Z] > git show --textconv :public/js/employee.js [8ms]
[2022-06-02T06:07:12.721Z] > git push origin master:master [1659ms]
[2022-06-02T06:07:12.721Z] To https://github.com/diazryan19/TMS.git
   c3e7918..c9e864f  master -> master
[2022-06-02T06:07:12.782Z] > git status -z -uall [29ms]
[2022-06-02T06:07:12.810Z] > git symbolic-ref --short HEAD [15ms]
[2022-06-02T06:07:12.829Z] > git for-each-ref --format=%(refname)%00%(upstream:short)%00%(objectname)%00%(upstream:track)%00%(upstream:remotename)%00%(upstream:remoteref) refs/heads/master refs/remotes/master [5ms]
[2022-06-02T06:07:12.858Z] > git for-each-ref --sort -committerdate --format %(refname) %(objectname) %(*objectname) [18ms]
[2022-06-02T06:07:12.872Z] > git remote --verbose [15ms]
[2022-06-02T06:07:12.892Z] > git config --get commit.template [5ms]
[2022-06-02T06:07:13.922Z] > git status -z -uall [8ms]
[2022-06-02T06:07:13.937Z] > git symbolic-ref --short HEAD [4ms]
[2022-06-02T06:07:13.957Z] > git for-each-ref --format=%(refname)%00%(upstream:short)%00%(objectname)%00%(upstream:track)%00%(upstream:remotename)%00%(upstream:remoteref) refs/heads/master refs/remotes/master [7ms]
[2022-06-02T06:07:13.982Z] > git for-each-ref --sort -committerdate --format %(refname) %(objectname) %(*objectname) [14ms]
[2022-06-02T06:07:13.988Z] > git remote --verbose [7ms]
[2022-06-02T06:07:14.010Z] > git config --get commit.template [6ms]
[2022-06-02T06:07:14.062Z] > git ls-files --stage -- /var/www/html/ryan/sample/public/js/employee.js [5ms]
[2022-06-02T06:07:14.076Z] > git cat-file -s 97ef9555baa41c99ef243cf233cfae44d8dd74b5 [5ms]
[2022-06-02T06:07:14.134Z] > git show --textconv :public/js/employee.js [6ms]
[2022-06-02T06:16:24.903Z] > git status -z -uall [36ms]
[2022-06-02T06:16:24.927Z] > git symbolic-ref --short HEAD [6ms]
[2022-06-02T06:16:24.951Z] > git for-each-ref --format=%(refname)%00%(upstream:short)%00%(objectname)%00%(upstream:track)%00%(upstream:remotename)%00%(upstream:remoteref) refs/heads/master refs/remotes/master [6ms]
[2022-06-02T06:16:24.995Z] > git for-each-ref --sort -committerdate --format %(refname) %(objectname) %(*objectname) [21ms]
[2022-06-02T06:16:25.006Z] > git remote --verbose [13ms]
[2022-06-02T06:16:25.037Z] > git config --get commit.template [7ms]
[2022-06-02T06:16:25.464Z] > git fetch [608ms]
[2022-06-02T06:16:25.481Z] > git status -z -uall [6ms]
[2022-06-02T06:16:25.497Z] > git symbolic-ref --short HEAD [7ms]
[2022-06-02T06:16:25.521Z] > git for-each-ref --format=%(refname)%00%(upstream:short)%00%(objectname)%00%(upstream:track)%00%(upstream:remotename)%00%(upstream:remoteref) refs/heads/master refs/remotes/master [5ms]
[2022-06-02T06:16:25.546Z] > git for-each-ref --sort -committerdate --format %(refname) %(objectname) %(*objectname) [14ms]
[2022-06-02T06:16:25.551Z] > git remote --verbose [9ms]
[2022-06-02T06:16:25.572Z] > git config --get commit.template [8ms]
[2022-06-02T06:16:26.733Z] > git ls-files --stage -- /var/www/html/ryan/sample/public/js/employee.js [8ms]
[2022-06-02T06:16:26.748Z] > git cat-file -s 97ef9555baa41c99ef243cf233cfae44d8dd74b5 [6ms]
[2022-06-02T06:16:26.801Z] > git show --textconv :public/js/employee.js [5ms]
[2022-06-02T06:16:30.057Z] > git status -z -uall [6ms]
[2022-06-02T06:16:30.072Z] > git symbolic-ref --short HEAD [6ms]
[2022-06-02T06:16:30.084Z] > git for-each-ref --format=%(refname)%00%(upstream:short)%00%(objectname)%00%(upstream:track)%00%(upstream:remotename)%00%(upstream:remoteref) refs/heads/master refs/remotes/master [6ms]
[2022-06-02T06:16:30.108Z] > git for-each-ref --sort -committerdate --format %(refname) %(objectname) %(*objectname) [15ms]
[2022-06-02T06:16:30.112Z] > git remote --verbose [8ms]
[2022-06-02T06:16:30.128Z] > git config --get commit.template [3ms]
[2022-06-02T06:19:26.149Z] > git fetch [542ms]
[2022-06-02T06:19:26.182Z] > git status -z -uall [23ms]
[2022-06-02T06:19:26.199Z] > git symbolic-ref --short HEAD [5ms]
[2022-06-02T06:19:26.213Z] > git for-each-ref --format=%(refname)%00%(upstream:short)%00%(objectname)%00%(upstream:track)%00%(upstream:remotename)%00%(upstream:remoteref) refs/heads/master refs/remotes/master [5ms]
[2022-06-02T06:19:26.261Z] > git remote --verbose [6ms]
[2022-06-02T06:19:26.262Z] > git for-each-ref --sort -committerdate --format %(refname) %(objectname) %(*objectname) [28ms]
[2022-06-02T06:19:26.284Z] > git config --get commit.template [7ms]
[2022-06-02T06:19:27.435Z] > git ls-files --stage -- /var/www/html/ryan/sample/public/js/employee.js [5ms]
[2022-06-02T06:19:27.452Z] > git cat-file -s 97ef9555baa41c99ef243cf233cfae44d8dd74b5 [9ms]
[2022-06-02T06:19:27.506Z] > git show --textconv :public/js/employee.js [9ms]
[2022-06-02T06:26:58.549Z] > git fetch [482ms]
[2022-06-02T06:26:58.578Z] > git status -z -uall [21ms]
[2022-06-02T06:26:58.595Z] > git symbolic-ref --short HEAD [7ms]
[2022-06-02T06:26:58.608Z] > git for-each-ref --format=%(refname)%00%(upstream:short)%00%(objectname)%00%(upstream:track)%00%(upstream:remotename)%00%(upstream:remoteref) refs/heads/master refs/remotes/master [5ms]
[2022-06-02T06:26:58.631Z] > git for-each-ref --sort -committerdate --format %(refname) %(objectname) %(*objectname) [15ms]
[2022-06-02T06:26:58.640Z] > git remote --verbose [11ms]
[2022-06-02T06:26:58.656Z] > git config --get commit.template [4ms]
[2022-06-02T06:26:59.794Z] > git ls-files --stage -- /var/www/html/ryan/sample/public/js/employee.js [6ms]
[2022-06-02T06:26:59.810Z] > git cat-file -s 97ef9555baa41c99ef243cf233cfae44d8dd74b5 [8ms]
[2022-06-02T06:26:59.861Z] > git show --textconv :public/js/employee.js [5ms]
[2022-06-02T06:29:59.066Z] > git fetch [398ms]
[2022-06-02T06:29:59.082Z] > git status -z -uall [7ms]
[2022-06-02T06:29:59.097Z] > git symbolic-ref --short HEAD [5ms]
[2022-06-02T06:29:59.114Z] > git for-each-ref --format=%(refname)%00%(upstream:short)%00%(objectname)%00%(upstream:track)%00%(upstream:remotename)%00%(upstream:remoteref) refs/heads/master refs/remotes/master [2ms]
[2022-06-02T06:29:59.140Z] > git for-each-ref --sort -committerdate --format %(refname) %(objectname) %(*objectname) [17ms]
[2022-06-02T06:29:59.149Z] > git remote --verbose [15ms]
[2022-06-02T06:29:59.167Z] > git config --get commit.template [6ms]
[2022-06-02T06:30:00.291Z] > git ls-files --stage -- /var/www/html/ryan/sample/public/js/employee.js [3ms]
[2022-06-02T06:30:00.309Z] > git cat-file -s 97ef9555baa41c99ef243cf233cfae44d8dd74b5 [10ms]
[2022-06-02T06:30:00.361Z] > git show --textconv :public/js/employee.js [7ms]
[2022-06-02T06:31:28.222Z] > git show --textconv :app/Http/Controllers/HomeController.php [18ms]
[2022-06-02T06:31:28.231Z] > git ls-files --stage -- /var/www/html/ryan/sample/app/Http/Controllers/HomeController.php [11ms]
[2022-06-02T06:31:28.246Z] > git cat-file -s 5b72f133040556ddfd9a0348a82d35a154b60497 [7ms]
[2022-06-02T06:32:59.672Z] > git fetch [495ms]
[2022-06-02T06:32:59.697Z] > git status -z -uall [12ms]
[2022-06-02T06:32:59.712Z] > git symbolic-ref --short HEAD [4ms]
[2022-06-02T06:32:59.732Z] > git for-each-ref --format=%(refname)%00%(upstream:short)%00%(objectname)%00%(upstream:track)%00%(upstream:remotename)%00%(upstream:remoteref) refs/heads/master refs/remotes/master [5ms]
[2022-06-02T06:32:59.757Z] > git for-each-ref --sort -committerdate --format %(refname) %(objectname) %(*objectname) [17ms]
[2022-06-02T06:32:59.759Z] > git remote --verbose [9ms]
[2022-06-02T06:32:59.781Z] > git config --get commit.template [7ms]
[2022-06-02T06:33:00.902Z] > git ls-files --stage -- /var/www/html/ryan/sample/app/Http/Controllers/HomeController.php [4ms]
[2022-06-02T06:33:00.931Z] > git cat-file -s 5b72f133040556ddfd9a0348a82d35a154b60497 [3ms]
[2022-06-02T06:33:00.989Z] > git show --textconv :app/Http/Controllers/HomeController.php [6ms]
[2022-06-02T06:33:36.893Z] > git show --textconv :public/js/employee.js [32ms]
[2022-06-02T06:33:36.893Z] > git ls-files --stage -- /var/www/html/ryan/sample/public/js/employee.js [19ms]
[2022-06-02T06:33:36.917Z] > git cat-file -s 97ef9555baa41c99ef243cf233cfae44d8dd74b5 [15ms]
[2022-06-02T06:33:37.708Z] > git show --textconv :app/Http/Controllers/HomeController.php [16ms]
[2022-06-02T06:33:37.714Z] > git ls-files --stage -- /var/www/html/ryan/sample/app/Http/Controllers/HomeController.php [8ms]
[2022-06-02T06:33:37.732Z] > git cat-file -s 5b72f133040556ddfd9a0348a82d35a154b60497 [8ms]
[2022-06-02T06:33:39.238Z] > git show --textconv :public/js/branch.js [75ms]
[2022-06-02T06:33:39.260Z] > git ls-files --stage -- /var/www/html/ryan/sample/public/js/branch.js [29ms]
[2022-06-02T06:33:39.358Z] > git cat-file -s 6ace0d8d58a4affb4f3ad2ce7705c3fefcc9229c [28ms]
[2022-06-02T06:33:40.226Z] > git show --textconv :public/js/employee.js [23ms]
[2022-06-02T06:33:40.238Z] > git ls-files --stage -- /var/www/html/ryan/sample/public/js/employee.js [14ms]
[2022-06-02T06:33:40.296Z] > git cat-file -s 97ef9555baa41c99ef243cf233cfae44d8dd74b5 [30ms]
[2022-06-02T06:34:00.909Z] > git ls-files --stage -- /var/www/html/ryan/sample/app/Http/Controllers/EmployeeController.php [19ms]
[2022-06-02T06:34:00.923Z] > git show --textconv :app/Http/Controllers/EmployeeController.php [44ms]
[2022-06-02T06:34:00.932Z] > git cat-file -s 8b24beaaf98825021e6accaffeaeafd14981a8a7 [9ms]
[2022-06-02T06:37:09.704Z] > git status -z -uall [26ms]
[2022-06-02T06:37:09.729Z] > git symbolic-ref --short HEAD [12ms]
[2022-06-02T06:37:09.751Z] > git for-each-ref --format=%(refname)%00%(upstream:short)%00%(objectname)%00%(upstream:track)%00%(upstream:remotename)%00%(upstream:remoteref) refs/heads/master refs/remotes/master [11ms]
[2022-06-02T06:37:09.804Z] > git remote --verbose [12ms]
[2022-06-02T06:37:09.805Z] > git for-each-ref --sort -committerdate --format %(refname) %(objectname) %(*objectname) [28ms]
[2022-06-02T06:37:09.958Z] > git config --get commit.template [82ms]
[2022-06-02T06:37:10.360Z] > git fetch [694ms]
[2022-06-02T06:37:10.373Z] > git status -z -uall [4ms]
[2022-06-02T06:37:10.396Z] > git symbolic-ref --short HEAD [9ms]
[2022-06-02T06:37:10.409Z] > git for-each-ref --format=%(refname)%00%(upstream:short)%00%(objectname)%00%(upstream:track)%00%(upstream:remotename)%00%(upstream:remoteref) refs/heads/master refs/remotes/master [7ms]
[2022-06-02T06:37:10.433Z] > git for-each-ref --sort -committerdate --format %(refname) %(objectname) %(*objectname) [15ms]
[2022-06-02T06:37:10.436Z] > git remote --verbose [9ms]
[2022-06-02T06:37:10.466Z] > git config --get commit.template [9ms]
[2022-06-02T06:37:11.587Z] > git ls-files --stage -- /var/www/html/ryan/sample/app/Http/Controllers/EmployeeController.php [2ms]
[2022-06-02T06:37:11.602Z] > git cat-file -s 8b24beaaf98825021e6accaffeaeafd14981a8a7 [7ms]
[2022-06-02T06:37:11.653Z] > git show --textconv :app/Http/Controllers/EmployeeController.php [7ms]
[2022-06-02T06:37:14.982Z] > git status -z -uall [9ms]
[2022-06-02T06:37:14.997Z] > git symbolic-ref --short HEAD [6ms]
[2022-06-02T06:37:15.013Z] > git for-each-ref --format=%(refname)%00%(upstream:short)%00%(objectname)%00%(upstream:track)%00%(upstream:remotename)%00%(upstream:remoteref) refs/heads/master refs/remotes/master [7ms]
[2022-06-02T06:37:15.033Z] > git for-each-ref --sort -committerdate --format %(refname) %(objectname) %(*objectname) [12ms]
[2022-06-02T06:37:15.040Z] > git remote --verbose [8ms]
[2022-06-02T06:37:15.060Z] > git config --get commit.template [6ms]
[2022-06-02T06:37:27.307Z] > git status -z -uall [14ms]
[2022-06-02T06:37:27.320Z] > git symbolic-ref --short HEAD [4ms]
[2022-06-02T06:37:27.335Z] > git for-each-ref --format=%(refname)%00%(upstream:short)%00%(objectname)%00%(upstream:track)%00%(upstream:remotename)%00%(upstream:remoteref) refs/heads/master refs/remotes/master [3ms]
[2022-06-02T06:37:27.361Z] > git for-each-ref --sort -committerdate --format %(refname) %(objectname) %(*objectname) [12ms]
[2022-06-02T06:37:27.365Z] > git remote --verbose [7ms]
[2022-06-02T06:37:27.385Z] > git config --get commit.template [7ms]
[2022-06-02T06:37:32.401Z] > git status -z -uall [6ms]
[2022-06-02T06:37:32.416Z] > git symbolic-ref --short HEAD [6ms]
[2022-06-02T06:37:32.429Z] > git for-each-ref --format=%(refname)%00%(upstream:short)%00%(objectname)%00%(upstream:track)%00%(upstream:remotename)%00%(upstream:remoteref) refs/heads/master refs/remotes/master [4ms]
[2022-06-02T06:37:32.455Z] > git for-each-ref --sort -committerdate --format %(refname) %(objectname) %(*objectname) [12ms]
[2022-06-02T06:37:32.459Z] > git remote --verbose [8ms]
[2022-06-02T06:37:32.476Z] > git config --get commit.template [1ms]
[2022-06-02T06:37:38.068Z] > git check-ignore -v -z --stdin [8ms]
[2022-06-02T06:40:10.937Z] > git fetch [457ms]
[2022-06-02T06:40:10.970Z] > git status -z -uall [22ms]
[2022-06-02T06:40:10.987Z] > git symbolic-ref --short HEAD [3ms]
[2022-06-02T06:40:11.004Z] > git for-each-ref --format=%(refname)%00%(upstream:short)%00%(objectname)%00%(upstream:track)%00%(upstream:remotename)%00%(upstream:remoteref) refs/heads/master refs/remotes/master [6ms]
[2022-06-02T06:40:11.025Z] > git for-each-ref --sort -committerdate --format %(refname) %(objectname) %(*objectname) [12ms]
[2022-06-02T06:40:11.029Z] > git remote --verbose [8ms]
[2022-06-02T06:40:11.046Z] > git config --get commit.template [2ms]
[2022-06-02T06:40:12.202Z] > git ls-files --stage -- /var/www/html/ryan/sample/app/Http/Controllers/EmployeeController.php [5ms]
[2022-06-02T06:40:12.216Z] > git cat-file -s 8b24beaaf98825021e6accaffeaeafd14981a8a7 [4ms]
[2022-06-02T06:40:12.269Z] > git show --textconv :app/Http/Controllers/EmployeeController.php [7ms]
[2022-06-02T06:44:57.984Z] > git status -z -uall [27ms]
[2022-06-02T06:44:58.020Z] > git symbolic-ref --short HEAD [17ms]
[2022-06-02T06:44:58.085Z] > git for-each-ref --format=%(refname)%00%(upstream:short)%00%(objectname)%00%(upstream:track)%00%(upstream:remotename)%00%(upstream:remoteref) refs/heads/master refs/remotes/master [24ms]
[2022-06-02T06:44:58.127Z] > git for-each-ref --sort -committerdate --format %(refname) %(objectname) %(*objectname) [17ms]
[2022-06-02T06:44:58.140Z] > git remote --verbose [14ms]
[2022-06-02T06:44:58.173Z] > git config --get commit.template [8ms]
[2022-06-02T06:44:58.696Z] > git fetch [753ms]
[2022-06-02T06:44:58.716Z] > git status -z -uall [8ms]
[2022-06-02T06:44:58.734Z] > git symbolic-ref --short HEAD [8ms]
[2022-06-02T06:44:58.748Z] > git for-each-ref --format=%(refname)%00%(upstream:short)%00%(objectname)%00%(upstream:track)%00%(upstream:remotename)%00%(upstream:remoteref) refs/heads/master refs/remotes/master [2ms]
[2022-06-02T06:44:58.771Z] > git for-each-ref --sort -committerdate --format %(refname) %(objectname) %(*objectname) [14ms]
[2022-06-02T06:44:58.781Z] > git remote --verbose [11ms]
[2022-06-02T06:44:58.807Z] > git config --get commit.template [4ms]
[2022-06-02T06:44:59.925Z] > git ls-files --stage -- /var/www/html/ryan/sample/app/Http/Controllers/EmployeeController.php [5ms]
[2022-06-02T06:44:59.939Z] > git cat-file -s 8b24beaaf98825021e6accaffeaeafd14981a8a7 [4ms]
[2022-06-02T06:44:59.992Z] > git show --textconv :app/Http/Controllers/EmployeeController.php [7ms]
[2022-06-02T06:45:03.193Z] > git status -z -uall [9ms]
[2022-06-02T06:45:03.212Z] > git symbolic-ref --short HEAD [6ms]
[2022-06-02T06:45:03.231Z] > git for-each-ref --format=%(refname)%00%(upstream:short)%00%(objectname)%00%(upstream:track)%00%(upstream:remotename)%00%(upstream:remoteref) refs/heads/master refs/remotes/master [9ms]
[2022-06-02T06:45:03.266Z] > git for-each-ref --sort -committerdate --format %(refname) %(objectname) %(*objectname) [22ms]
[2022-06-02T06:45:03.270Z] > git remote --verbose [10ms]
[2022-06-02T06:45:03.297Z] > git config --get commit.template [9ms]
[2022-06-02T06:46:27.698Z] > git status -z -uall [8ms]
[2022-06-02T06:46:27.715Z] > git symbolic-ref --short HEAD [5ms]
[2022-06-02T06:46:27.732Z] > git for-each-ref --format=%(refname)%00%(upstream:short)%00%(objectname)%00%(upstream:track)%00%(upstream:remotename)%00%(upstream:remoteref) refs/heads/master refs/remotes/master [4ms]
[2022-06-02T06:46:27.761Z] > git for-each-ref --sort -committerdate --format %(refname) %(objectname) %(*objectname) [17ms]
[2022-06-02T06:46:27.766Z] > git remote --verbose [6ms]
[2022-06-02T06:46:27.783Z] > git config --get commit.template [4ms]
[2022-06-02T06:46:31.988Z] > git check-ignore -v -z --stdin [7ms]
[2022-06-02T06:49:04.787Z] > git fetch [609ms]
[2022-06-02T06:49:04.831Z] > git status -z -uall [22ms]
[2022-06-02T06:49:04.852Z] > git symbolic-ref --short HEAD [6ms]
[2022-06-02T06:49:04.872Z] > git for-each-ref --format=%(refname)%00%(upstream:short)%00%(objectname)%00%(upstream:track)%00%(upstream:remotename)%00%(upstream:remoteref) refs/heads/master refs/remotes/master [9ms]
[2022-06-02T06:49:04.909Z] > git remote --verbose [14ms]
[2022-06-02T06:49:04.910Z] > git for-each-ref --sort -committerdate --format %(refname) %(objectname) %(*objectname) [27ms]
[2022-06-02T06:49:04.984Z] > git config --get commit.template [7ms]
[2022-06-02T06:49:06.020Z] > git ls-files --stage -- /var/www/html/ryan/sample/app/Http/Controllers/EmployeeController.php [6ms]
[2022-06-02T06:49:06.035Z] > git cat-file -s 8b24beaaf98825021e6accaffeaeafd14981a8a7 [7ms]
[2022-06-02T06:49:06.093Z] > git show --textconv :app/Http/Controllers/EmployeeController.php [10ms]
[2022-06-02T06:53:02.830Z] > git status -z -uall [17ms]
[2022-06-02T06:53:02.846Z] > git symbolic-ref --short HEAD [8ms]
[2022-06-02T06:53:02.876Z] > git for-each-ref --format=%(refname)%00%(upstream:short)%00%(objectname)%00%(upstream:track)%00%(upstream:remotename)%00%(upstream:remoteref) refs/heads/master refs/remotes/master [13ms]
[2022-06-02T06:53:02.912Z] > git for-each-ref --sort -committerdate --format %(refname) %(objectname) %(*objectname) [23ms]
[2022-06-02T06:53:02.925Z] > git remote --verbose [20ms]
[2022-06-02T06:53:02.952Z] > git config --get commit.template [6ms]
[2022-06-02T06:53:03.467Z] > git fetch [675ms]
[2022-06-02T06:53:03.489Z] > git status -z -uall [12ms]
[2022-06-02T06:53:03.513Z] > git symbolic-ref --short HEAD [7ms]
[2022-06-02T06:53:03.529Z] > git for-each-ref --format=%(refname)%00%(upstream:short)%00%(objectname)%00%(upstream:track)%00%(upstream:remotename)%00%(upstream:remoteref) refs/heads/master refs/remotes/master [6ms]
[2022-06-02T06:53:03.559Z] > git for-each-ref --sort -committerdate --format %(refname) %(objectname) %(*objectname) [19ms]
[2022-06-02T06:53:03.564Z] > git remote --verbose [9ms]
[2022-06-02T06:53:03.585Z] > git config --get commit.template [5ms]
[2022-06-02T06:53:04.713Z] > git ls-files --stage -- /var/www/html/ryan/sample/app/Http/Controllers/EmployeeController.php [4ms]
[2022-06-02T06:53:04.729Z] > git cat-file -s 8b24beaaf98825021e6accaffeaeafd14981a8a7 [7ms]
[2022-06-02T06:53:04.779Z] > git show --textconv :app/Http/Controllers/EmployeeController.php [6ms]
[2022-06-02T06:53:07.976Z] > git status -z -uall [12ms]
[2022-06-02T06:53:07.992Z] > git symbolic-ref --short HEAD [6ms]
[2022-06-02T06:53:08.012Z] > git for-each-ref --format=%(refname)%00%(upstream:short)%00%(objectname)%00%(upstream:track)%00%(upstream:remotename)%00%(upstream:remoteref) refs/heads/master refs/remotes/master [9ms]
[2022-06-02T06:53:08.048Z] > git for-each-ref --sort -committerdate --format %(refname) %(objectname) %(*objectname) [25ms]
[2022-06-02T06:53:08.049Z] > git remote --verbose [10ms]
[2022-06-02T06:53:08.077Z] > git config --get commit.template [13ms]
[2022-06-02T06:56:04.154Z] > git fetch [556ms]
[2022-06-02T06:56:04.187Z] > git status -z -uall [22ms]
[2022-06-02T06:56:04.205Z] > git symbolic-ref --short HEAD [0ms]
[2022-06-02T06:56:04.224Z] > git for-each-ref --format=%(refname)%00%(upstream:short)%00%(objectname)%00%(upstream:track)%00%(upstream:remotename)%00%(upstream:remoteref) refs/heads/master refs/remotes/master [10ms]
[2022-06-02T06:56:04.253Z] > git for-each-ref --sort -committerdate --format %(refname) %(objectname) %(*objectname) [18ms]
[2022-06-02T06:56:04.254Z] > git remote --verbose [7ms]
[2022-06-02T06:56:04.272Z] > git config --get commit.template [4ms]
[2022-06-02T06:56:05.372Z] > git ls-files --stage -- /var/www/html/ryan/sample/app/Http/Controllers/EmployeeController.php [7ms]
[2022-06-02T06:56:05.385Z] > git cat-file -s 8b24beaaf98825021e6accaffeaeafd14981a8a7 [5ms]
[2022-06-02T06:56:05.439Z] > git show --textconv :app/Http/Controllers/EmployeeController.php [9ms]
[2022-06-02T06:59:04.810Z] > git fetch [525ms]
[2022-06-02T06:59:04.837Z] > git status -z -uall [16ms]
[2022-06-02T06:59:04.860Z] > git symbolic-ref --short HEAD [6ms]
[2022-06-02T06:59:04.870Z] > git for-each-ref --format=%(refname)%00%(upstream:short)%00%(objectname)%00%(upstream:track)%00%(upstream:remotename)%00%(upstream:remoteref) refs/heads/master refs/remotes/master [2ms]
[2022-06-02T06:59:04.895Z] > git for-each-ref --sort -committerdate --format %(refname) %(objectname) %(*objectname) [15ms]
[2022-06-02T06:59:04.906Z] > git remote --verbose [16ms]
[2022-06-02T06:59:04.925Z] > git config --get commit.template [6ms]
[2022-06-02T06:59:06.058Z] > git ls-files --stage -- /var/www/html/ryan/sample/app/Http/Controllers/EmployeeController.php [6ms]
[2022-06-02T06:59:06.072Z] > git cat-file -s 8b24beaaf98825021e6accaffeaeafd14981a8a7 [4ms]
[2022-06-02T06:59:06.125Z] > git show --textconv :app/Http/Controllers/EmployeeController.php [5ms]
[2022-06-02T07:02:05.367Z] > git fetch [430ms]
[2022-06-02T07:02:05.385Z] > git status -z -uall [8ms]
[2022-06-02T07:02:05.405Z] > git symbolic-ref --short HEAD [8ms]
[2022-06-02T07:02:05.422Z] > git for-each-ref --format=%(refname)%00%(upstream:short)%00%(objectname)%00%(upstream:track)%00%(upstream:remotename)%00%(upstream:remoteref) refs/heads/master refs/remotes/master [6ms]
[2022-06-02T07:02:05.445Z] > git for-each-ref --sort -committerdate --format %(refname) %(objectname) %(*objectname) [14ms]
[2022-06-02T07:02:05.452Z] > git remote --verbose [8ms]
[2022-06-02T07:02:05.472Z] > git config --get commit.template [7ms]
[2022-06-02T07:02:06.601Z] > git ls-files --stage -- /var/www/html/ryan/sample/app/Http/Controllers/EmployeeController.php [5ms]
[2022-06-02T07:02:06.614Z] > git cat-file -s 8b24beaaf98825021e6accaffeaeafd14981a8a7 [5ms]
[2022-06-02T07:02:06.670Z] > git show --textconv :app/Http/Controllers/EmployeeController.php [8ms]
[2022-06-02T07:05:05.898Z] > git fetch [412ms]
[2022-06-02T07:05:05.916Z] > git status -z -uall [6ms]
[2022-06-02T07:05:05.932Z] > git symbolic-ref --short HEAD [6ms]
[2022-06-02T07:05:05.951Z] > git for-each-ref --format=%(refname)%00%(upstream:short)%00%(objectname)%00%(upstream:track)%00%(upstream:remotename)%00%(upstream:remoteref) refs/heads/master refs/remotes/master [3ms]
[2022-06-02T07:05:05.974Z] > git for-each-ref --sort -committerdate --format %(refname) %(objectname) %(*objectname) [16ms]
[2022-06-02T07:05:05.981Z] > git remote --verbose [8ms]
[2022-06-02T07:05:06.002Z] > git config --get commit.template [8ms]
[2022-06-02T07:05:07.134Z] > git ls-files --stage -- /var/www/html/ryan/sample/app/Http/Controllers/EmployeeController.php [2ms]
[2022-06-02T07:05:07.149Z] > git cat-file -s 8b24beaaf98825021e6accaffeaeafd14981a8a7 [6ms]
[2022-06-02T07:05:07.199Z] > git show --textconv :app/Http/Controllers/EmployeeController.php [3ms]
[2022-06-02T07:08:06.442Z] > git fetch [430ms]
[2022-06-02T07:08:06.460Z] > git status -z -uall [6ms]
[2022-06-02T07:08:06.474Z] > git symbolic-ref --short HEAD [5ms]
[2022-06-02T07:08:06.492Z] > git for-each-ref --format=%(refname)%00%(upstream:short)%00%(objectname)%00%(upstream:track)%00%(upstream:remotename)%00%(upstream:remoteref) refs/heads/master refs/remotes/master [4ms]
[2022-06-02T07:08:06.518Z] > git for-each-ref --sort -committerdate --format %(refname) %(objectname) %(*objectname) [16ms]
[2022-06-02T07:08:06.523Z] > git remote --verbose [8ms]
[2022-06-02T07:08:06.542Z] > git config --get commit.template [2ms]
[2022-06-02T07:08:07.670Z] > git ls-files --stage -- /var/www/html/ryan/sample/app/Http/Controllers/EmployeeController.php [6ms]
[2022-06-02T07:08:07.684Z] > git cat-file -s 8b24beaaf98825021e6accaffeaeafd14981a8a7 [6ms]
[2022-06-02T07:08:07.740Z] > git show --textconv :app/Http/Controllers/EmployeeController.php [9ms]
[2022-06-02T07:11:06.987Z] > git fetch [435ms]
[2022-06-02T07:11:07.008Z] > git status -z -uall [11ms]
[2022-06-02T07:11:07.028Z] > git symbolic-ref --short HEAD [8ms]
[2022-06-02T07:11:07.043Z] > git for-each-ref --format=%(refname)%00%(upstream:short)%00%(objectname)%00%(upstream:track)%00%(upstream:remotename)%00%(upstream:remoteref) refs/heads/master refs/remotes/master [7ms]
[2022-06-02T07:11:07.066Z] > git for-each-ref --sort -committerdate --format %(refname) %(objectname) %(*objectname) [13ms]
[2022-06-02T07:11:07.073Z] > git remote --verbose [8ms]
[2022-06-02T07:11:07.094Z] > git config --get commit.template [3ms]
[2022-06-02T07:11:08.226Z] > git ls-files --stage -- /var/www/html/ryan/sample/app/Http/Controllers/EmployeeController.php [9ms]
[2022-06-02T07:11:08.240Z] > git cat-file -s 8b24beaaf98825021e6accaffeaeafd14981a8a7 [6ms]
[2022-06-02T07:11:08.290Z] > git show --textconv :app/Http/Controllers/EmployeeController.php [5ms]
[2022-06-02T07:14:07.709Z] > git fetch [516ms]
[2022-06-02T07:14:07.747Z] > git status -z -uall [23ms]
[2022-06-02T07:14:07.772Z] > git symbolic-ref --short HEAD [9ms]
[2022-06-02T07:14:07.789Z] > git for-each-ref --format=%(refname)%00%(upstream:short)%00%(objectname)%00%(upstream:track)%00%(upstream:remotename)%00%(upstream:remoteref) refs/heads/master refs/remotes/master [5ms]
[2022-06-02T07:14:07.826Z] > git remote --verbose [9ms]
[2022-06-02T07:14:07.827Z] > git for-each-ref --sort -committerdate --format %(refname) %(objectname) %(*objectname) [23ms]
[2022-06-02T07:14:07.859Z] > git config --get commit.template [5ms]
[2022-06-02T07:14:08.921Z] > git ls-files --stage -- /var/www/html/ryan/sample/app/Http/Controllers/EmployeeController.php [6ms]
[2022-06-02T07:14:08.934Z] > git cat-file -s 8b24beaaf98825021e6accaffeaeafd14981a8a7 [4ms]
[2022-06-02T07:14:08.988Z] > git show --textconv :app/Http/Controllers/EmployeeController.php [8ms]
[2022-06-02T07:42:55.924Z] > git status -z -uall [31ms]
[2022-06-02T07:42:55.948Z] > git symbolic-ref --short HEAD [13ms]
[2022-06-02T07:42:55.978Z] > git for-each-ref --format=%(refname)%00%(upstream:short)%00%(objectname)%00%(upstream:track)%00%(upstream:remotename)%00%(upstream:remoteref) refs/heads/master refs/remotes/master [20ms]
[2022-06-02T07:42:56.020Z] > git for-each-ref --sort -committerdate --format %(refname) %(objectname) %(*objectname) [28ms]
[2022-06-02T07:42:56.028Z] > git remote --verbose [11ms]
[2022-06-02T07:42:56.057Z] > git config --get commit.template [8ms]
[2022-06-02T07:42:56.461Z] > git fetch [594ms]
[2022-06-02T07:42:56.477Z] > git status -z -uall [7ms]
[2022-06-02T07:42:56.493Z] > git symbolic-ref --short HEAD [6ms]
[2022-06-02T07:42:56.515Z] > git for-each-ref --format=%(refname)%00%(upstream:short)%00%(objectname)%00%(upstream:track)%00%(upstream:remotename)%00%(upstream:remoteref) refs/heads/master refs/remotes/master [0ms]
[2022-06-02T07:42:56.534Z] > git for-each-ref --sort -committerdate --format %(refname) %(objectname) %(*objectname) [9ms]
[2022-06-02T07:42:56.542Z] > git remote --verbose [9ms]
[2022-06-02T07:42:56.560Z] > git config --get commit.template [4ms]
[2022-06-02T07:42:57.697Z] > git ls-files --stage -- /var/www/html/ryan/sample/app/Http/Controllers/EmployeeController.php [6ms]
[2022-06-02T07:42:57.708Z] > git cat-file -s 8b24beaaf98825021e6accaffeaeafd14981a8a7 [3ms]
[2022-06-02T07:42:57.768Z] > git show --textconv :app/Http/Controllers/EmployeeController.php [1ms]
[2022-06-02T07:50:34.919Z] > git status -z -uall [12ms]
[2022-06-02T07:50:34.937Z] > git symbolic-ref --short HEAD [5ms]
[2022-06-02T07:50:34.975Z] > git for-each-ref --format=%(refname)%00%(upstream:short)%00%(objectname)%00%(upstream:track)%00%(upstream:remotename)%00%(upstream:remoteref) refs/heads/master refs/remotes/master [24ms]
[2022-06-02T07:50:35.003Z] > git for-each-ref --sort -committerdate --format %(refname) %(objectname) %(*objectname) [17ms]
[2022-06-02T07:50:35.011Z] > git remote --verbose [12ms]
[2022-06-02T07:50:35.094Z] > git config --get commit.template [44ms]
[2022-06-02T07:50:35.532Z] > git fetch [636ms]
[2022-06-02T07:50:35.549Z] > git status -z -uall [5ms]
[2022-06-02T07:50:35.576Z] > git symbolic-ref --short HEAD [11ms]
[2022-06-02T07:50:35.596Z] > git for-each-ref --format=%(refname)%00%(upstream:short)%00%(objectname)%00%(upstream:track)%00%(upstream:remotename)%00%(upstream:remoteref) refs/heads/master refs/remotes/master [9ms]
[2022-06-02T07:50:35.628Z] > git for-each-ref --sort -committerdate --format %(refname) %(objectname) %(*objectname) [21ms]
[2022-06-02T07:50:35.640Z] > git remote --verbose [20ms]
[2022-06-02T07:50:35.669Z] > git config --get commit.template [4ms]
[2022-06-02T07:50:36.779Z] > git ls-files --stage -- /var/www/html/ryan/sample/app/Http/Controllers/EmployeeController.php [2ms]
[2022-06-02T07:50:36.795Z] > git cat-file -s 8b24beaaf98825021e6accaffeaeafd14981a8a7 [5ms]
[2022-06-02T07:50:36.846Z] > git show --textconv :app/Http/Controllers/EmployeeController.php [6ms]
[2022-06-02T07:50:40.112Z] > git status -z -uall [9ms]
[2022-06-02T07:50:40.125Z] > git symbolic-ref --short HEAD [5ms]
[2022-06-02T07:50:40.146Z] > git for-each-ref --format=%(refname)%00%(upstream:short)%00%(objectname)%00%(upstream:track)%00%(upstream:remotename)%00%(upstream:remoteref) refs/heads/master refs/remotes/master [5ms]
[2022-06-02T07:50:40.167Z] > git for-each-ref --sort -committerdate --format %(refname) %(objectname) %(*objectname) [13ms]
[2022-06-02T07:50:40.173Z] > git remote --verbose [7ms]
[2022-06-02T07:50:40.191Z] > git config --get commit.template [5ms]
[2022-06-02T08:44:15.202Z] > git fetch [614ms]
[2022-06-02T08:44:15.235Z] > git status -z -uall [24ms]
[2022-06-02T08:44:15.249Z] > git symbolic-ref --short HEAD [2ms]
[2022-06-02T08:44:15.261Z] > git for-each-ref --format=%(refname)%00%(upstream:short)%00%(objectname)%00%(upstream:track)%00%(upstream:remotename)%00%(upstream:remoteref) refs/heads/master refs/remotes/master [2ms]
[2022-06-02T08:44:15.285Z] > git for-each-ref --sort -committerdate --format %(refname) %(objectname) %(*objectname) [13ms]
[2022-06-02T08:44:15.293Z] > git remote --verbose [10ms]
[2022-06-02T08:44:15.311Z] > git config --get commit.template [2ms]
[2022-06-02T08:44:16.440Z] > git ls-files --stage -- /var/www/html/ryan/sample/app/Http/Controllers/EmployeeController.php [7ms]
[2022-06-02T08:44:16.453Z] > git cat-file -s 8b24beaaf98825021e6accaffeaeafd14981a8a7 [5ms]
[2022-06-02T08:44:16.504Z] > git show --textconv :app/Http/Controllers/EmployeeController.php [8ms]
