[2022-06-02T04:31:05.657Z] Validating found git in: git
[2022-06-02T04:31:05.896Z] Using git 2.17.1 from git
[2022-06-02T04:31:06.158Z] > git rev-parse --show-toplevel [190ms]
[2022-06-02T04:31:06.206Z] > git rev-parse --git-dir --git-common-dir [9ms]
[2022-06-02T04:31:06.222Z] Open repository: /var/www/html/ryan/sample
[2022-06-02T04:31:06.367Z] > git status -z -uall [108ms]
[2022-06-02T04:31:06.429Z] > git symbolic-ref --short HEAD [47ms]
[2022-06-02T04:31:06.570Z] > git for-each-ref --format=%(refname)%00%(upstream:short)%00%(objectname)%00%(upstream:track)%00%(upstream:remotename)%00%(upstream:remoteref) refs/heads/master refs/remotes/master [109ms]
[2022-06-02T04:31:06.757Z] > git for-each-ref --sort -committerdate --format %(refname) %(objectname) %(*objectname) [149ms]
[2022-06-02T04:31:06.759Z] > git remote --verbose [71ms]
[2022-06-02T04:31:06.840Z] > git config --get commit.template [31ms]
[2022-06-02T04:31:07.185Z] > git fetch [939ms]
[2022-06-02T04:31:07.241Z] > git status -z -uall [32ms]
[2022-06-02T04:31:07.266Z] > git symbolic-ref --short HEAD [14ms]
[2022-06-02T04:31:07.312Z] > git for-each-ref --format=%(refname)%00%(upstream:short)%00%(objectname)%00%(upstream:track)%00%(upstream:remotename)%00%(upstream:remoteref) refs/heads/master refs/remotes/master [37ms]
[2022-06-02T04:31:07.335Z] > git for-each-ref --sort -committerdate --format %(refname) %(objectname) %(*objectname) [11ms]
[2022-06-02T04:31:07.365Z] > git remote --verbose [31ms]
[2022-06-02T04:31:07.404Z] > git config --get commit.template [9ms]
[2022-06-02T04:31:07.540Z] > git show --textconv :app/Http/Controllers/BranchController.php [25ms]
[2022-06-02T04:31:07.543Z] > git ls-files --stage -- /var/www/html/ryan/sample/app/Http/Controllers/BranchController.php [10ms]
[2022-06-02T04:31:07.605Z] > git cat-file -s f7e3571f9b62802ec799edc7437ee5bfa7146f73 [48ms]
[2022-06-02T04:31:07.739Z] > git check-ignore -v -z --stdin [3ms]
[2022-06-02T04:31:08.510Z] > git status -z -uall [8ms]
[2022-06-02T04:31:08.525Z] > git symbolic-ref --short HEAD [6ms]
[2022-06-02T04:31:08.540Z] > git for-each-ref --format=%(refname)%00%(upstream:short)%00%(objectname)%00%(upstream:track)%00%(upstream:remotename)%00%(upstream:remoteref) refs/heads/master refs/remotes/master [6ms]
[2022-06-02T04:31:08.565Z] > git for-each-ref --sort -committerdate --format %(refname) %(objectname) %(*objectname) [16ms]
[2022-06-02T04:31:08.572Z] > git remote --verbose [8ms]
[2022-06-02T04:31:08.590Z] > git config --get commit.template [7ms]
[2022-06-02T04:31:08.659Z] > git ls-files --stage -- /var/www/html/ryan/sample/app/Http/Controllers/BranchController.php [1ms]
[2022-06-02T04:31:08.677Z] > git cat-file -s f7e3571f9b62802ec799edc7437ee5bfa7146f73 [10ms]
[2022-06-02T04:31:08.729Z] > git show --textconv :app/Http/Controllers/BranchController.php [7ms]
[2022-06-02T04:31:11.786Z] > git check-ignore -v -z --stdin [4ms]
[2022-06-02T04:31:17.159Z] > git check-ignore -v -z --stdin [3ms]
[2022-06-02T04:31:18.820Z] > git check-ignore -v -z --stdin [3ms]
[2022-06-02T04:31:21.248Z] > git check-ignore -v -z --stdin [6ms]
[2022-06-02T04:31:22.753Z] > git check-ignore -v -z --stdin [3ms]
[2022-06-02T04:31:26.100Z] > git check-ignore -v -z --stdin [12ms]
[2022-06-02T04:33:54.696Z] > git status -z -uall [8ms]
[2022-06-02T04:33:54.712Z] > git symbolic-ref --short HEAD [6ms]
[2022-06-02T04:33:54.726Z] > git for-each-ref --format=%(refname)%00%(upstream:short)%00%(objectname)%00%(upstream:track)%00%(upstream:remotename)%00%(upstream:remoteref) refs/heads/master refs/remotes/master [5ms]
[2022-06-02T04:33:54.748Z] > git for-each-ref --sort -committerdate --format %(refname) %(objectname) %(*objectname) [14ms]
[2022-06-02T04:33:54.750Z] > git remote --verbose [7ms]
[2022-06-02T04:33:54.793Z] > git config --get commit.template [24ms]
[2022-06-02T04:33:59.821Z] > git status -z -uall [8ms]
[2022-06-02T04:33:59.836Z] > git symbolic-ref --short HEAD [7ms]
[2022-06-02T04:33:59.849Z] > git for-each-ref --format=%(refname)%00%(upstream:short)%00%(objectname)%00%(upstream:track)%00%(upstream:remotename)%00%(upstream:remoteref) refs/heads/master refs/remotes/master [4ms]
[2022-06-02T04:33:59.873Z] > git for-each-ref --sort -committerdate --format %(refname) %(objectname) %(*objectname) [15ms]
[2022-06-02T04:33:59.876Z] > git remote --verbose [10ms]
[2022-06-02T04:33:59.896Z] > git config --get commit.template [6ms]
[2022-06-02T04:34:03.966Z] > git show --textconv :public/js/branch.js [116ms]
[2022-06-02T04:34:03.967Z] > git ls-files --stage -- /var/www/html/ryan/sample/public/js/branch.js [49ms]
[2022-06-02T04:34:04.188Z] > git cat-file -s 6ace0d8d58a4affb4f3ad2ce7705c3fefcc9229c [153ms]
[2022-06-02T04:34:04.662Z] > git show --textconv :public/js/employee.js [52ms]
[2022-06-02T04:34:04.668Z] > git ls-files --stage -- /var/www/html/ryan/sample/public/js/employee.js [26ms]
[2022-06-02T04:34:04.708Z] > git cat-file -s 618ce903553570f085bca2dae80dd3641e2d5f55 [13ms]
[2022-06-02T04:34:05.681Z] > git show --textconv :public/js/branch.js [75ms]
[2022-06-02T04:34:05.681Z] > git ls-files --stage -- /var/www/html/ryan/sample/public/js/branch.js [9ms]
[2022-06-02T04:34:05.746Z] > git cat-file -s 6ace0d8d58a4affb4f3ad2ce7705c3fefcc9229c [32ms]
[2022-06-02T04:34:08.875Z] > git ls-files --stage -- /var/www/html/ryan/sample/public/js/branch.js [27ms]
[2022-06-02T04:34:08.931Z] > git cat-file -s 6ace0d8d58a4affb4f3ad2ce7705c3fefcc9229c [26ms]
[2022-06-02T04:34:09.049Z] > git show --textconv :public/js/branch.js [35ms]
[2022-06-02T04:34:09.180Z] > git fetch [1709ms]
[2022-06-02T04:34:09.274Z] > git status -z -uall [83ms]
[2022-06-02T04:34:09.322Z] > git symbolic-ref --short HEAD [13ms]
[2022-06-02T04:34:09.380Z] > git for-each-ref --format=%(refname)%00%(upstream:short)%00%(objectname)%00%(upstream:track)%00%(upstream:remotename)%00%(upstream:remoteref) refs/heads/master refs/remotes/master [32ms]
[2022-06-02T04:34:09.470Z] > git remote --verbose [41ms]
[2022-06-02T04:34:09.474Z] > git for-each-ref --sort -committerdate --format %(refname) %(objectname) %(*objectname) [70ms]
[2022-06-02T04:34:09.586Z] > git config --get commit.template [23ms]
[2022-06-02T04:34:10.372Z] > git ls-files --stage -- /var/www/html/ryan/sample/public/js/branch.js [38ms]
[2022-06-02T04:34:10.424Z] > git cat-file -s 6ace0d8d58a4affb4f3ad2ce7705c3fefcc9229c [34ms]
[2022-06-02T04:34:10.525Z] > git show --textconv :public/js/branch.js [45ms]
[2022-06-02T04:34:31.073Z] > git status -z -uall [40ms]
[2022-06-02T04:34:31.090Z] > git symbolic-ref --short HEAD [8ms]
[2022-06-02T04:34:31.106Z] > git for-each-ref --format=%(refname)%00%(upstream:short)%00%(objectname)%00%(upstream:track)%00%(upstream:remotename)%00%(upstream:remoteref) refs/heads/master refs/remotes/master [8ms]
[2022-06-02T04:34:31.132Z] > git remote --verbose [11ms]
[2022-06-02T04:34:31.133Z] > git for-each-ref --sort -committerdate --format %(refname) %(objectname) %(*objectname) [21ms]
[2022-06-02T04:34:31.152Z] > git config --get commit.template [8ms]
[2022-06-02T04:34:36.173Z] > git status -z -uall [8ms]
[2022-06-02T04:34:36.188Z] > git symbolic-ref --short HEAD [6ms]
[2022-06-02T04:34:36.198Z] > git for-each-ref --format=%(refname)%00%(upstream:short)%00%(objectname)%00%(upstream:track)%00%(upstream:remotename)%00%(upstream:remoteref) refs/heads/master refs/remotes/master [2ms]
[2022-06-02T04:34:36.217Z] > git for-each-ref --sort -committerdate --format %(refname) %(objectname) %(*objectname) [11ms]
[2022-06-02T04:34:36.224Z] > git remote --verbose [8ms]
[2022-06-02T04:34:36.240Z] > git config --get commit.template [6ms]
[2022-06-02T04:37:03.686Z] > git ls-files --stage -- /var/www/html/ryan/sample/app/Http/Controllers/HomeController.php [18ms]
[2022-06-02T04:37:03.703Z] > git show --textconv :app/Http/Controllers/HomeController.php [52ms]
[2022-06-02T04:37:03.710Z] > git cat-file -s 5b72f133040556ddfd9a0348a82d35a154b60497 [8ms]
[2022-06-02T04:37:04.224Z] > git show --textconv :public/js/employee.js [99ms]
[2022-06-02T04:37:04.239Z] > git ls-files --stage -- /var/www/html/ryan/sample/public/js/employee.js [66ms]
[2022-06-02T04:37:04.422Z] > git cat-file -s 618ce903553570f085bca2dae80dd3641e2d5f55 [74ms]
[2022-06-02T04:37:05.666Z] > git show --textconv :app/Http/Controllers/HomeController.php [15ms]
[2022-06-02T04:37:05.672Z] > git ls-files --stage -- /var/www/html/ryan/sample/app/Http/Controllers/HomeController.php [8ms]
[2022-06-02T04:37:05.688Z] > git cat-file -s 5b72f133040556ddfd9a0348a82d35a154b60497 [10ms]
[2022-06-02T04:37:09.563Z] > git show --textconv :public/js/branch.js [15ms]
[2022-06-02T04:37:09.569Z] > git ls-files --stage -- /var/www/html/ryan/sample/public/js/branch.js [11ms]
[2022-06-02T04:37:09.585Z] > git cat-file -s 6ace0d8d58a4affb4f3ad2ce7705c3fefcc9229c [8ms]
[2022-06-02T04:37:10.369Z] > git fetch [771ms]
[2022-06-02T04:37:10.425Z] > git status -z -uall [39ms]
[2022-06-02T04:37:10.441Z] > git symbolic-ref --short HEAD [7ms]
[2022-06-02T04:37:10.461Z] > git for-each-ref --format=%(refname)%00%(upstream:short)%00%(objectname)%00%(upstream:track)%00%(upstream:remotename)%00%(upstream:remoteref) refs/heads/master refs/remotes/master [8ms]
[2022-06-02T04:37:10.493Z] > git remote --verbose [10ms]
[2022-06-02T04:37:10.493Z] > git for-each-ref --sort -committerdate --format %(refname) %(objectname) %(*objectname) [19ms]
[2022-06-02T04:37:10.518Z] > git config --get commit.template [6ms]
[2022-06-02T04:37:10.596Z] > git show --textconv :app/Http/Controllers/EmployeeController.php [12ms]
[2022-06-02T04:37:10.606Z] > git ls-files --stage -- /var/www/html/ryan/sample/app/Http/Controllers/EmployeeController.php [14ms]
[2022-06-02T04:37:10.620Z] > git cat-file -s 8b24beaaf98825021e6accaffeaeafd14981a8a7 [8ms]
[2022-06-02T04:37:11.569Z] > git ls-files --stage -- /var/www/html/ryan/sample/app/Http/Controllers/EmployeeController.php [7ms]
[2022-06-02T04:37:11.585Z] > git cat-file -s 8b24beaaf98825021e6accaffeaeafd14981a8a7 [7ms]
[2022-06-02T04:37:11.633Z] > git show --textconv :app/Http/Controllers/EmployeeController.php [5ms]
[2022-06-02T04:38:27.934Z] > git status -z -uall [9ms]
[2022-06-02T04:38:27.948Z] > git symbolic-ref --short HEAD [6ms]
[2022-06-02T04:38:27.960Z] > git for-each-ref --format=%(refname)%00%(upstream:short)%00%(objectname)%00%(upstream:track)%00%(upstream:remotename)%00%(upstream:remoteref) refs/heads/master refs/remotes/master [2ms]
[2022-06-02T04:38:27.984Z] > git for-each-ref --sort -committerdate --format %(refname) %(objectname) %(*objectname) [16ms]
[2022-06-02T04:38:27.988Z] > git remote --verbose [9ms]
[2022-06-02T04:38:28.006Z] > git config --get commit.template [5ms]
[2022-06-02T04:38:28.468Z] > git show --textconv :app/Http/Controllers/HomeController.php [15ms]
[2022-06-02T04:38:28.475Z] > git ls-files --stage -- /var/www/html/ryan/sample/app/Http/Controllers/HomeController.php [8ms]
[2022-06-02T04:38:28.490Z] > git cat-file -s 5b72f133040556ddfd9a0348a82d35a154b60497 [7ms]
[2022-06-02T04:38:33.025Z] > git status -z -uall [8ms]
[2022-06-02T04:38:33.041Z] > git symbolic-ref --short HEAD [7ms]
[2022-06-02T04:38:33.078Z] > git for-each-ref --format=%(refname)%00%(upstream:short)%00%(objectname)%00%(upstream:track)%00%(upstream:remotename)%00%(upstream:remoteref) refs/heads/master refs/remotes/master [31ms]
[2022-06-02T04:38:33.136Z] > git for-each-ref --sort -committerdate --format %(refname) %(objectname) %(*objectname) [36ms]
[2022-06-02T04:38:33.144Z] > git remote --verbose [14ms]
[2022-06-02T04:38:33.173Z] > git config --get commit.template [6ms]
[2022-06-02T04:40:11.019Z] > git fetch [494ms]
[2022-06-02T04:40:11.038Z] > git status -z -uall [10ms]
[2022-06-02T04:40:11.049Z] > git symbolic-ref --short HEAD [5ms]
[2022-06-02T04:40:11.066Z] > git for-each-ref --format=%(refname)%00%(upstream:short)%00%(objectname)%00%(upstream:track)%00%(upstream:remotename)%00%(upstream:remoteref) refs/heads/master refs/remotes/master [2ms]
[2022-06-02T04:40:11.094Z] > git for-each-ref --sort -committerdate --format %(refname) %(objectname) %(*objectname) [19ms]
[2022-06-02T04:40:11.101Z] > git remote --verbose [15ms]
[2022-06-02T04:40:11.118Z] > git config --get commit.template [7ms]
[2022-06-02T04:40:12.248Z] > git ls-files --stage -- /var/www/html/ryan/sample/app/Http/Controllers/HomeController.php [6ms]
[2022-06-02T04:40:12.258Z] > git cat-file -s 5b72f133040556ddfd9a0348a82d35a154b60497 [7ms]
[2022-06-02T04:40:12.312Z] > git show --textconv :app/Http/Controllers/HomeController.php [4ms]
