[2022-05-28 12:31:47.345] [exthost] [info] Extension host with pid 3611 started
[2022-05-28 12:31:47.391] [exthost] [error] Error: EEXIST: file already exists, open '/var/www/html/.vscode-server/data/User/workspaceStorage/da22d6ceb0d1b4cb3a1e71ee169b749f/vscode.lock'
[2022-05-28 12:31:47.413] [exthost] [info] Lock '/var/www/html/.vscode-server/data/User/workspaceStorage/da22d6ceb0d1b4cb3a1e71ee169b749f/vscode.lock': Could not acquire lock, checking if the file is stale.
[2022-05-28 12:31:47.458] [exthost] [info] Lock '/var/www/html/.vscode-server/data/User/workspaceStorage/da22d6ceb0d1b4cb3a1e71ee169b749f/vscode.lock': The lock does not look stale, elapsed: 393 ms, giving up.
[2022-05-28 12:31:47.610] [exthost] [info] ExtensionService#_doActivateExtension vscode.php-language-features, startup: false, activationEvent: 'onLanguage:php'
[2022-05-28 12:31:47.704] [exthost] [info] ExtensionService#_doActivateExtension vscode.debug-auto-launch, startup: true, activationEvent: '*'
[2022-05-28 12:31:47.776] [exthost] [info] ExtensionService#_doActivateExtension vscode.git-base, startup: true, activationEvent: '*', root cause: vscode.git
[2022-05-28 12:31:47.796] [exthost] [info] ExtensionService#_doActivateExtension vscode.ipynb, startup: true, activationEvent: '*'
[2022-05-28 12:31:47.874] [exthost] [info] ExtensionService#_doActivateExtension vscode.npm, startup: true, activationEvent: 'workspaceContains:package.json'
[2022-05-28 12:31:48.094] [exthost] [info] Lock '/var/www/html/.vscode-server/data/User/workspaceStorage/da22d6ceb0d1b4cb3a1e71ee169b749f-1/vscode.lock': Lock acquired.
[2022-05-28 12:31:48.641] [exthost] [info] ExtensionService#_doActivateExtension vscode.git, startup: true, activationEvent: '*'
[2022-05-28 12:31:48.995] [exthost] [info] ExtensionService#_doActivateExtension vscode.github, startup: true, activationEvent: '*'
[2022-05-28 12:31:50.307] [exthost] [info] ExtensionService#_doActivateExtension vscode.emmet, startup: false, activationEvent: 'onStartupFinished'
[2022-05-28 12:31:50.354] [exthost] [info] ExtensionService#_doActivateExtension vscode.merge-conflict, startup: false, activationEvent: 'onStartupFinished'
[2022-05-28 12:31:50.368] [exthost] [info] Eager extensions activated
[2022-05-28 12:34:55.457] [exthost] [info] ExtensionService#_doActivateExtension onecentlin.laravel-blade, startup: false, activationEvent: 'onLanguage:blade'
[2022-05-28 13:51:06.787] [exthost] [info] ExtensionService#_doActivateExtension vscode.typescript-language-features, startup: false, activationEvent: 'onLanguage:javascript'
[2022-05-28 21:30:00.357] [exthost] [info] Extension host terminating: renderer disconnected for too long (1)
[2022-05-28 21:30:00.411] [exthost] [info] Lock '/var/www/html/.vscode-server/data/User/workspaceStorage/da22d6ceb0d1b4cb3a1e71ee169b749f-1/vscode.lock': Marking the lockfile as scheduled to be released in 6000 ms.
[2022-05-28 21:30:00.823] [exthost] [info] Extension host with pid 3611 exiting with code 0
