[2022-06-02T00:46:06.629Z] Validating found git in: git
[2022-06-02T00:46:06.867Z] Using git 2.17.1 from git
[2022-06-02T00:46:06.969Z] > git rev-parse --show-toplevel [80ms]
[2022-06-02T00:46:06.969Z] fatal: not a git repository (or any of the parent directories): .git
[2022-06-02T00:46:07.042Z] > git rev-parse --show-toplevel [29ms]
[2022-06-02T00:46:07.042Z] fatal: not a git repository (or any of the parent directories): .git
[2022-06-02T00:46:07.139Z] > git rev-parse --show-toplevel [66ms]
[2022-06-02T00:46:07.139Z] fatal: not a git repository (or any of the parent directories): .git
[2022-06-02T00:46:07.235Z] > git rev-parse --show-toplevel [68ms]
[2022-06-02T00:46:07.235Z] fatal: not a git repository (or any of the parent directories): .git
[2022-06-02T00:46:07.297Z] > git rev-parse --show-toplevel [24ms]
[2022-06-02T00:46:07.297Z] fatal: not a git repository (or any of the parent directories): .git
[2022-06-02T00:46:07.364Z] > git rev-parse --show-toplevel [50ms]
[2022-06-02T00:46:07.364Z] fatal: not a git repository (or any of the parent directories): .git
[2022-06-02T00:46:07.397Z] > git rev-parse --show-toplevel [15ms]
[2022-06-02T00:46:07.397Z] fatal: not a git repository (or any of the parent directories): .git
[2022-06-02T00:46:07.509Z] > git rev-parse --show-toplevel [103ms]
[2022-06-02T00:46:07.509Z] fatal: not a git repository (or any of the parent directories): .git
[2022-06-02T00:46:07.563Z] > git rev-parse --show-toplevel [26ms]
[2022-06-02T00:46:07.563Z] fatal: not a git repository (or any of the parent directories): .git
[2022-06-02T00:46:07.602Z] > git rev-parse --show-toplevel [26ms]
[2022-06-02T00:46:07.602Z] fatal: not a git repository (or any of the parent directories): .git
[2022-06-02T00:46:07.706Z] > git rev-parse --show-toplevel [82ms]
[2022-06-02T00:46:07.706Z] fatal: not a git repository (or any of the parent directories): .git
[2022-06-02T00:46:07.734Z] > git rev-parse --show-toplevel [19ms]
[2022-06-02T00:46:07.734Z] fatal: not a git repository (or any of the parent directories): .git
[2022-06-02T00:46:07.749Z] > git rev-parse --show-toplevel [7ms]
[2022-06-02T00:46:07.749Z] fatal: not a git repository (or any of the parent directories): .git
[2022-06-02T00:46:07.759Z] > git rev-parse --show-toplevel [2ms]
[2022-06-02T00:46:07.759Z] fatal: not a git repository (or any of the parent directories): .git
[2022-06-02T00:46:07.825Z] > git rev-parse --show-toplevel [51ms]
[2022-06-02T00:46:07.825Z] fatal: not a git repository (or any of the parent directories): .git
[2022-06-02T00:46:07.842Z] > git rev-parse --show-toplevel [8ms]
[2022-06-02T00:46:07.842Z] fatal: not a git repository (or any of the parent directories): .git
[2022-06-02T00:46:11.733Z] > git rev-parse --show-toplevel [25ms]
[2022-06-02T00:46:11.733Z] fatal: not a git repository (or any of the parent directories): .git
[2022-06-02T00:50:13.303Z] > git rev-parse --show-toplevel [5ms]
[2022-06-02T00:50:13.304Z] fatal: not a git repository (or any of the parent directories): .git
[2022-06-02T00:50:20.142Z] > git rev-parse --show-toplevel [14ms]
[2022-06-02T00:50:20.142Z] fatal: not a git repository (or any of the parent directories): .git
[2022-06-02T00:50:20.771Z] > git rev-parse --show-toplevel [40ms]
[2022-06-02T00:50:20.771Z] fatal: not a git repository (or any of the parent directories): .git
[2022-06-02T00:50:21.816Z] > git rev-parse --show-toplevel [30ms]
[2022-06-02T00:50:21.816Z] fatal: not a git repository (or any of the parent directories): .git
[2022-06-02T00:50:24.700Z] > git rev-parse --show-toplevel [53ms]
[2022-06-02T00:50:24.700Z] fatal: not a git repository (or any of the parent directories): .git
[2022-06-02T00:50:29.170Z] > git rev-parse --show-toplevel [14ms]
[2022-06-02T00:50:29.170Z] fatal: not a git repository (or any of the parent directories): .git
[2022-06-02T00:50:44.621Z] > git rev-parse --show-toplevel [9ms]
[2022-06-02T00:50:44.621Z] fatal: not a git repository (or any of the parent directories): .git
[2022-06-02T00:50:45.455Z] > git rev-parse --show-toplevel [9ms]
[2022-06-02T00:50:45.456Z] fatal: not a git repository (or any of the parent directories): .git
[2022-06-02T00:50:46.170Z] > git rev-parse --show-toplevel [10ms]
[2022-06-02T00:50:46.170Z] fatal: not a git repository (or any of the parent directories): .git
[2022-06-02T00:51:06.400Z] > git rev-parse --show-toplevel [26ms]
[2022-06-02T00:51:06.401Z] fatal: not a git repository (or any of the parent directories): .git
[2022-06-02T01:09:17.795Z] > git rev-parse --show-toplevel [14ms]
[2022-06-02T01:09:17.795Z] fatal: not a git repository (or any of the parent directories): .git
[2022-06-02T01:09:25.733Z] > git rev-parse --show-toplevel [14ms]
[2022-06-02T01:09:25.733Z] fatal: not a git repository (or any of the parent directories): .git
[2022-06-02T01:09:26.640Z] > git rev-parse --show-toplevel [22ms]
[2022-06-02T01:09:26.641Z] fatal: not a git repository (or any of the parent directories): .git
[2022-06-02T01:09:27.262Z] > git rev-parse --show-toplevel [15ms]
[2022-06-02T01:09:27.262Z] fatal: not a git repository (or any of the parent directories): .git
[2022-06-02T01:25:15.269Z] > git rev-parse --show-toplevel [2ms]
[2022-06-02T01:25:15.269Z] fatal: not a git repository (or any of the parent directories): .git
[2022-06-02T01:36:12.783Z] > git rev-parse --show-toplevel [12ms]
[2022-06-02T01:36:12.784Z] fatal: not a git repository (or any of the parent directories): .git
[2022-06-02T01:39:10.828Z] > git rev-parse --show-toplevel [18ms]
[2022-06-02T01:39:10.829Z] fatal: not a git repository (or any of the parent directories): .git
[2022-06-02T01:39:11.538Z] > git rev-parse --show-toplevel [14ms]
[2022-06-02T01:39:11.538Z] fatal: not a git repository (or any of the parent directories): .git
[2022-06-02T01:44:59.420Z] > git rev-parse --show-toplevel [7ms]
[2022-06-02T01:44:59.421Z] fatal: not a git repository (or any of the parent directories): .git
[2022-06-02T01:45:00.128Z] > git rev-parse --show-toplevel [14ms]
[2022-06-02T01:45:00.128Z] fatal: not a git repository (or any of the parent directories): .git
[2022-06-02T01:45:01.423Z] > git rev-parse --show-toplevel [11ms]
[2022-06-02T01:45:01.423Z] fatal: not a git repository (or any of the parent directories): .git
[2022-06-02T01:47:18.617Z] > git rev-parse --show-toplevel [11ms]
[2022-06-02T01:47:18.618Z] fatal: not a git repository (or any of the parent directories): .git
[2022-06-02T01:47:19.620Z] > git rev-parse --show-toplevel [4ms]
[2022-06-02T01:47:19.620Z] fatal: not a git repository (or any of the parent directories): .git
[2022-06-02T01:47:20.167Z] > git rev-parse --show-toplevel [14ms]
[2022-06-02T01:47:20.167Z] fatal: not a git repository (or any of the parent directories): .git
[2022-06-02T01:47:24.097Z] > git rev-parse --show-toplevel [9ms]
[2022-06-02T01:47:24.097Z] fatal: not a git repository (or any of the parent directories): .git
[2022-06-02T01:47:41.206Z] > git rev-parse --show-toplevel [15ms]
[2022-06-02T01:47:41.206Z] fatal: not a git repository (or any of the parent directories): .git
[2022-06-02T01:48:52.595Z] > git rev-parse --show-toplevel [22ms]
[2022-06-02T01:48:52.595Z] fatal: not a git repository (or any of the parent directories): .git
[2022-06-02T02:01:36.555Z] > git rev-parse --show-toplevel [8ms]
[2022-06-02T02:01:36.587Z] > git rev-parse --git-dir --git-common-dir [6ms]
[2022-06-02T02:01:36.669Z] Open repository: /var/www/html/ryan/sample
[2022-06-02T02:01:36.728Z] > git status -z -uall [21ms]
[2022-06-02T02:01:36.741Z] > git symbolic-ref --short HEAD [5ms]
[2022-06-02T02:01:36.764Z] > git for-each-ref --format=%(refname)%00%(upstream:short)%00%(objectname)%00%(upstream:track)%00%(upstream:remotename)%00%(upstream:remoteref) refs/heads/master refs/remotes/master [8ms]
[2022-06-02T02:01:36.861Z] > git remote --verbose [32ms]
[2022-06-02T02:01:36.862Z] > git for-each-ref --sort -committerdate --format %(refname) %(objectname) %(*objectname) [78ms]
[2022-06-02T02:01:36.961Z] > git config --get commit.template [24ms]
[2022-06-02T02:01:37.564Z] > git check-ignore -v -z --stdin [20ms]
[2022-06-02T02:01:37.796Z] > git show --textconv :public/js/user.js [73ms]
[2022-06-02T02:01:37.797Z] > git ls-files --stage -- /var/www/html/ryan/sample/public/js/user.js [24ms]
[2022-06-02T02:02:14.796Z] > git status -z -uall [8ms]
[2022-06-02T02:02:14.813Z] > git symbolic-ref --short HEAD [7ms]
[2022-06-02T02:02:14.831Z] > git for-each-ref --format=%(refname)%00%(upstream:short)%00%(objectname)%00%(upstream:track)%00%(upstream:remotename)%00%(upstream:remoteref) refs/heads/master refs/remotes/master [3ms]
[2022-06-02T02:02:14.860Z] > git for-each-ref --sort -committerdate --format %(refname) %(objectname) %(*objectname) [15ms]
[2022-06-02T02:02:14.862Z] > git remote --verbose [7ms]
[2022-06-02T02:02:14.889Z] > git config --get commit.template [7ms]
[2022-06-02T02:02:15.203Z] > git ls-files --stage -- /var/www/html/ryan/sample/public/js/user.js [247ms]
[2022-06-02T02:02:15.223Z] > git cat-file -s 4ed7ced7cbdef25f4aa3076caaa8f120c6a52721 [9ms]
[2022-06-02T02:02:15.291Z] > git show --textconv :public/js/user.js [8ms]
[2022-06-02T02:03:32.526Z] > git check-ignore -v -z --stdin [5ms]
[2022-06-02T02:04:38.819Z] > git status -z -uall [10ms]
[2022-06-02T02:04:38.833Z] > git symbolic-ref --short HEAD [2ms]
[2022-06-02T02:04:38.847Z] > git for-each-ref --format=%(refname)%00%(upstream:short)%00%(objectname)%00%(upstream:track)%00%(upstream:remotename)%00%(upstream:remoteref) refs/heads/master refs/remotes/master [5ms]
[2022-06-02T02:04:38.867Z] > git for-each-ref --sort -committerdate --format %(refname) %(objectname) %(*objectname) [14ms]
[2022-06-02T02:04:38.869Z] > git remote --verbose [6ms]
[2022-06-02T02:04:38.894Z] > git config --get commit.template [2ms]
[2022-06-02T02:04:38.946Z] > git ls-files --stage -- /var/www/html/ryan/sample/public/js/user.js [2ms]
[2022-06-02T02:04:38.960Z] > git cat-file -s 4ed7ced7cbdef25f4aa3076caaa8f120c6a52721 [4ms]
[2022-06-02T02:04:39.292Z] > git show --textconv :public/js/user.js [8ms]
[2022-06-02T02:24:11.953Z] > git status -z -uall [17ms]
[2022-06-02T02:24:11.968Z] > git symbolic-ref --short HEAD [4ms]
[2022-06-02T02:24:11.985Z] > git for-each-ref --format=%(refname)%00%(upstream:short)%00%(objectname)%00%(upstream:track)%00%(upstream:remotename)%00%(upstream:remoteref) refs/heads/master refs/remotes/master [7ms]
[2022-06-02T02:24:12.009Z] > git for-each-ref --sort -committerdate --format %(refname) %(objectname) %(*objectname) [15ms]
[2022-06-02T02:24:12.010Z] > git remote --verbose [7ms]
[2022-06-02T02:24:12.037Z] > git config --get commit.template [8ms]
[2022-06-02T02:24:12.108Z] > git ls-files --stage -- /var/www/html/ryan/sample/public/js/user.js [11ms]
[2022-06-02T02:24:12.427Z] > git cat-file -s 4ed7ced7cbdef25f4aa3076caaa8f120c6a52721 [302ms]
[2022-06-02T02:24:12.552Z] > git show --textconv :public/js/user.js [20ms]
[2022-06-02T02:33:18.516Z] > git status -z -uall [7ms]
[2022-06-02T02:33:18.540Z] > git symbolic-ref --short HEAD [9ms]
[2022-06-02T02:33:18.570Z] > git for-each-ref --format=%(refname)%00%(upstream:short)%00%(objectname)%00%(upstream:track)%00%(upstream:remotename)%00%(upstream:remoteref) refs/heads/master refs/remotes/master [8ms]
[2022-06-02T02:33:18.601Z] > git remote --verbose [13ms]
[2022-06-02T02:33:18.601Z] > git for-each-ref --sort -committerdate --format %(refname) %(objectname) %(*objectname) [23ms]
[2022-06-02T02:33:18.655Z] > git config --get commit.template [16ms]
[2022-06-02T02:33:18.661Z] > git ls-files --stage -- /var/www/html/ryan/sample/public/js/user.js [10ms]
[2022-06-02T02:33:18.679Z] > git cat-file -s 4ed7ced7cbdef25f4aa3076caaa8f120c6a52721 [7ms]
[2022-06-02T02:33:18.736Z] > git show --textconv :public/js/user.js [7ms]
[2022-06-02T02:36:57.794Z] > git status -z -uall [19ms]
[2022-06-02T02:36:57.806Z] > git symbolic-ref --short HEAD [3ms]
[2022-06-02T02:36:57.825Z] > git for-each-ref --format=%(refname)%00%(upstream:short)%00%(objectname)%00%(upstream:track)%00%(upstream:remotename)%00%(upstream:remoteref) refs/heads/master refs/remotes/master [8ms]
[2022-06-02T02:36:57.852Z] > git for-each-ref --sort -committerdate --format %(refname) %(objectname) %(*objectname) [19ms]
[2022-06-02T02:36:57.856Z] > git remote --verbose [11ms]
[2022-06-02T02:36:57.871Z] > git config --get commit.template [3ms]
[2022-06-02T02:36:57.928Z] > git ls-files --stage -- /var/www/html/ryan/sample/public/js/user.js [2ms]
[2022-06-02T02:36:57.941Z] > git cat-file -s 4ed7ced7cbdef25f4aa3076caaa8f120c6a52721 [6ms]
[2022-06-02T02:36:57.992Z] > git show --textconv :public/js/user.js [8ms]
[2022-06-02T02:38:52.046Z] > git status -z -uall [14ms]
[2022-06-02T02:38:52.060Z] > git symbolic-ref --short HEAD [6ms]
[2022-06-02T02:38:52.072Z] > git for-each-ref --format=%(refname)%00%(upstream:short)%00%(objectname)%00%(upstream:track)%00%(upstream:remotename)%00%(upstream:remoteref) refs/heads/master refs/remotes/master [4ms]
[2022-06-02T02:38:52.093Z] > git for-each-ref --sort -committerdate --format %(refname) %(objectname) %(*objectname) [13ms]
[2022-06-02T02:38:52.112Z] > git remote --verbose [20ms]
[2022-06-02T02:38:52.138Z] > git config --get commit.template [5ms]
[2022-06-02T02:38:52.192Z] > git ls-files --stage -- /var/www/html/ryan/sample/public/js/user.js [7ms]
[2022-06-02T02:38:52.211Z] > git cat-file -s 4ed7ced7cbdef25f4aa3076caaa8f120c6a52721 [5ms]
[2022-06-02T02:38:52.260Z] > git show --textconv :public/js/user.js [6ms]
[2022-06-02T02:53:08.632Z] > git status -z -uall [21ms]
[2022-06-02T02:53:08.652Z] > git symbolic-ref --short HEAD [8ms]
[2022-06-02T02:53:08.666Z] > git for-each-ref --format=%(refname)%00%(upstream:short)%00%(objectname)%00%(upstream:track)%00%(upstream:remotename)%00%(upstream:remoteref) refs/heads/master refs/remotes/master [7ms]
[2022-06-02T02:53:08.692Z] > git for-each-ref --sort -committerdate --format %(refname) %(objectname) %(*objectname) [19ms]
[2022-06-02T02:53:08.696Z] > git remote --verbose [13ms]
[2022-06-02T02:53:08.711Z] > git config --get commit.template [2ms]
[2022-06-02T02:53:13.736Z] > git status -z -uall [10ms]
[2022-06-02T02:53:13.747Z] > git symbolic-ref --short HEAD [2ms]
[2022-06-02T02:53:13.763Z] > git for-each-ref --format=%(refname)%00%(upstream:short)%00%(objectname)%00%(upstream:track)%00%(upstream:remotename)%00%(upstream:remoteref) refs/heads/master refs/remotes/master [7ms]
[2022-06-02T02:53:13.789Z] > git for-each-ref --sort -committerdate --format %(refname) %(objectname) %(*objectname) [17ms]
[2022-06-02T02:53:13.790Z] > git remote --verbose [8ms]
[2022-06-02T02:53:13.808Z] > git config --get commit.template [6ms]
[2022-06-02T02:54:10.122Z] > git status -z -uall [9ms]
[2022-06-02T02:54:10.140Z] > git symbolic-ref --short HEAD [9ms]
[2022-06-02T02:54:10.156Z] > git for-each-ref --format=%(refname)%00%(upstream:short)%00%(objectname)%00%(upstream:track)%00%(upstream:remotename)%00%(upstream:remoteref) refs/heads/master refs/remotes/master [5ms]
[2022-06-02T02:54:10.179Z] > git for-each-ref --sort -committerdate --format %(refname) %(objectname) %(*objectname) [13ms]
[2022-06-02T02:54:10.184Z] > git remote --verbose [9ms]
[2022-06-02T02:54:10.203Z] > git config --get commit.template [2ms]
[2022-06-02T02:54:15.223Z] > git status -z -uall [8ms]
[2022-06-02T02:54:15.239Z] > git symbolic-ref --short HEAD [7ms]
[2022-06-02T02:54:15.251Z] > git for-each-ref --format=%(refname)%00%(upstream:short)%00%(objectname)%00%(upstream:track)%00%(upstream:remotename)%00%(upstream:remoteref) refs/heads/master refs/remotes/master [5ms]
[2022-06-02T02:54:15.270Z] > git for-each-ref --sort -committerdate --format %(refname) %(objectname) %(*objectname) [10ms]
[2022-06-02T02:54:15.276Z] > git remote --verbose [7ms]
[2022-06-02T02:54:15.304Z] > git config --get commit.template [7ms]
[2022-06-02T02:54:22.965Z] > git show --textconv :public/js/branch.js [26ms]
[2022-06-02T02:54:22.981Z] > git ls-files --stage -- /var/www/html/ryan/sample/public/js/branch.js [20ms]
[2022-06-02T02:54:23.028Z] > git cat-file -s 6ace0d8d58a4affb4f3ad2ce7705c3fefcc9229c [18ms]
[2022-06-02T02:57:55.028Z] > git show --textconv :app/Http/Controllers/EmployeeController.php [28ms]
[2022-06-02T02:57:55.032Z] > git ls-files --stage -- /var/www/html/ryan/sample/app/Http/Controllers/EmployeeController.php [14ms]
[2022-06-02T02:57:55.049Z] > git cat-file -s 8b24beaaf98825021e6accaffeaeafd14981a8a7 [8ms]
[2022-06-02T02:58:21.608Z] > git show --textconv :public/js/employee.js [46ms]
[2022-06-02T02:58:21.617Z] > git ls-files --stage -- /var/www/html/ryan/sample/public/js/employee.js [27ms]
[2022-06-02T02:58:21.652Z] > git cat-file -s 97ef9555baa41c99ef243cf233cfae44d8dd74b5 [14ms]
[2022-06-02T03:08:05.076Z] > git status -z -uall [63ms]
[2022-06-02T03:08:05.108Z] > git symbolic-ref --short HEAD [12ms]
[2022-06-02T03:08:05.188Z] > git for-each-ref --format=%(refname)%00%(upstream:short)%00%(objectname)%00%(upstream:track)%00%(upstream:remotename)%00%(upstream:remoteref) refs/heads/master refs/remotes/master [28ms]
[2022-06-02T03:08:05.269Z] > git remote --verbose [15ms]
[2022-06-02T03:08:05.272Z] > git for-each-ref --sort -committerdate --format %(refname) %(objectname) %(*objectname) [45ms]
[2022-06-02T03:08:05.334Z] > git config --get commit.template [12ms]
[2022-06-02T03:08:11.333Z] git.stage 1
[2022-06-02T03:08:11.365Z] git.stage.scmResources 1
[2022-06-02T03:08:11.391Z] > git add -A -- /var/www/html/ryan/sample/public/js/employee.js [13ms]
[2022-06-02T03:08:11.425Z] > git status -z -uall [21ms]
[2022-06-02T03:08:11.443Z] > git symbolic-ref --short HEAD [5ms]
[2022-06-02T03:08:11.486Z] > git for-each-ref --format=%(refname)%00%(upstream:short)%00%(objectname)%00%(upstream:track)%00%(upstream:remotename)%00%(upstream:remoteref) refs/heads/master refs/remotes/master [29ms]
[2022-06-02T03:08:11.519Z] > git for-each-ref --sort -committerdate --format %(refname) %(objectname) %(*objectname) [21ms]
[2022-06-02T03:08:11.524Z] > git remote --verbose [10ms]
[2022-06-02T03:08:11.544Z] > git config --get commit.template [5ms]
[2022-06-02T03:08:12.677Z] > git ls-files --stage -- /var/www/html/ryan/sample/public/js/employee.js [4ms]
[2022-06-02T03:08:12.693Z] > git cat-file -s 618ce903553570f085bca2dae80dd3641e2d5f55 [4ms]
[2022-06-02T03:08:12.750Z] > git show --textconv :public/js/employee.js [9ms]
[2022-06-02T03:08:28.768Z] > git -c user.useConfigOnly=true commit --quiet --allow-empty-message --file - [33ms]
[2022-06-02T03:08:28.787Z] > git status -z -uall [9ms]
[2022-06-02T03:08:28.801Z] > git symbolic-ref --short HEAD [4ms]
[2022-06-02T03:08:28.820Z] > git for-each-ref --format=%(refname)%00%(upstream:short)%00%(objectname)%00%(upstream:track)%00%(upstream:remotename)%00%(upstream:remoteref) refs/heads/master refs/remotes/master [4ms]
[2022-06-02T03:08:28.851Z] > git for-each-ref --sort -committerdate --format %(refname) %(objectname) %(*objectname) [21ms]
[2022-06-02T03:08:28.865Z] > git remote --verbose [15ms]
[2022-06-02T03:08:28.886Z] > git config --get commit.template [4ms]
[2022-06-02T03:08:28.900Z] > git config --get commit.template [4ms]
[2022-06-02T03:08:30.010Z] > git ls-files --stage -- /var/www/html/ryan/sample/public/js/employee.js [4ms]
[2022-06-02T03:08:30.025Z] > git cat-file -s 618ce903553570f085bca2dae80dd3641e2d5f55 [4ms]
[2022-06-02T03:08:30.080Z] > git show --textconv :public/js/employee.js [7ms]
[2022-06-02T03:08:35.063Z] > git log --oneline --cherry master...master@{upstream} -- [8ms]
[2022-06-02T03:08:35.647Z] > git pull --tags origin master [569ms]
[2022-06-02T03:08:35.647Z] From https://github.com/diazryan19/TMS
 * branch            master     -> FETCH_HEAD
[2022-06-02T03:08:36.893Z] > git ls-files --stage -- /var/www/html/ryan/sample/public/js/employee.js [8ms]
[2022-06-02T03:08:36.908Z] > git cat-file -s 618ce903553570f085bca2dae80dd3641e2d5f55 [6ms]
[2022-06-02T03:08:36.961Z] > git show --textconv :public/js/employee.js [7ms]
[2022-06-02T03:08:37.393Z] > git push origin master:master [1733ms]
[2022-06-02T03:08:37.393Z] To https://github.com/diazryan19/TMS.git
   66ab558..c3e7918  master -> master
[2022-06-02T03:08:37.417Z] > git status -z -uall [14ms]
[2022-06-02T03:08:37.437Z] > git symbolic-ref --short HEAD [6ms]
[2022-06-02T03:08:37.458Z] > git for-each-ref --format=%(refname)%00%(upstream:short)%00%(objectname)%00%(upstream:track)%00%(upstream:remotename)%00%(upstream:remoteref) refs/heads/master refs/remotes/master [9ms]
[2022-06-02T03:08:37.489Z] > git for-each-ref --sort -committerdate --format %(refname) %(objectname) %(*objectname) [18ms]
[2022-06-02T03:08:37.492Z] > git remote --verbose [6ms]
[2022-06-02T03:08:37.514Z] > git config --get commit.template [6ms]
[2022-06-02T03:08:38.616Z] > git status -z -uall [6ms]
[2022-06-02T03:08:38.633Z] > git symbolic-ref --short HEAD [5ms]
[2022-06-02T03:08:38.650Z] > git for-each-ref --format=%(refname)%00%(upstream:short)%00%(objectname)%00%(upstream:track)%00%(upstream:remotename)%00%(upstream:remoteref) refs/heads/master refs/remotes/master [7ms]
[2022-06-02T03:08:38.675Z] > git for-each-ref --sort -committerdate --format %(refname) %(objectname) %(*objectname) [17ms]
[2022-06-02T03:08:38.680Z] > git remote --verbose [6ms]
[2022-06-02T03:08:38.731Z] > git config --get commit.template [35ms]
[2022-06-02T03:08:38.780Z] > git ls-files --stage -- /var/www/html/ryan/sample/public/js/employee.js [5ms]
[2022-06-02T03:08:38.796Z] > git cat-file -s 618ce903553570f085bca2dae80dd3641e2d5f55 [6ms]
[2022-06-02T03:08:38.849Z] > git show --textconv :public/js/employee.js [7ms]
[2022-06-02T03:08:51.551Z] > git fetch [1065ms]
[2022-06-02T03:08:51.551Z] From https://github.com/diazryan19/TMS
 * [new branch]      main       -> origin/main
[2022-06-02T03:08:51.581Z] > git status -z -uall [17ms]
[2022-06-02T03:08:51.633Z] > git symbolic-ref --short HEAD [14ms]
[2022-06-02T03:08:51.671Z] > git for-each-ref --format=%(refname)%00%(upstream:short)%00%(objectname)%00%(upstream:track)%00%(upstream:remotename)%00%(upstream:remoteref) refs/heads/master refs/remotes/master [19ms]
[2022-06-02T03:08:51.713Z] > git for-each-ref --sort -committerdate --format %(refname) %(objectname) %(*objectname) [27ms]
[2022-06-02T03:08:51.724Z] > git remote --verbose [14ms]
[2022-06-02T03:08:51.753Z] > git config --get commit.template [4ms]
[2022-06-02T03:09:19.586Z] > git ls-files --stage -- /var/www/html/ryan/sample/public/js/employee.js [7ms]
[2022-06-02T03:09:19.608Z] > git cat-file -s 618ce903553570f085bca2dae80dd3641e2d5f55 [10ms]
[2022-06-02T03:09:19.668Z] > git show --textconv :public/js/employee.js [9ms]
[2022-06-02T03:11:52.331Z] > git fetch [560ms]
[2022-06-02T03:11:52.363Z] > git status -z -uall [19ms]
[2022-06-02T03:11:52.379Z] > git symbolic-ref --short HEAD [5ms]
[2022-06-02T03:11:52.403Z] > git for-each-ref --format=%(refname)%00%(upstream:short)%00%(objectname)%00%(upstream:track)%00%(upstream:remotename)%00%(upstream:remoteref) refs/heads/master refs/remotes/master [9ms]
[2022-06-02T03:11:52.429Z] > git for-each-ref --sort -committerdate --format %(refname) %(objectname) %(*objectname) [14ms]
[2022-06-02T03:11:52.438Z] > git remote --verbose [10ms]
[2022-06-02T03:11:52.457Z] > git config --get commit.template [6ms]
[2022-06-02T03:11:53.549Z] > git ls-files --stage -- /var/www/html/ryan/sample/public/js/employee.js [6ms]
[2022-06-02T03:11:53.565Z] > git cat-file -s 618ce903553570f085bca2dae80dd3641e2d5f55 [5ms]
[2022-06-02T03:11:53.617Z] > git show --textconv :public/js/employee.js [8ms]
[2022-06-02T03:13:51.112Z] > git status -z -uall [26ms]
[2022-06-02T03:13:51.131Z] > git symbolic-ref --short HEAD [8ms]
[2022-06-02T03:13:51.159Z] > git for-each-ref --format=%(refname)%00%(upstream:short)%00%(objectname)%00%(upstream:track)%00%(upstream:remotename)%00%(upstream:remoteref) refs/heads/master refs/remotes/master [8ms]
[2022-06-02T03:13:51.184Z] > git remote --verbose [8ms]
[2022-06-02T03:13:51.187Z] > git for-each-ref --sort -committerdate --format %(refname) %(objectname) %(*objectname) [19ms]
[2022-06-02T03:13:51.204Z] > git config --get commit.template [6ms]
[2022-06-02T03:14:53.002Z] > git fetch [532ms]
[2022-06-02T03:14:53.024Z] > git status -z -uall [11ms]
[2022-06-02T03:14:53.043Z] > git symbolic-ref --short HEAD [6ms]
[2022-06-02T03:14:53.056Z] > git for-each-ref --format=%(refname)%00%(upstream:short)%00%(objectname)%00%(upstream:track)%00%(upstream:remotename)%00%(upstream:remoteref) refs/heads/master refs/remotes/master [6ms]
[2022-06-02T03:14:53.083Z] > git for-each-ref --sort -committerdate --format %(refname) %(objectname) %(*objectname) [18ms]
[2022-06-02T03:14:53.085Z] > git remote --verbose [10ms]
[2022-06-02T03:14:53.104Z] > git config --get commit.template [5ms]
[2022-06-02T03:14:54.237Z] > git ls-files --stage -- /var/www/html/ryan/sample/public/js/employee.js [6ms]
[2022-06-02T03:14:54.250Z] > git cat-file -s 618ce903553570f085bca2dae80dd3641e2d5f55 [5ms]
[2022-06-02T03:14:54.305Z] > git show --textconv :public/js/employee.js [7ms]
[2022-06-02T03:17:25.489Z] > git show --textconv :app/Http/Controllers/HomeController.php [68ms]
[2022-06-02T03:17:25.497Z] > git ls-files --stage -- /var/www/html/ryan/sample/app/Http/Controllers/HomeController.php [40ms]
[2022-06-02T03:17:25.530Z] > git cat-file -s 5b72f133040556ddfd9a0348a82d35a154b60497 [16ms]
[2022-06-02T03:17:39.025Z] > git show --textconv :app/Http/Controllers/LeaveController.php [22ms]
[2022-06-02T03:17:39.026Z] > git ls-files --stage -- /var/www/html/ryan/sample/app/Http/Controllers/LeaveController.php [10ms]
[2022-06-02T03:17:39.043Z] > git cat-file -s 52c8c0e6146feffae750b1cb01d4dac629f57193 [7ms]
[2022-06-02T03:17:53.742Z] > git fetch [626ms]
[2022-06-02T03:17:53.782Z] > git status -z -uall [21ms]
[2022-06-02T03:17:53.801Z] > git symbolic-ref --short HEAD [11ms]
[2022-06-02T03:17:53.813Z] > git for-each-ref --format=%(refname)%00%(upstream:short)%00%(objectname)%00%(upstream:track)%00%(upstream:remotename)%00%(upstream:remoteref) refs/heads/master refs/remotes/master [6ms]
[2022-06-02T03:17:53.835Z] > git for-each-ref --sort -committerdate --format %(refname) %(objectname) %(*objectname) [11ms]
[2022-06-02T03:17:53.845Z] > git remote --verbose [12ms]
[2022-06-02T03:17:53.858Z] > git config --get commit.template [4ms]
[2022-06-02T03:17:54.811Z] > git show --textconv :app/Http/Controllers/BranchController.php [17ms]
[2022-06-02T03:17:54.818Z] > git ls-files --stage -- /var/www/html/ryan/sample/app/Http/Controllers/BranchController.php [10ms]
[2022-06-02T03:17:54.831Z] > git cat-file -s f7e3571f9b62802ec799edc7437ee5bfa7146f73 [3ms]
[2022-06-02T03:17:54.955Z] > git ls-files --stage -- /var/www/html/ryan/sample/app/Http/Controllers/BranchController.php [3ms]
[2022-06-02T03:17:54.967Z] > git cat-file -s f7e3571f9b62802ec799edc7437ee5bfa7146f73 [3ms]
[2022-06-02T03:17:55.055Z] > git show --textconv :app/Http/Controllers/BranchController.php [3ms]
[2022-06-02T03:20:54.451Z] > git fetch [579ms]
[2022-06-02T03:20:54.500Z] > git status -z -uall [33ms]
[2022-06-02T03:20:54.516Z] > git symbolic-ref --short HEAD [6ms]
[2022-06-02T03:20:54.530Z] > git for-each-ref --format=%(refname)%00%(upstream:short)%00%(objectname)%00%(upstream:track)%00%(upstream:remotename)%00%(upstream:remoteref) refs/heads/master refs/remotes/master [5ms]
[2022-06-02T03:20:54.553Z] > git for-each-ref --sort -committerdate --format %(refname) %(objectname) %(*objectname) [15ms]
[2022-06-02T03:20:54.562Z] > git remote --verbose [11ms]
[2022-06-02T03:20:54.594Z] > git config --get commit.template [9ms]
[2022-06-02T03:20:55.674Z] > git ls-files --stage -- /var/www/html/ryan/sample/app/Http/Controllers/BranchController.php [7ms]
[2022-06-02T03:20:55.693Z] > git cat-file -s f7e3571f9b62802ec799edc7437ee5bfa7146f73 [10ms]
[2022-06-02T03:20:55.744Z] > git show --textconv :app/Http/Controllers/BranchController.php [8ms]
[2022-06-02T03:23:55.080Z] > git fetch [471ms]
[2022-06-02T03:23:55.099Z] > git status -z -uall [11ms]
[2022-06-02T03:23:55.114Z] > git symbolic-ref --short HEAD [2ms]
[2022-06-02T03:23:55.128Z] > git for-each-ref --format=%(refname)%00%(upstream:short)%00%(objectname)%00%(upstream:track)%00%(upstream:remotename)%00%(upstream:remoteref) refs/heads/master refs/remotes/master [6ms]
[2022-06-02T03:23:55.153Z] > git for-each-ref --sort -committerdate --format %(refname) %(objectname) %(*objectname) [17ms]
[2022-06-02T03:23:55.155Z] > git remote --verbose [9ms]
[2022-06-02T03:23:55.173Z] > git config --get commit.template [6ms]
[2022-06-02T03:23:56.293Z] > git ls-files --stage -- /var/www/html/ryan/sample/app/Http/Controllers/BranchController.php [2ms]
[2022-06-02T03:23:56.326Z] > git cat-file -s f7e3571f9b62802ec799edc7437ee5bfa7146f73 [6ms]
[2022-06-02T03:23:56.381Z] > git show --textconv :app/Http/Controllers/BranchController.php [8ms]
[2022-06-02T03:26:55.627Z] > git fetch [420ms]
[2022-06-02T03:26:55.643Z] > git status -z -uall [3ms]
[2022-06-02T03:26:55.659Z] > git symbolic-ref --short HEAD [2ms]
[2022-06-02T03:26:55.680Z] > git for-each-ref --format=%(refname)%00%(upstream:short)%00%(objectname)%00%(upstream:track)%00%(upstream:remotename)%00%(upstream:remoteref) refs/heads/master refs/remotes/master [7ms]
[2022-06-02T03:26:55.701Z] > git for-each-ref --sort -committerdate --format %(refname) %(objectname) %(*objectname) [15ms]
[2022-06-02T03:26:55.710Z] > git remote --verbose [9ms]
[2022-06-02T03:26:55.732Z] > git config --get commit.template [6ms]
[2022-06-02T03:26:56.855Z] > git ls-files --stage -- /var/www/html/ryan/sample/app/Http/Controllers/BranchController.php [5ms]
[2022-06-02T03:26:56.865Z] > git cat-file -s f7e3571f9b62802ec799edc7437ee5bfa7146f73 [3ms]
[2022-06-02T03:26:56.921Z] > git show --textconv :app/Http/Controllers/BranchController.php [9ms]
[2022-06-02T03:29:56.236Z] > git fetch [496ms]
[2022-06-02T03:29:56.265Z] > git status -z -uall [16ms]
[2022-06-02T03:29:56.280Z] > git symbolic-ref --short HEAD [4ms]
[2022-06-02T03:29:56.296Z] > git for-each-ref --format=%(refname)%00%(upstream:short)%00%(objectname)%00%(upstream:track)%00%(upstream:remotename)%00%(upstream:remoteref) refs/heads/master refs/remotes/master [6ms]
[2022-06-02T03:29:56.317Z] > git for-each-ref --sort -committerdate --format %(refname) %(objectname) %(*objectname) [11ms]
[2022-06-02T03:29:56.325Z] > git remote --verbose [9ms]
[2022-06-02T03:29:56.341Z] > git config --get commit.template [6ms]
[2022-06-02T03:29:57.446Z] > git ls-files --stage -- /var/www/html/ryan/sample/app/Http/Controllers/BranchController.php [6ms]
[2022-06-02T03:29:57.465Z] > git cat-file -s f7e3571f9b62802ec799edc7437ee5bfa7146f73 [5ms]
[2022-06-02T03:29:57.516Z] > git show --textconv :app/Http/Controllers/BranchController.php [5ms]
[2022-06-02T03:32:56.764Z] > git fetch [412ms]
[2022-06-02T03:32:56.787Z] > git status -z -uall [7ms]
[2022-06-02T03:32:56.804Z] > git symbolic-ref --short HEAD [5ms]
[2022-06-02T03:32:56.822Z] > git for-each-ref --format=%(refname)%00%(upstream:short)%00%(objectname)%00%(upstream:track)%00%(upstream:remotename)%00%(upstream:remoteref) refs/heads/master refs/remotes/master [13ms]
[2022-06-02T03:32:56.859Z] > git for-each-ref --sort -committerdate --format %(refname) %(objectname) %(*objectname) [19ms]
[2022-06-02T03:32:56.865Z] > git remote --verbose [10ms]
[2022-06-02T03:32:56.882Z] > git config --get commit.template [2ms]
[2022-06-02T03:32:58.012Z] > git ls-files --stage -- /var/www/html/ryan/sample/app/Http/Controllers/BranchController.php [4ms]
[2022-06-02T03:32:58.027Z] > git cat-file -s f7e3571f9b62802ec799edc7437ee5bfa7146f73 [6ms]
[2022-06-02T03:32:58.075Z] > git show --textconv :app/Http/Controllers/BranchController.php [3ms]
[2022-06-02T03:33:27.629Z] > git status -z -uall [8ms]
[2022-06-02T03:33:27.646Z] > git symbolic-ref --short HEAD [7ms]
[2022-06-02T03:33:27.661Z] > git for-each-ref --format=%(refname)%00%(upstream:short)%00%(objectname)%00%(upstream:track)%00%(upstream:remotename)%00%(upstream:remoteref) refs/heads/master refs/remotes/master [7ms]
[2022-06-02T03:33:27.684Z] > git for-each-ref --sort -committerdate --format %(refname) %(objectname) %(*objectname) [13ms]
[2022-06-02T03:33:27.689Z] > git remote --verbose [9ms]
[2022-06-02T03:33:27.706Z] > git config --get commit.template [2ms]
[2022-06-02T03:35:57.286Z] > git fetch [393ms]
[2022-06-02T03:35:57.303Z] > git status -z -uall [8ms]
[2022-06-02T03:35:57.318Z] > git symbolic-ref --short HEAD [6ms]
[2022-06-02T03:35:57.336Z] > git for-each-ref --format=%(refname)%00%(upstream:short)%00%(objectname)%00%(upstream:track)%00%(upstream:remotename)%00%(upstream:remoteref) refs/heads/master refs/remotes/master [6ms]
[2022-06-02T03:35:57.356Z] > git for-each-ref --sort -committerdate --format %(refname) %(objectname) %(*objectname) [12ms]
[2022-06-02T03:35:57.358Z] > git remote --verbose [5ms]
[2022-06-02T03:35:57.378Z] > git config --get commit.template [8ms]
[2022-06-02T03:35:58.523Z] > git ls-files --stage -- /var/www/html/ryan/sample/app/Http/Controllers/BranchController.php [3ms]
[2022-06-02T03:35:58.537Z] > git cat-file -s f7e3571f9b62802ec799edc7437ee5bfa7146f73 [6ms]
[2022-06-02T03:35:58.589Z] > git show --textconv :app/Http/Controllers/BranchController.php [7ms]
[2022-06-02T03:38:57.796Z] > git fetch [408ms]
[2022-06-02T03:38:57.814Z] > git status -z -uall [6ms]
[2022-06-02T03:38:57.828Z] > git symbolic-ref --short HEAD [4ms]
[2022-06-02T03:38:57.844Z] > git for-each-ref --format=%(refname)%00%(upstream:short)%00%(objectname)%00%(upstream:track)%00%(upstream:remotename)%00%(upstream:remoteref) refs/heads/master refs/remotes/master [4ms]
[2022-06-02T03:38:57.869Z] > git for-each-ref --sort -committerdate --format %(refname) %(objectname) %(*objectname) [16ms]
[2022-06-02T03:38:57.871Z] > git remote --verbose [8ms]
[2022-06-02T03:38:57.892Z] > git config --get commit.template [8ms]
[2022-06-02T03:38:59.034Z] > git ls-files --stage -- /var/www/html/ryan/sample/app/Http/Controllers/BranchController.php [6ms]
[2022-06-02T03:38:59.048Z] > git cat-file -s f7e3571f9b62802ec799edc7437ee5bfa7146f73 [6ms]
[2022-06-02T03:38:59.100Z] > git show --textconv :app/Http/Controllers/BranchController.php [7ms]
[2022-06-02T03:41:58.334Z] > git fetch [431ms]
[2022-06-02T03:41:58.349Z] > git status -z -uall [6ms]
[2022-06-02T03:41:58.366Z] > git symbolic-ref --short HEAD [4ms]
[2022-06-02T03:41:58.383Z] > git for-each-ref --format=%(refname)%00%(upstream:short)%00%(objectname)%00%(upstream:track)%00%(upstream:remotename)%00%(upstream:remoteref) refs/heads/master refs/remotes/master [6ms]
[2022-06-02T03:41:58.407Z] > git for-each-ref --sort -committerdate --format %(refname) %(objectname) %(*objectname) [16ms]
[2022-06-02T03:41:58.413Z] > git remote --verbose [7ms]
[2022-06-02T03:41:58.432Z] > git config --get commit.template [6ms]
[2022-06-02T03:41:59.563Z] > git ls-files --stage -- /var/www/html/ryan/sample/app/Http/Controllers/BranchController.php [6ms]
[2022-06-02T03:41:59.573Z] > git cat-file -s f7e3571f9b62802ec799edc7437ee5bfa7146f73 [4ms]
[2022-06-02T03:41:59.629Z] > git show --textconv :app/Http/Controllers/BranchController.php [7ms]
[2022-06-02T03:44:58.850Z] > git fetch [409ms]
[2022-06-02T03:44:58.877Z] > git status -z -uall [10ms]
[2022-06-02T03:44:58.894Z] > git symbolic-ref --short HEAD [3ms]
[2022-06-02T03:44:58.909Z] > git for-each-ref --format=%(refname)%00%(upstream:short)%00%(objectname)%00%(upstream:track)%00%(upstream:remotename)%00%(upstream:remoteref) refs/heads/master refs/remotes/master [2ms]
[2022-06-02T03:44:58.935Z] > git for-each-ref --sort -committerdate --format %(refname) %(objectname) %(*objectname) [14ms]
[2022-06-02T03:44:58.943Z] > git remote --verbose [11ms]
[2022-06-02T03:44:58.960Z] > git config --get commit.template [4ms]
[2022-06-02T03:45:00.090Z] > git ls-files --stage -- /var/www/html/ryan/sample/app/Http/Controllers/BranchController.php [6ms]
[2022-06-02T03:45:00.104Z] > git cat-file -s f7e3571f9b62802ec799edc7437ee5bfa7146f73 [4ms]
[2022-06-02T03:45:00.160Z] > git show --textconv :app/Http/Controllers/BranchController.php [6ms]
[2022-06-02T03:47:59.372Z] > git fetch [401ms]
[2022-06-02T03:47:59.387Z] > git status -z -uall [5ms]
[2022-06-02T03:47:59.400Z] > git symbolic-ref --short HEAD [4ms]
[2022-06-02T03:47:59.416Z] > git for-each-ref --format=%(refname)%00%(upstream:short)%00%(objectname)%00%(upstream:track)%00%(upstream:remotename)%00%(upstream:remoteref) refs/heads/master refs/remotes/master [7ms]
[2022-06-02T03:47:59.433Z] > git for-each-ref --sort -committerdate --format %(refname) %(objectname) %(*objectname) [11ms]
[2022-06-02T03:47:59.437Z] > git remote --verbose [8ms]
[2022-06-02T03:47:59.456Z] > git config --get commit.template [7ms]
[2022-06-02T03:48:00.605Z] > git ls-files --stage -- /var/www/html/ryan/sample/app/Http/Controllers/BranchController.php [5ms]
[2022-06-02T03:48:00.621Z] > git cat-file -s f7e3571f9b62802ec799edc7437ee5bfa7146f73 [6ms]
[2022-06-02T03:48:00.671Z] > git show --textconv :app/Http/Controllers/BranchController.php [8ms]
[2022-06-02T03:50:59.871Z] > git fetch [405ms]
[2022-06-02T03:50:59.888Z] > git status -z -uall [8ms]
[2022-06-02T03:50:59.904Z] > git symbolic-ref --short HEAD [5ms]
[2022-06-02T03:50:59.919Z] > git for-each-ref --format=%(refname)%00%(upstream:short)%00%(objectname)%00%(upstream:track)%00%(upstream:remotename)%00%(upstream:remoteref) refs/heads/master refs/remotes/master [4ms]
[2022-06-02T03:50:59.942Z] > git for-each-ref --sort -committerdate --format %(refname) %(objectname) %(*objectname) [14ms]
[2022-06-02T03:50:59.950Z] > git remote --verbose [9ms]
[2022-06-02T03:50:59.970Z] > git config --get commit.template [10ms]
[2022-06-02T03:51:01.098Z] > git ls-files --stage -- /var/www/html/ryan/sample/app/Http/Controllers/BranchController.php [6ms]
[2022-06-02T03:51:01.116Z] > git cat-file -s f7e3571f9b62802ec799edc7437ee5bfa7146f73 [5ms]
[2022-06-02T03:51:01.169Z] > git show --textconv :app/Http/Controllers/BranchController.php [5ms]
[2022-06-02T03:54:00.402Z] > git fetch [424ms]
[2022-06-02T03:54:00.422Z] > git status -z -uall [8ms]
[2022-06-02T03:54:00.438Z] > git symbolic-ref --short HEAD [6ms]
[2022-06-02T03:54:00.452Z] > git for-each-ref --format=%(refname)%00%(upstream:short)%00%(objectname)%00%(upstream:track)%00%(upstream:remotename)%00%(upstream:remoteref) refs/heads/master refs/remotes/master [4ms]
[2022-06-02T03:54:00.473Z] > git for-each-ref --sort -committerdate --format %(refname) %(objectname) %(*objectname) [13ms]
[2022-06-02T03:54:00.475Z] > git remote --verbose [3ms]
[2022-06-02T03:54:00.499Z] > git config --get commit.template [8ms]
[2022-06-02T03:54:01.660Z] > git ls-files --stage -- /var/www/html/ryan/sample/app/Http/Controllers/BranchController.php [20ms]
[2022-06-02T03:54:01.686Z] > git cat-file -s f7e3571f9b62802ec799edc7437ee5bfa7146f73 [10ms]
[2022-06-02T03:54:01.748Z] > git show --textconv :app/Http/Controllers/BranchController.php [8ms]
[2022-06-02T03:57:00.916Z] > git fetch [407ms]
[2022-06-02T03:57:00.933Z] > git status -z -uall [7ms]
[2022-06-02T03:57:00.948Z] > git symbolic-ref --short HEAD [6ms]
[2022-06-02T03:57:00.964Z] > git for-each-ref --format=%(refname)%00%(upstream:short)%00%(objectname)%00%(upstream:track)%00%(upstream:remotename)%00%(upstream:remoteref) refs/heads/master refs/remotes/master [5ms]
[2022-06-02T03:57:00.986Z] > git for-each-ref --sort -committerdate --format %(refname) %(objectname) %(*objectname) [14ms]
[2022-06-02T03:57:00.988Z] > git remote --verbose [4ms]
[2022-06-02T03:57:01.013Z] > git config --get commit.template [12ms]
[2022-06-02T03:57:02.159Z] > git ls-files --stage -- /var/www/html/ryan/sample/app/Http/Controllers/BranchController.php [5ms]
[2022-06-02T03:57:02.177Z] > git cat-file -s f7e3571f9b62802ec799edc7437ee5bfa7146f73 [9ms]
[2022-06-02T03:57:02.229Z] > git show --textconv :app/Http/Controllers/BranchController.php [8ms]
[2022-06-02T04:00:01.480Z] > git fetch [457ms]
[2022-06-02T04:00:01.499Z] > git status -z -uall [10ms]
[2022-06-02T04:00:01.517Z] > git symbolic-ref --short HEAD [5ms]
[2022-06-02T04:00:01.537Z] > git for-each-ref --format=%(refname)%00%(upstream:short)%00%(objectname)%00%(upstream:track)%00%(upstream:remotename)%00%(upstream:remoteref) refs/heads/master refs/remotes/master [5ms]
[2022-06-02T04:00:01.570Z] > git for-each-ref --sort -committerdate --format %(refname) %(objectname) %(*objectname) [22ms]
[2022-06-02T04:00:01.575Z] > git remote --verbose [11ms]
[2022-06-02T04:00:01.594Z] > git config --get commit.template [2ms]
[2022-06-02T04:00:02.728Z] > git ls-files --stage -- /var/www/html/ryan/sample/app/Http/Controllers/BranchController.php [4ms]
[2022-06-02T04:00:02.748Z] > git cat-file -s f7e3571f9b62802ec799edc7437ee5bfa7146f73 [6ms]
[2022-06-02T04:00:02.797Z] > git show --textconv :app/Http/Controllers/BranchController.php [6ms]
[2022-06-02T04:03:02.056Z] > git fetch [450ms]
[2022-06-02T04:03:02.077Z] > git status -z -uall [11ms]
[2022-06-02T04:03:02.095Z] > git symbolic-ref --short HEAD [8ms]
[2022-06-02T04:03:02.111Z] > git for-each-ref --format=%(refname)%00%(upstream:short)%00%(objectname)%00%(upstream:track)%00%(upstream:remotename)%00%(upstream:remoteref) refs/heads/master refs/remotes/master [4ms]
[2022-06-02T04:03:02.140Z] > git for-each-ref --sort -committerdate --format %(refname) %(objectname) %(*objectname) [18ms]
[2022-06-02T04:03:02.145Z] > git remote --verbose [6ms]
[2022-06-02T04:03:02.164Z] > git config --get commit.template [5ms]
[2022-06-02T04:03:03.297Z] > git ls-files --stage -- /var/www/html/ryan/sample/app/Http/Controllers/BranchController.php [7ms]
[2022-06-02T04:03:03.310Z] > git cat-file -s f7e3571f9b62802ec799edc7437ee5bfa7146f73 [3ms]
[2022-06-02T04:03:03.365Z] > git show --textconv :app/Http/Controllers/BranchController.php [5ms]
[2022-06-02T04:06:02.587Z] > git fetch [410ms]
[2022-06-02T04:06:02.603Z] > git status -z -uall [8ms]
[2022-06-02T04:06:02.621Z] > git symbolic-ref --short HEAD [6ms]
[2022-06-02T04:06:02.637Z] > git for-each-ref --format=%(refname)%00%(upstream:short)%00%(objectname)%00%(upstream:track)%00%(upstream:remotename)%00%(upstream:remoteref) refs/heads/master refs/remotes/master [5ms]
[2022-06-02T04:06:02.661Z] > git for-each-ref --sort -committerdate --format %(refname) %(objectname) %(*objectname) [16ms]
[2022-06-02T04:06:02.672Z] > git remote --verbose [12ms]
[2022-06-02T04:06:02.708Z] > git config --get commit.template [2ms]
[2022-06-02T04:06:02.825Z] > git status -z -uall [9ms]
[2022-06-02T04:06:02.840Z] > git symbolic-ref --short HEAD [4ms]
[2022-06-02T04:06:02.862Z] > git for-each-ref --format=%(refname)%00%(upstream:short)%00%(objectname)%00%(upstream:track)%00%(upstream:remotename)%00%(upstream:remoteref) refs/heads/master refs/remotes/master [9ms]
[2022-06-02T04:06:02.890Z] > git for-each-ref --sort -committerdate --format %(refname) %(objectname) %(*objectname) [18ms]
[2022-06-02T04:06:02.895Z] > git remote --verbose [8ms]
[2022-06-02T04:06:02.914Z] > git config --get commit.template [4ms]
[2022-06-02T04:06:03.816Z] > git ls-files --stage -- /var/www/html/ryan/sample/app/Http/Controllers/BranchController.php [5ms]
[2022-06-02T04:06:03.833Z] > git cat-file -s f7e3571f9b62802ec799edc7437ee5bfa7146f73 [7ms]
[2022-06-02T04:06:03.885Z] > git show --textconv :app/Http/Controllers/BranchController.php [5ms]
[2022-06-02T04:09:03.175Z] > git fetch [449ms]
[2022-06-02T04:09:03.192Z] > git status -z -uall [8ms]
[2022-06-02T04:09:03.209Z] > git symbolic-ref --short HEAD [5ms]
[2022-06-02T04:09:03.225Z] > git for-each-ref --format=%(refname)%00%(upstream:short)%00%(objectname)%00%(upstream:track)%00%(upstream:remotename)%00%(upstream:remoteref) refs/heads/master refs/remotes/master [2ms]
[2022-06-02T04:09:03.253Z] > git for-each-ref --sort -committerdate --format %(refname) %(objectname) %(*objectname) [15ms]
[2022-06-02T04:09:03.260Z] > git remote --verbose [8ms]
[2022-06-02T04:09:03.285Z] > git config --get commit.template [11ms]
[2022-06-02T04:09:04.430Z] > git ls-files --stage -- /var/www/html/ryan/sample/app/Http/Controllers/BranchController.php [6ms]
[2022-06-02T04:09:04.447Z] > git cat-file -s f7e3571f9b62802ec799edc7437ee5bfa7146f73 [6ms]
[2022-06-02T04:09:04.501Z] > git show --textconv :app/Http/Controllers/BranchController.php [8ms]
[2022-06-02T04:12:03.744Z] > git fetch [448ms]
[2022-06-02T04:12:03.764Z] > git status -z -uall [9ms]
[2022-06-02T04:12:03.782Z] > git symbolic-ref --short HEAD [5ms]
[2022-06-02T04:12:03.803Z] > git for-each-ref --format=%(refname)%00%(upstream:short)%00%(objectname)%00%(upstream:track)%00%(upstream:remotename)%00%(upstream:remoteref) refs/heads/master refs/remotes/master [8ms]
[2022-06-02T04:12:03.829Z] > git for-each-ref --sort -committerdate --format %(refname) %(objectname) %(*objectname) [16ms]
[2022-06-02T04:12:03.841Z] > git remote --verbose [13ms]
[2022-06-02T04:12:03.860Z] > git config --get commit.template [6ms]
[2022-06-02T04:12:04.986Z] > git ls-files --stage -- /var/www/html/ryan/sample/app/Http/Controllers/BranchController.php [5ms]
[2022-06-02T04:12:05.000Z] > git cat-file -s f7e3571f9b62802ec799edc7437ee5bfa7146f73 [6ms]
[2022-06-02T04:12:05.052Z] > git show --textconv :app/Http/Controllers/BranchController.php [9ms]
[2022-06-02T04:15:04.288Z] > git fetch [416ms]
[2022-06-02T04:15:04.306Z] > git status -z -uall [8ms]
[2022-06-02T04:15:04.319Z] > git symbolic-ref --short HEAD [2ms]
[2022-06-02T04:15:04.335Z] > git for-each-ref --format=%(refname)%00%(upstream:short)%00%(objectname)%00%(upstream:track)%00%(upstream:remotename)%00%(upstream:remoteref) refs/heads/master refs/remotes/master [2ms]
[2022-06-02T04:15:04.363Z] > git for-each-ref --sort -committerdate --format %(refname) %(objectname) %(*objectname) [17ms]
[2022-06-02T04:15:04.370Z] > git remote --verbose [9ms]
[2022-06-02T04:15:04.388Z] > git config --get commit.template [2ms]
[2022-06-02T04:15:05.518Z] > git ls-files --stage -- /var/www/html/ryan/sample/app/Http/Controllers/BranchController.php [2ms]
[2022-06-02T04:15:05.534Z] > git cat-file -s f7e3571f9b62802ec799edc7437ee5bfa7146f73 [2ms]
[2022-06-02T04:15:05.594Z] > git show --textconv :app/Http/Controllers/BranchController.php [9ms]
[2022-06-02T04:18:04.815Z] > git fetch [412ms]
[2022-06-02T04:18:04.839Z] > git status -z -uall [13ms]
[2022-06-02T04:18:04.858Z] > git symbolic-ref --short HEAD [6ms]
[2022-06-02T04:18:04.873Z] > git for-each-ref --format=%(refname)%00%(upstream:short)%00%(objectname)%00%(upstream:track)%00%(upstream:remotename)%00%(upstream:remoteref) refs/heads/master refs/remotes/master [6ms]
[2022-06-02T04:18:04.896Z] > git for-each-ref --sort -committerdate --format %(refname) %(objectname) %(*objectname) [14ms]
[2022-06-02T04:18:04.904Z] > git remote --verbose [8ms]
[2022-06-02T04:18:04.932Z] > git config --get commit.template [7ms]
[2022-06-02T04:18:06.050Z] > git ls-files --stage -- /var/www/html/ryan/sample/app/Http/Controllers/BranchController.php [6ms]
[2022-06-02T04:18:06.066Z] > git cat-file -s f7e3571f9b62802ec799edc7437ee5bfa7146f73 [8ms]
[2022-06-02T04:18:06.115Z] > git show --textconv :app/Http/Controllers/BranchController.php [7ms]
